#
# A fatal error has been detected by the Java Runtime Environment:
#
#  EXCEPTION_ACCESS_VIOLATION (0xc0000005) at pc=0x0000000069ac29bf, pid=18852, tid=10440
#
# JRE version: Java(TM) SE Runtime Environment (17.0.1+12) (build 17.0.1+12-LTS-39)
# Java VM: Java HotSpot(TM) 64-Bit Server VM (17.0.1+12-LTS-39, mixed mode, sharing, tiered, compressed oops, compressed class ptrs, g1 gc, windows-amd64)
# Problematic frame:
# C  [jansi-2.4.0-7a97a6b97768df5d-jansi.dll+0x29bf]
#
# No core dump will be written. Minidumps are not enabled by default on client versions of Windows
#
# If you would like to submit a bug report, please visit:
#   https://bugreport.java.com/bugreport/crash.jsp
# The crash happened outside the Java Virtual Machine in native code.
# See problematic frame for where to report the bug.
#

---------------  S U M M A R Y ------------

Command Line: C:\Users\szymo\IdeaProjects\thewall\lwjgl-edu-1.0-SNAPSHOT-shaded.jar

Host: Intel(R) Core(TM) i7-7700HQ CPU @ 2.80GHz, 8 cores, 15G,  Windows 10 , 64 bit Build 19041 (10.0.19041.1348)
Time: Sat Nov 20 11:57:02 2021  Windows 10 , 64 bit Build 19041 (10.0.19041.1348) elapsed time: 1.615830 seconds (0d 0h 0m 1s)

---------------  T H R E A D  ---------------

Current thread (0x000001fd23e4b220):  JavaThread "main" [_thread_in_native, id=10440, stack(0x0000006718900000,0x0000006718a00000)]

Stack: [0x0000006718900000,0x0000006718a00000],  sp=0x00000067189fefa0,  free space=1019k
Native frames: (J=compiled Java code, j=interpreted, Vv=VM code, C=native code)
C  [jansi-2.4.0-7a97a6b97768df5d-jansi.dll+0x29bf]

Java frames: (J=compiled Java code, j=interpreted, Vv=VM code)
j  org.fusesource.jansi.internal.CLibrary.isatty(I)I+0
j  org.fusesource.jansi.AnsiConsole.ansiStream(Z)Lorg/fusesource/jansi/AnsiPrintStream;+62
j  org.fusesource.jansi.AnsiConsole.initStreams()V+7
j  org.fusesource.jansi.AnsiConsole.systemInstall()V+15
j  thewall.engine.twilight.TwilightApp.init()V+26
j  thewall.game.thewall.Game.main([Ljava/lang/String;)V+4
v  ~StubRoutines::call_stub

siginfo: EXCEPTION_ACCESS_VIOLATION (0xc0000005), writing address 0x0000000000000000


Register to memory mapping:

RIP=0x0000000069ac29bf jansi-2.4.0-7a97a6b97768df5d-jansi.dll
RAX=0x0 is NULL
RBX={method} {0x000001fd48e98db8} 'isatty' '(I)I' in 'org/fusesource/jansi/internal/CLibrary'
RCX=0x0 is NULL
RDX=0x0000000069ac6362 jansi-2.4.0-7a97a6b97768df5d-jansi.dll
RSP=0x00000067189fefa0 is pointing into the stack for thread: 0x000001fd23e4b220
RBP=0x00000067189ff468 is pointing into the stack for thread: 0x000001fd23e4b220
RSI=0x000001fd46e8f270 is pointing into metadata
RDI=0x0000000000000210 is an unknown value
R8 =0x00000067189fef98 is pointing into the stack for thread: 0x000001fd23e4b220
R9 =0x00000067189ff468 is pointing into the stack for thread: 0x000001fd23e4b220
R10=0x0 is NULL
R11=0x0000000000000246 is an unknown value
R12=0x0 is NULL
R13={method} {0x000001fd48e98db8} 'isatty' '(I)I' in 'org/fusesource/jansi/internal/CLibrary'
R14=0x00000067189ff488 is pointing into the stack for thread: 0x000001fd23e4b220
R15=0x000001fd23e4b220 is a thread


Registers:
RAX=0x0000000000000000, RBX=0x000001fd48e98db0, RCX=0x0000000000000000, RDX=0x0000000069ac6362
RSP=0x00000067189fefa0, RBP=0x00000067189ff468, RSI=0x000001fd46e8f270, RDI=0x0000000000000210
R8 =0x00000067189fef98, R9 =0x00000067189ff468, R10=0x0000000000000000, R11=0x0000000000000246
R12=0x0000000000000000, R13=0x000001fd48e98db0, R14=0x00000067189ff488, R15=0x000001fd23e4b220
RIP=0x0000000069ac29bf, EFLAGS=0x0000000000010246

Top of Stack: (sp=0x00000067189fefa0)
0x00000067189fefa0:   000001fd48e98db0 00007ffbc778cf60
0x00000067189fefb0:   00000067189ff468 000001fd46e8f270
0x00000067189fefc0:   00000067189fefdc 00007ffba4e70278
0x00000067189fefd0:   00000067189ff1f0 00000010a4da0000
0x00000067189fefe0:   0000000000000000 0000000000000000
0x00000067189feff0:   00000000ffffffff 00007ffba534f0a0
0x00000067189ff000:   00000067189ff2f0 000001fd2b66af76
0x00000067189ff010:   000001fd48e98db0 000001fd23e4b220
0x00000067189ff020:   00000067189ff1f0 00007ffba511a1a3
0x00000067189ff030:   00000067189ff2f0 0000000000000400
0x00000067189ff040:   00000000ffffffff 00007ffba50e6f04
0x00000067189ff050:   000001fd48e98db0 000001fd23e4b220
0x00000067189ff060:   00007ffba55db160 0000000000000000
0x00000067189ff070:   0000006700000007 000001fd2b66af76
0x00000067189ff080:   000001fd48e98db0 000001fd23e46200
0x00000067189ff090:   000001fd2b66af76 00007ffba53e1528 

Instructions: (pc=0x0000000069ac29bf)
0x0000000069ac28bf:   e1 49 89 c5 49 8b 04 24 48 8b 54 24 68 4c 89 6c
0x0000000069ac28cf:   24 20 ff 90 e0 06 00 00 4c 89 e8 66 41 c7 44 1d
0x0000000069ac28df:   fe 00 00 48 83 c4 40 5b 41 5c 41 5d c3 90 90 90
0x0000000069ac28ef:   90 41 54 48 81 ec 40 04 00 00 44 89 c1 ff 15 ea
0x0000000069ac28ff:   89 00 00 49 89 c4 48 89 c1 ff 15 16 89 00 00 83
0x0000000069ac290f:   f8 02 75 15 48 8d 54 24 40 4c 89 e1 ff 15 eb 88
0x0000000069ac291f:   00 00 85 c0 e9 ba 00 00 00 48 83 3d f0 66 00 00
0x0000000069ac292f:   00 75 14 48 8d 0d 07 3a 00 00 ff 15 1d 89 00 00
0x0000000069ac293f:   48 89 05 da 66 00 00 48 8b 0d d3 66 00 00 48 85
0x0000000069ac294f:   c9 75 07 31 c0 e9 aa 00 00 00 48 83 3d c7 66 00
0x0000000069ac295f:   00 00 75 14 48 8d 15 ea 39 00 00 ff 15 cc 88 00
0x0000000069ac296f:   00 48 89 05 b1 66 00 00 48 8b 05 aa 66 00 00 48
0x0000000069ac297f:   85 c0 74 cf 48 8d 54 24 3c 41 b9 fe 03 00 00 4c
0x0000000069ac298f:   8d 44 24 40 4c 89 e1 48 89 54 24 20 ba 01 00 00
0x0000000069ac299f:   00 ff d0 85 c0 75 ac 8b 44 24 40 4c 8b 64 24 48
0x0000000069ac29af:   48 8d 15 ac 39 00 00 66 d1 e8 4c 89 e1 0f b7 c0
0x0000000069ac29bf:   66 41 c7 04 44 00 00 e8 15 20 00 00 48 85 c0 74
0x0000000069ac29cf:   1a 48 8d 15 97 39 00 00 4c 89 e1 e8 01 20 00 00
0x0000000069ac29df:   48 85 c0 0f 95 c0 0f b6 c0 eb 19 48 8d 15 87 39
0x0000000069ac29ef:   00 00 4c 89 e1 e8 e7 1f 00 00 48 85 c0 75 d2 e9
0x0000000069ac29ff:   4f ff ff ff 48 81 c4 40 04 00 00 41 5c c3 90 90
0x0000000069ac2a0f:   90 41 54 48 83 ec 20 83 3d e3 67 00 00 00 49 89
0x0000000069ac2a1f:   cc 75 6b 48 8b 01 ff 90 f8 00 00 00 4c 8d 0d 5e
0x0000000069ac2a2f:   39 00 00 4c 8d 05 59 39 00 00 4c 89 e1 48 89 c2
0x0000000069ac2a3f:   48 89 05 c2 67 00 00 49 8b 04 24 ff 90 f0 02 00
0x0000000069ac2a4f:   00 48 8b 15 b1 67 00 00 4c 8d 0d 3f 39 00 00 4c
0x0000000069ac2a5f:   89 e1 48 89 05 a8 67 00 00 49 8b 04 24 4c 8d 05
0x0000000069ac2a6f:   2c 39 00 00 ff 90 f0 02 00 00 48 89 05 98 67 00
0x0000000069ac2a7f:   00 0f ae f0 c7 05 73 67 00 00 01 00 00 00 48 83
0x0000000069ac2a8f:   c4 20 41 5c c3 41 56 41 55 41 54 48 83 ec 20 83
0x0000000069ac2a9f:   3d 5b 67 00 00 00 49 89 cc 49 89 d6 4d 89 c5 75
0x0000000069ac2aaf:   05 e8 5b ff ff ff 49 8b 04 24 4c 89 f2 4c 89 e1 


Stack slot to memory mapping:
stack at sp + 0 slots: {method} {0x000001fd48e98db8} 'isatty' '(I)I' in 'org/fusesource/jansi/internal/CLibrary'
stack at sp + 1 slots: 0x00007ffbc778cf60 ntdll.dll
stack at sp + 2 slots: 0x00000067189ff468 is pointing into the stack for thread: 0x000001fd23e4b220
stack at sp + 3 slots: 0x000001fd46e8f270 is pointing into metadata
stack at sp + 4 slots: 0x00000067189fefdc is pointing into the stack for thread: 0x000001fd23e4b220
stack at sp + 5 slots: 0x00007ffba4e70278 jvm.dll
stack at sp + 6 slots: 0x00000067189ff1f0 is pointing into the stack for thread: 0x000001fd23e4b220
stack at sp + 7 slots: 0x00000010a4da0000 is an unknown value


---------------  P R O C E S S  ---------------

Threads class SMR info:
_java_thread_list=0x000001fd47e693b0, length=19, elements={
0x000001fd23e4b220, 0x000001fd46ad4970, 0x000001fd46ad8710, 0x000001fd46aeb880,
0x000001fd46aed350, 0x000001fd46aefd20, 0x000001fd46af25f0, 0x000001fd46af76f0,
0x000001fd46afa0c0, 0x000001fd46afc5e0, 0x000001fd476191a0, 0x000001fd4761faa0,
0x000001fd476a61a0, 0x000001fd47d6ee00, 0x000001fd47d89d20, 0x000001fd47d8d4d0,
0x000001fd47d90460, 0x000001fd47dba870, 0x000001fd480c0ce0
}

Java Threads: ( => current thread )
=>0x000001fd23e4b220 JavaThread "main" [_thread_in_native, id=10440, stack(0x0000006718900000,0x0000006718a00000)]
  0x000001fd46ad4970 JavaThread "Reference Handler" daemon [_thread_blocked, id=5936, stack(0x0000006719000000,0x0000006719100000)]
  0x000001fd46ad8710 JavaThread "Finalizer" daemon [_thread_blocked, id=9460, stack(0x0000006719100000,0x0000006719200000)]
  0x000001fd46aeb880 JavaThread "Signal Dispatcher" daemon [_thread_blocked, id=11488, stack(0x0000006719200000,0x0000006719300000)]
  0x000001fd46aed350 JavaThread "Attach Listener" daemon [_thread_blocked, id=16616, stack(0x0000006719300000,0x0000006719400000)]
  0x000001fd46aefd20 JavaThread "Service Thread" daemon [_thread_blocked, id=18272, stack(0x0000006719400000,0x0000006719500000)]
  0x000001fd46af25f0 JavaThread "Monitor Deflation Thread" daemon [_thread_blocked, id=12808, stack(0x0000006719500000,0x0000006719600000)]
  0x000001fd46af76f0 JavaThread "C2 CompilerThread0" daemon [_thread_blocked, id=13224, stack(0x0000006719600000,0x0000006719700000)]
  0x000001fd46afa0c0 JavaThread "C1 CompilerThread0" daemon [_thread_blocked, id=1660, stack(0x0000006719700000,0x0000006719800000)]
  0x000001fd46afc5e0 JavaThread "Sweeper thread" daemon [_thread_blocked, id=14192, stack(0x0000006719800000,0x0000006719900000)]
  0x000001fd476191a0 JavaThread "Notification Thread" daemon [_thread_blocked, id=17168, stack(0x0000006719900000,0x0000006719a00000)]
  0x000001fd4761faa0 JavaThread "Common-Cleaner" daemon [_thread_blocked, id=13160, stack(0x0000006719b00000,0x0000006719c00000)]
  0x000001fd476a61a0 JavaThread "C2 CompilerThread1" daemon [_thread_in_native, id=14544, stack(0x0000006719c00000,0x0000006719d00000)]
  0x000001fd47d6ee00 JavaThread "C2 CompilerThread2" daemon [_thread_blocked, id=3292, stack(0x000000671a300000,0x000000671a400000)]
  0x000001fd47d89d20 JavaThread "Java2D Disposer" daemon [_thread_blocked, id=19104, stack(0x000000671a400000,0x000000671a500000)]
  0x000001fd47d8d4d0 JavaThread "AWT-Shutdown" [_thread_blocked, id=11212, stack(0x000000671a500000,0x000000671a600000)]
  0x000001fd47d90460 JavaThread "AWT-Windows" daemon [_thread_in_native, id=16104, stack(0x000000671a600000,0x000000671a700000)]
  0x000001fd47dba870 JavaThread "AWT-EventQueue-0" [_thread_blocked, id=17984, stack(0x000000671a700000,0x000000671a800000)]
  0x000001fd480c0ce0 JavaThread "twilight-thread-1" [_thread_blocked, id=13204, stack(0x000000671a800000,0x000000671a900000)]

Other Threads:
  0x000001fd46acca20 VMThread "VM Thread" [stack: 0x0000006718f00000,0x0000006719000000] [id=3348]
  0x000001fd23eb4020 WatcherThread [stack: 0x0000006719a00000,0x0000006719b00000] [id=14808]
  0x000001fd23e99cf0 GCTaskThread "GC Thread#0" [stack: 0x0000006718a00000,0x0000006718b00000] [id=2012]
  0x000001fd47df7780 GCTaskThread "GC Thread#1" [stack: 0x0000006719d00000,0x0000006719e00000] [id=3100]
  0x000001fd47ad58d0 GCTaskThread "GC Thread#2" [stack: 0x0000006719e00000,0x0000006719f00000] [id=6696]
  0x000001fd47ad5b80 GCTaskThread "GC Thread#3" [stack: 0x0000006719f00000,0x000000671a000000] [id=12228]
  0x000001fd47722010 GCTaskThread "GC Thread#4" [stack: 0x000000671a000000,0x000000671a100000] [id=16940]
  0x000001fd477222c0 GCTaskThread "GC Thread#5" [stack: 0x000000671a100000,0x000000671a200000] [id=9060]
  0x000001fd47d79c00 GCTaskThread "GC Thread#6" [stack: 0x000000671a200000,0x000000671a300000] [id=13216]
  0x000001fd4804f300 GCTaskThread "GC Thread#7" [stack: 0x000000671a900000,0x000000671aa00000] [id=11312]
  0x000001fd23eac9b0 ConcurrentGCThread "G1 Main Marker" [stack: 0x0000006718b00000,0x0000006718c00000] [id=7992]
  0x000001fd23eada70 ConcurrentGCThread "G1 Conc#0" [stack: 0x0000006718c00000,0x0000006718d00000] [id=3144]
  0x000001fd469920c0 ConcurrentGCThread "G1 Refine#0" [stack: 0x0000006718d00000,0x0000006718e00000] [id=5220]
  0x000001fd469929f0 ConcurrentGCThread "G1 Service" [stack: 0x0000006718e00000,0x0000006718f00000] [id=19736]

Threads with active compile tasks:
C2 CompilerThread1     1659 1988 % !   4       thewall.engine.twilight.models.obj.thinmatrix.OBJFileLoader::loadOBJ @ 316 (512 bytes)

VM state: not at safepoint (normal execution)

VM Mutex/Monitor currently owned by a thread: None

Heap address: 0x0000000701c00000, size: 4068 MB, Compressed Oops mode: Zero based, Oop shift amount: 3

CDS archive(s) mapped at: [0x0000000800000000-0x0000000800bc0000-0x0000000800bc0000), size 12320768, SharedBaseAddress: 0x0000000800000000, ArchiveRelocationMode: 0.
Compressed class space mapped at: 0x0000000800c00000-0x0000000840c00000, reserved size: 1073741824
Narrow klass base: 0x0000000800000000, Narrow klass shift: 0, Narrow klass range: 0x100000000

GC Precious Log:
 CPUs: 8 total, 8 available
 Memory: 16268M
 Large Page Support: Disabled
 NUMA Support: Disabled
 Compressed Oops: Enabled (Zero based)
 Heap Region Size: 2M
 Heap Min Capacity: 8M
 Heap Initial Capacity: 256M
 Heap Max Capacity: 4068M
 Pre-touch: Disabled
 Parallel Workers: 8
 Concurrent Workers: 2
 Concurrent Refinement Workers: 8
 Periodic GC: Disabled

Heap:
 garbage-first heap   total 262144K, used 168937K [0x0000000701c00000, 0x0000000800000000)
  region size 2048K, 76 young (155648K), 3 survivors (6144K)
 Metaspace       used 16482K, committed 16704K, reserved 1064960K
  class space    used 1846K, committed 1984K, reserved 1048576K

Heap Regions: E=young(eden), S=young(survivor), O=old, HS=humongous(starts), HC=humongous(continues), CS=collection set, F=free, OA=open archive, CA=closed archive, TAMS=top-at-mark-start (previous, next)
|   0|0x0000000701c00000, 0x0000000701e00000, 0x0000000701e00000|100%|HS|  |TAMS 0x0000000701c00000, 0x0000000701c00000| Complete 
|   1|0x0000000701e00000, 0x0000000702000000, 0x0000000702000000|100%|HS|  |TAMS 0x0000000701e00000, 0x0000000701e00000| Complete 
|   2|0x0000000702000000, 0x0000000702000000, 0x0000000702200000|  0%| F|  |TAMS 0x0000000702000000, 0x0000000702000000| Untracked 
|   3|0x0000000702200000, 0x0000000702200000, 0x0000000702400000|  0%| F|  |TAMS 0x0000000702200000, 0x0000000702200000| Untracked 
|   4|0x0000000702400000, 0x0000000702400000, 0x0000000702600000|  0%| F|  |TAMS 0x0000000702400000, 0x0000000702400000| Untracked 
|   5|0x0000000702600000, 0x0000000702600000, 0x0000000702800000|  0%| F|  |TAMS 0x0000000702600000, 0x0000000702600000| Untracked 
|   6|0x0000000702800000, 0x0000000702800000, 0x0000000702a00000|  0%| F|  |TAMS 0x0000000702800000, 0x0000000702800000| Untracked 
|   7|0x0000000702a00000, 0x0000000702c00000, 0x0000000702c00000|100%|HS|  |TAMS 0x0000000702a00000, 0x0000000702a00000| Complete 
|   8|0x0000000702c00000, 0x0000000702e00000, 0x0000000702e00000|100%|HC|  |TAMS 0x0000000702c00000, 0x0000000702c00000| Complete 
|   9|0x0000000702e00000, 0x0000000703000000, 0x0000000703000000|100%|HC|  |TAMS 0x0000000702e00000, 0x0000000702e00000| Complete 
|  10|0x0000000703000000, 0x0000000703200000, 0x0000000703200000|100%|HC|  |TAMS 0x0000000703000000, 0x0000000703000000| Complete 
|  11|0x0000000703200000, 0x0000000703400000, 0x0000000703400000|100%|HC|  |TAMS 0x0000000703200000, 0x0000000703200000| Complete 
|  12|0x0000000703400000, 0x0000000703600000, 0x0000000703600000|100%|HC|  |TAMS 0x0000000703400000, 0x0000000703400000| Complete 
|  13|0x0000000703600000, 0x0000000703800000, 0x0000000703800000|100%|HS|  |TAMS 0x0000000703600000, 0x0000000703600000| Complete 
|  14|0x0000000703800000, 0x0000000703800000, 0x0000000703a00000|  0%| F|  |TAMS 0x0000000703800000, 0x0000000703800000| Untracked 
|  15|0x0000000703a00000, 0x0000000703a00000, 0x0000000703c00000|  0%| F|  |TAMS 0x0000000703a00000, 0x0000000703a00000| Untracked 
|  16|0x0000000703c00000, 0x0000000703c00000, 0x0000000703e00000|  0%| F|  |TAMS 0x0000000703c00000, 0x0000000703c00000| Untracked 
|  17|0x0000000703e00000, 0x0000000703e00000, 0x0000000704000000|  0%| F|  |TAMS 0x0000000703e00000, 0x0000000703e00000| Untracked 
|  18|0x0000000704000000, 0x0000000704000000, 0x0000000704200000|  0%| F|  |TAMS 0x0000000704000000, 0x0000000704000000| Untracked 
|  19|0x0000000704200000, 0x0000000704200000, 0x0000000704400000|  0%| F|  |TAMS 0x0000000704200000, 0x0000000704200000| Untracked 
|  20|0x0000000704400000, 0x0000000704400000, 0x0000000704600000|  0%| F|  |TAMS 0x0000000704400000, 0x0000000704400000| Untracked 
|  21|0x0000000704600000, 0x0000000704600000, 0x0000000704800000|  0%| F|  |TAMS 0x0000000704600000, 0x0000000704600000| Untracked 
|  22|0x0000000704800000, 0x0000000704800000, 0x0000000704a00000|  0%| F|  |TAMS 0x0000000704800000, 0x0000000704800000| Untracked 
|  23|0x0000000704a00000, 0x0000000704a00000, 0x0000000704c00000|  0%| F|  |TAMS 0x0000000704a00000, 0x0000000704a00000| Untracked 
|  24|0x0000000704c00000, 0x0000000704c00000, 0x0000000704e00000|  0%| F|  |TAMS 0x0000000704c00000, 0x0000000704c00000| Untracked 
|  25|0x0000000704e00000, 0x0000000704e00000, 0x0000000705000000|  0%| F|  |TAMS 0x0000000704e00000, 0x0000000704e00000| Untracked 
|  26|0x0000000705000000, 0x0000000705000000, 0x0000000705200000|  0%| F|  |TAMS 0x0000000705000000, 0x0000000705000000| Untracked 
|  27|0x0000000705200000, 0x0000000705200000, 0x0000000705400000|  0%| F|  |TAMS 0x0000000705200000, 0x0000000705200000| Untracked 
|  28|0x0000000705400000, 0x0000000705400000, 0x0000000705600000|  0%| F|  |TAMS 0x0000000705400000, 0x0000000705400000| Untracked 
|  29|0x0000000705600000, 0x0000000705600000, 0x0000000705800000|  0%| F|  |TAMS 0x0000000705600000, 0x0000000705600000| Untracked 
|  30|0x0000000705800000, 0x0000000705800000, 0x0000000705a00000|  0%| F|  |TAMS 0x0000000705800000, 0x0000000705800000| Untracked 
|  31|0x0000000705a00000, 0x0000000705a00000, 0x0000000705c00000|  0%| F|  |TAMS 0x0000000705a00000, 0x0000000705a00000| Untracked 
|  32|0x0000000705c00000, 0x0000000705c00000, 0x0000000705e00000|  0%| F|  |TAMS 0x0000000705c00000, 0x0000000705c00000| Untracked 
|  33|0x0000000705e00000, 0x0000000705e00000, 0x0000000706000000|  0%| F|  |TAMS 0x0000000705e00000, 0x0000000705e00000| Untracked 
|  34|0x0000000706000000, 0x0000000706000000, 0x0000000706200000|  0%| F|  |TAMS 0x0000000706000000, 0x0000000706000000| Untracked 
|  35|0x0000000706200000, 0x0000000706200000, 0x0000000706400000|  0%| F|  |TAMS 0x0000000706200000, 0x0000000706200000| Untracked 
|  36|0x0000000706400000, 0x0000000706400000, 0x0000000706600000|  0%| F|  |TAMS 0x0000000706400000, 0x0000000706400000| Untracked 
|  37|0x0000000706600000, 0x0000000706600000, 0x0000000706800000|  0%| F|  |TAMS 0x0000000706600000, 0x0000000706600000| Untracked 
|  38|0x0000000706800000, 0x0000000706800000, 0x0000000706a00000|  0%| F|  |TAMS 0x0000000706800000, 0x0000000706800000| Untracked 
|  39|0x0000000706a00000, 0x0000000706a00000, 0x0000000706c00000|  0%| F|  |TAMS 0x0000000706a00000, 0x0000000706a00000| Untracked 
|  40|0x0000000706c00000, 0x0000000706c00000, 0x0000000706e00000|  0%| F|  |TAMS 0x0000000706c00000, 0x0000000706c00000| Untracked 
|  41|0x0000000706e00000, 0x0000000706e00000, 0x0000000707000000|  0%| F|  |TAMS 0x0000000706e00000, 0x0000000706e00000| Untracked 
|  42|0x0000000707000000, 0x0000000707000000, 0x0000000707200000|  0%| F|  |TAMS 0x0000000707000000, 0x0000000707000000| Untracked 
|  43|0x0000000707200000, 0x0000000707200000, 0x0000000707400000|  0%| F|  |TAMS 0x0000000707200000, 0x0000000707200000| Untracked 
|  44|0x0000000707400000, 0x0000000707400000, 0x0000000707600000|  0%| F|  |TAMS 0x0000000707400000, 0x0000000707400000| Untracked 
|  45|0x0000000707600000, 0x0000000707600000, 0x0000000707800000|  0%| F|  |TAMS 0x0000000707600000, 0x0000000707600000| Untracked 
|  46|0x0000000707800000, 0x0000000707800000, 0x0000000707a00000|  0%| F|  |TAMS 0x0000000707800000, 0x0000000707800000| Untracked 
|  47|0x0000000707a00000, 0x0000000707a00000, 0x0000000707c00000|  0%| F|  |TAMS 0x0000000707a00000, 0x0000000707a00000| Untracked 
|  48|0x0000000707c00000, 0x0000000707c00000, 0x0000000707e00000|  0%| F|  |TAMS 0x0000000707c00000, 0x0000000707c00000| Untracked 
|  49|0x0000000707e00000, 0x0000000707e00000, 0x0000000708000000|  0%| F|  |TAMS 0x0000000707e00000, 0x0000000707e00000| Untracked 
|  50|0x0000000708000000, 0x0000000708000000, 0x0000000708200000|  0%| F|  |TAMS 0x0000000708000000, 0x0000000708000000| Untracked 
|  51|0x0000000708200000, 0x0000000708200000, 0x0000000708400000|  0%| F|  |TAMS 0x0000000708200000, 0x0000000708200000| Untracked 
|  52|0x0000000708400000, 0x0000000708500800, 0x0000000708600000| 50%| E|  |TAMS 0x0000000708400000, 0x0000000708400000| Complete 
|  53|0x0000000708600000, 0x0000000708800000, 0x0000000708800000|100%| E|CS|TAMS 0x0000000708600000, 0x0000000708600000| Complete 
|  54|0x0000000708800000, 0x0000000708a00000, 0x0000000708a00000|100%| E|CS|TAMS 0x0000000708800000, 0x0000000708800000| Complete 
|  55|0x0000000708a00000, 0x0000000708c00000, 0x0000000708c00000|100%| E|  |TAMS 0x0000000708a00000, 0x0000000708a00000| Complete 
|  56|0x0000000708c00000, 0x0000000708e00000, 0x0000000708e00000|100%| E|CS|TAMS 0x0000000708c00000, 0x0000000708c00000| Complete 
|  57|0x0000000708e00000, 0x0000000709000000, 0x0000000709000000|100%| E|CS|TAMS 0x0000000708e00000, 0x0000000708e00000| Complete 
|  58|0x0000000709000000, 0x0000000709200000, 0x0000000709200000|100%| E|CS|TAMS 0x0000000709000000, 0x0000000709000000| Complete 
|  59|0x0000000709200000, 0x0000000709400000, 0x0000000709400000|100%| E|CS|TAMS 0x0000000709200000, 0x0000000709200000| Complete 
|  60|0x0000000709400000, 0x0000000709600000, 0x0000000709600000|100%| E|CS|TAMS 0x0000000709400000, 0x0000000709400000| Complete 
|  61|0x0000000709600000, 0x0000000709800000, 0x0000000709800000|100%| E|CS|TAMS 0x0000000709600000, 0x0000000709600000| Complete 
|  62|0x0000000709800000, 0x0000000709a00000, 0x0000000709a00000|100%| E|CS|TAMS 0x0000000709800000, 0x0000000709800000| Complete 
|  63|0x0000000709a00000, 0x0000000709c00000, 0x0000000709c00000|100%| E|CS|TAMS 0x0000000709a00000, 0x0000000709a00000| Complete 
|  64|0x0000000709c00000, 0x0000000709e00000, 0x0000000709e00000|100%| E|CS|TAMS 0x0000000709c00000, 0x0000000709c00000| Complete 
|  65|0x0000000709e00000, 0x000000070a000000, 0x000000070a000000|100%| E|CS|TAMS 0x0000000709e00000, 0x0000000709e00000| Complete 
|  66|0x000000070a000000, 0x000000070a200000, 0x000000070a200000|100%| E|CS|TAMS 0x000000070a000000, 0x000000070a000000| Complete 
|  67|0x000000070a200000, 0x000000070a400000, 0x000000070a400000|100%| E|CS|TAMS 0x000000070a200000, 0x000000070a200000| Complete 
|  68|0x000000070a400000, 0x000000070a600000, 0x000000070a600000|100%| E|CS|TAMS 0x000000070a400000, 0x000000070a400000| Complete 
|  69|0x000000070a600000, 0x000000070a800000, 0x000000070a800000|100%| E|CS|TAMS 0x000000070a600000, 0x000000070a600000| Complete 
|  70|0x000000070a800000, 0x000000070aa00000, 0x000000070aa00000|100%| E|CS|TAMS 0x000000070a800000, 0x000000070a800000| Complete 
|  71|0x000000070aa00000, 0x000000070ac00000, 0x000000070ac00000|100%| E|CS|TAMS 0x000000070aa00000, 0x000000070aa00000| Complete 
|  72|0x000000070ac00000, 0x000000070ae00000, 0x000000070ae00000|100%| E|CS|TAMS 0x000000070ac00000, 0x000000070ac00000| Complete 
|  73|0x000000070ae00000, 0x000000070b000000, 0x000000070b000000|100%| E|CS|TAMS 0x000000070ae00000, 0x000000070ae00000| Complete 
|  74|0x000000070b000000, 0x000000070b200000, 0x000000070b200000|100%| E|CS|TAMS 0x000000070b000000, 0x000000070b000000| Complete 
|  75|0x000000070b200000, 0x000000070b400000, 0x000000070b400000|100%| E|CS|TAMS 0x000000070b200000, 0x000000070b200000| Complete 
|  76|0x000000070b400000, 0x000000070b600000, 0x000000070b600000|100%| E|CS|TAMS 0x000000070b400000, 0x000000070b400000| Complete 
|  77|0x000000070b600000, 0x000000070b800000, 0x000000070b800000|100%| E|CS|TAMS 0x000000070b600000, 0x000000070b600000| Complete 
|  78|0x000000070b800000, 0x000000070ba00000, 0x000000070ba00000|100%| E|CS|TAMS 0x000000070b800000, 0x000000070b800000| Complete 
|  79|0x000000070ba00000, 0x000000070bc00000, 0x000000070bc00000|100%| E|CS|TAMS 0x000000070ba00000, 0x000000070ba00000| Complete 
|  80|0x000000070bc00000, 0x000000070be00000, 0x000000070be00000|100%| E|CS|TAMS 0x000000070bc00000, 0x000000070bc00000| Complete 
|  81|0x000000070be00000, 0x000000070c000000, 0x000000070c000000|100%| E|CS|TAMS 0x000000070be00000, 0x000000070be00000| Complete 
|  82|0x000000070c000000, 0x000000070c200000, 0x000000070c200000|100%| E|CS|TAMS 0x000000070c000000, 0x000000070c000000| Complete 
|  83|0x000000070c200000, 0x000000070c400000, 0x000000070c400000|100%| E|CS|TAMS 0x000000070c200000, 0x000000070c200000| Complete 
|  84|0x000000070c400000, 0x000000070c600000, 0x000000070c600000|100%| E|CS|TAMS 0x000000070c400000, 0x000000070c400000| Complete 
|  85|0x000000070c600000, 0x000000070c800000, 0x000000070c800000|100%| E|CS|TAMS 0x000000070c600000, 0x000000070c600000| Complete 
|  86|0x000000070c800000, 0x000000070ca00000, 0x000000070ca00000|100%| E|CS|TAMS 0x000000070c800000, 0x000000070c800000| Complete 
|  87|0x000000070ca00000, 0x000000070cc00000, 0x000000070cc00000|100%| E|CS|TAMS 0x000000070ca00000, 0x000000070ca00000| Complete 
|  88|0x000000070cc00000, 0x000000070ce00000, 0x000000070ce00000|100%| E|CS|TAMS 0x000000070cc00000, 0x000000070cc00000| Complete 
|  89|0x000000070ce00000, 0x000000070d000000, 0x000000070d000000|100%| E|CS|TAMS 0x000000070ce00000, 0x000000070ce00000| Complete 
|  90|0x000000070d000000, 0x000000070d200000, 0x000000070d200000|100%| E|CS|TAMS 0x000000070d000000, 0x000000070d000000| Complete 
|  91|0x000000070d200000, 0x000000070d400000, 0x000000070d400000|100%| E|CS|TAMS 0x000000070d200000, 0x000000070d200000| Complete 
|  92|0x000000070d400000, 0x000000070d600000, 0x000000070d600000|100%| E|CS|TAMS 0x000000070d400000, 0x000000070d400000| Complete 
|  93|0x000000070d600000, 0x000000070d800000, 0x000000070d800000|100%| E|CS|TAMS 0x000000070d600000, 0x000000070d600000| Complete 
|  94|0x000000070d800000, 0x000000070da00000, 0x000000070da00000|100%| E|CS|TAMS 0x000000070d800000, 0x000000070d800000| Complete 
|  95|0x000000070da00000, 0x000000070dc00000, 0x000000070dc00000|100%| E|CS|TAMS 0x000000070da00000, 0x000000070da00000| Complete 
|  96|0x000000070dc00000, 0x000000070de00000, 0x000000070de00000|100%| E|CS|TAMS 0x000000070dc00000, 0x000000070dc00000| Complete 
|  97|0x000000070de00000, 0x000000070e000000, 0x000000070e000000|100%| E|CS|TAMS 0x000000070de00000, 0x000000070de00000| Complete 
|  98|0x000000070e000000, 0x000000070e200000, 0x000000070e200000|100%| E|CS|TAMS 0x000000070e000000, 0x000000070e000000| Complete 
|  99|0x000000070e200000, 0x000000070e400000, 0x000000070e400000|100%| E|CS|TAMS 0x000000070e200000, 0x000000070e200000| Complete 
| 100|0x000000070e400000, 0x000000070e600000, 0x000000070e600000|100%| E|CS|TAMS 0x000000070e400000, 0x000000070e400000| Complete 
| 101|0x000000070e600000, 0x000000070e800000, 0x000000070e800000|100%| E|CS|TAMS 0x000000070e600000, 0x000000070e600000| Complete 
| 102|0x000000070e800000, 0x000000070ea00000, 0x000000070ea00000|100%| E|CS|TAMS 0x000000070e800000, 0x000000070e800000| Complete 
| 103|0x000000070ea00000, 0x000000070ec00000, 0x000000070ec00000|100%| E|CS|TAMS 0x000000070ea00000, 0x000000070ea00000| Complete 
| 104|0x000000070ec00000, 0x000000070ecfa548, 0x000000070ee00000| 48%| S|CS|TAMS 0x000000070ec00000, 0x000000070ec00000| Complete 
| 105|0x000000070ee00000, 0x000000070f000000, 0x000000070f000000|100%| S|CS|TAMS 0x000000070ee00000, 0x000000070ee00000| Complete 
| 106|0x000000070f000000, 0x000000070f200000, 0x000000070f200000|100%| S|CS|TAMS 0x000000070f000000, 0x000000070f000000| Complete 
| 107|0x000000070f200000, 0x000000070f400000, 0x000000070f400000|100%| E|CS|TAMS 0x000000070f200000, 0x000000070f200000| Complete 
| 108|0x000000070f400000, 0x000000070f600000, 0x000000070f600000|100%| E|CS|TAMS 0x000000070f400000, 0x000000070f400000| Complete 
| 109|0x000000070f600000, 0x000000070f800000, 0x000000070f800000|100%| E|CS|TAMS 0x000000070f600000, 0x000000070f600000| Complete 
| 110|0x000000070f800000, 0x000000070fa00000, 0x000000070fa00000|100%| E|CS|TAMS 0x000000070f800000, 0x000000070f800000| Complete 
| 111|0x000000070fa00000, 0x000000070fc00000, 0x000000070fc00000|100%| E|CS|TAMS 0x000000070fa00000, 0x000000070fa00000| Complete 
| 112|0x000000070fc00000, 0x000000070fe00000, 0x000000070fe00000|100%| E|CS|TAMS 0x000000070fc00000, 0x000000070fc00000| Complete 
| 113|0x000000070fe00000, 0x0000000710000000, 0x0000000710000000|100%| E|CS|TAMS 0x000000070fe00000, 0x000000070fe00000| Complete 
| 114|0x0000000710000000, 0x0000000710200000, 0x0000000710200000|100%| E|CS|TAMS 0x0000000710000000, 0x0000000710000000| Complete 
| 115|0x0000000710200000, 0x0000000710400000, 0x0000000710400000|100%| E|CS|TAMS 0x0000000710200000, 0x0000000710200000| Complete 
| 116|0x0000000710400000, 0x0000000710600000, 0x0000000710600000|100%| E|CS|TAMS 0x0000000710400000, 0x0000000710400000| Complete 
| 117|0x0000000710600000, 0x0000000710800000, 0x0000000710800000|100%| E|CS|TAMS 0x0000000710600000, 0x0000000710600000| Complete 
| 118|0x0000000710800000, 0x0000000710a00000, 0x0000000710a00000|100%| E|CS|TAMS 0x0000000710800000, 0x0000000710800000| Complete 
| 119|0x0000000710a00000, 0x0000000710c00000, 0x0000000710c00000|100%| E|CS|TAMS 0x0000000710a00000, 0x0000000710a00000| Complete 
| 120|0x0000000710c00000, 0x0000000710e00000, 0x0000000710e00000|100%| E|CS|TAMS 0x0000000710c00000, 0x0000000710c00000| Complete 
| 121|0x0000000710e00000, 0x0000000711000000, 0x0000000711000000|100%| E|CS|TAMS 0x0000000710e00000, 0x0000000710e00000| Complete 
| 122|0x0000000711000000, 0x0000000711200000, 0x0000000711200000|100%| E|CS|TAMS 0x0000000711000000, 0x0000000711000000| Complete 
| 123|0x0000000711200000, 0x0000000711400000, 0x0000000711400000|100%| E|CS|TAMS 0x0000000711200000, 0x0000000711200000| Complete 
| 124|0x0000000711400000, 0x0000000711600000, 0x0000000711600000|100%| E|CS|TAMS 0x0000000711400000, 0x0000000711400000| Complete 
| 125|0x0000000711600000, 0x0000000711800000, 0x0000000711800000|100%| E|CS|TAMS 0x0000000711600000, 0x0000000711600000| Complete 
| 126|0x0000000711800000, 0x0000000711a00000, 0x0000000711a00000|100%| E|CS|TAMS 0x0000000711800000, 0x0000000711800000| Complete 
| 127|0x0000000711a00000, 0x0000000711c00000, 0x0000000711c00000|100%| E|CS|TAMS 0x0000000711a00000, 0x0000000711a00000| Complete 

Card table byte_map: [0x000001fd3b190000,0x000001fd3b990000] _byte_map_base: 0x000001fd37982000

Marking Bits (Prev, Next): (CMBitMap*) 0x000001fd23e9c240, (CMBitMap*) 0x000001fd23e9c280
 Prev Bits: [0x000001fd3c190000, 0x000001fd40120000)
 Next Bits: [0x000001fd40120000, 0x000001fd440b0000)

Polling page: 0x000001fd21e20000

Metaspace:

Usage:
  Non-class:     14.29 MB used.
      Class:      1.80 MB used.
       Both:     16.10 MB used.

Virtual space:
  Non-class space:       16.00 MB reserved,      14.38 MB ( 90%) committed,  2 nodes.
      Class space:        1.00 GB reserved,       1.94 MB ( <1%) committed,  1 nodes.
             Both:        1.02 GB reserved,      16.31 MB (  2%) committed. 

Chunk freelists:
   Non-Class:  1.38 MB
       Class:  2.02 MB
        Both:  3.39 MB

MaxMetaspaceSize: unlimited
CompressedClassSpaceSize: 1.00 GB
Initial GC threshold: 21.00 MB
Current GC threshold: 21.00 MB
CDS: on
MetaspaceReclaimPolicy: balanced
 - commit_granule_bytes: 65536.
 - commit_granule_words: 8192.
 - virtual_space_node_default_size: 1048576.
 - enlarge_chunks_in_place: 1.
 - new_chunks_are_fully_committed: 0.
 - uncommit_free_chunks: 1.
 - use_allocation_guard: 0.
 - handle_deallocations: 1.


Internal statistics:

num_allocs_failed_limit: 0.
num_arena_births: 194.
num_arena_deaths: 0.
num_vsnodes_births: 3.
num_vsnodes_deaths: 0.
num_space_committed: 261.
num_space_uncommitted: 0.
num_chunks_returned_to_freelist: 0.
num_chunks_taken_from_freelist: 474.
num_chunk_merges: 0.
num_chunk_splits: 297.
num_chunks_enlarged: 195.
num_purges: 0.
num_inconsistent_stats: 0.

CodeHeap 'non-profiled nmethods': size=120000Kb used=897Kb max_used=897Kb free=119102Kb
 bounds [0x000001fd33130000, 0x000001fd333a0000, 0x000001fd3a660000]
CodeHeap 'profiled nmethods': size=120000Kb used=3828Kb max_used=3828Kb free=116172Kb
 bounds [0x000001fd2bc00000, 0x000001fd2bfc0000, 0x000001fd33130000]
CodeHeap 'non-nmethods': size=5760Kb used=1634Kb max_used=1695Kb free=4125Kb
 bounds [0x000001fd2b660000, 0x000001fd2b8d0000, 0x000001fd2bc00000]
 total_blobs=3087 nmethods=2015 adapters=984
 compilation: enabled
              stopped_count=0, restarted_count=0
 full_count=0

Compilation events (20 events):
Event: 1.581 Thread 0x000001fd46afa0c0 2004       3       java.util.concurrent.ThreadPoolExecutor::runStateAtLeast (11 bytes)
Event: 1.581 Thread 0x000001fd46afa0c0 nmethod 2004 0x000001fd2bfb2610 code [0x000001fd2bfb27a0, 0x000001fd2bfb28f8]
Event: 1.581 Thread 0x000001fd46afa0c0 2005   !   3       thewall.engine.twilight.TwilightApp::init (260 bytes)
Event: 1.582 Thread 0x000001fd46afa0c0 nmethod 2005 0x000001fd2bfb2990 code [0x000001fd2bfb2de0, 0x000001fd2bfb45c8]
Event: 1.582 Thread 0x000001fd46af76f0 2006 % !   4       thewall.engine.twilight.TwilightApp::init @ 2 (260 bytes)
Event: 1.584 Thread 0x000001fd46af76f0 nmethod 2006% 0x000001fd3320d090 code [0x000001fd3320d200, 0x000001fd3320d2b8]
Event: 1.585 Thread 0x000001fd47d6ee00 nmethod 1996 0x000001fd3320d390 code [0x000001fd3320d580, 0x000001fd3320e398]
Event: 1.589 Thread 0x000001fd46afa0c0 2007   !   3       jdk.internal.loader.BuiltinClassLoader$2::run (114 bytes)
Event: 1.590 Thread 0x000001fd46afa0c0 nmethod 2007 0x000001fd2bfb5310 code [0x000001fd2bfb55a0, 0x000001fd2bfb6418]
Event: 1.592 Thread 0x000001fd46afa0c0 2009       3       org.fusesource.jansi.internal.JansiLoader$1::accept (26 bytes)
Event: 1.592 Thread 0x000001fd46afa0c0 nmethod 2009 0x000001fd2bfb6910 code [0x000001fd2bfb6b00, 0x000001fd2bfb6ff8]
Event: 1.592 Thread 0x000001fd46afa0c0 2010       3       java.io.WinNTFileSystem::resolve (275 bytes)
Event: 1.595 Thread 0x000001fd46afa0c0 nmethod 2010 0x000001fd2bfb7210 code [0x000001fd2bfb7740, 0x000001fd2bfba458]
Event: 1.595 Thread 0x000001fd46afa0c0 2012       3       java.io.WinNTFileSystem::normalize (143 bytes)
Event: 1.595 Thread 0x000001fd46afa0c0 nmethod 2012 0x000001fd2bfbb610 code [0x000001fd2bfbb8a0, 0x000001fd2bfbc478]
Event: 1.599 Thread 0x000001fd46af76f0 2014       4       java.lang.AbstractStringBuilder::append (77 bytes)
Event: 1.599 Thread 0x000001fd46afa0c0 2016       3       jdk.internal.misc.Unsafe::getLongUnaligned (173 bytes)
Event: 1.599 Thread 0x000001fd46afa0c0 nmethod 2016 0x000001fd2bfbc910 code [0x000001fd2bfbcae0, 0x000001fd2bfbcf08]
Event: 1.600 Thread 0x000001fd47d6ee00 2017       4       jdk.internal.misc.Unsafe::getLongUnaligned (173 bytes)
Event: 1.601 Thread 0x000001fd47d6ee00 nmethod 2017 0x000001fd3320f890 code [0x000001fd3320fa00, 0x000001fd3320fad8]

GC Heap History (4 events):
Event: 0.590 GC heap before
{Heap before GC invocations=0 (full 0):
 garbage-first heap   total 262144K, used 51200K [0x0000000701c00000, 0x0000000800000000)
  region size 2048K, 11 young (22528K), 0 survivors (0K)
 Metaspace       used 5865K, committed 6080K, reserved 1056768K
  class space    used 660K, committed 768K, reserved 1048576K
}
Event: 0.595 GC heap after
{Heap after GC invocations=1 (full 0):
 garbage-first heap   total 262144K, used 17151K [0x0000000701c00000, 0x0000000800000000)
  region size 2048K, 2 young (4096K), 2 survivors (4096K)
 Metaspace       used 5865K, committed 6080K, reserved 1056768K
  class space    used 660K, committed 768K, reserved 1048576K
}
Event: 1.240 GC heap before
{Heap before GC invocations=1 (full 0):
 garbage-first heap   total 262144K, used 56063K [0x0000000701c00000, 0x0000000800000000)
  region size 2048K, 21 young (43008K), 2 survivors (4096K)
 Metaspace       used 15662K, committed 15872K, reserved 1064960K
  class space    used 1804K, committed 1920K, reserved 1048576K
}
Event: 1.244 GC heap after
{Heap after GC invocations=2 (full 0):
 garbage-first heap   total 262144K, used 19433K [0x0000000701c00000, 0x0000000800000000)
  region size 2048K, 3 young (6144K), 3 survivors (6144K)
 Metaspace       used 15662K, committed 15872K, reserved 1064960K
  class space    used 1804K, committed 1920K, reserved 1048576K
}

Deoptimization events (20 events):
Event: 1.534 Thread 0x000001fd23e4b220 DEOPT PACKING pc=0x000001fd3320a480 sp=0x00000067189ff0d0
Event: 1.534 Thread 0x000001fd23e4b220 DEOPT UNPACKING pc=0x000001fd2b6b23a3 sp=0x00000067189ff088 mode 2
Event: 1.567 Thread 0x000001fd23e4b220 Uncommon trap: trap_request=0xffffff45 fr.pc=0x000001fd3320b30c relative=0x000000000000090c
Event: 1.568 Thread 0x000001fd23e4b220 Uncommon trap: reason=unstable_if action=reinterpret pc=0x000001fd3320b30c method=thewall.engine.twilight.models.obj.thinmatrix.OBJFileLoader.convertDataToArrays(Ljava/util/List;Ljava/util/List;Ljava/util/List;[F[F[F)F @ 14 c2
Event: 1.568 Thread 0x000001fd23e4b220 DEOPT PACKING pc=0x000001fd3320b30c sp=0x00000067189ff090
Event: 1.568 Thread 0x000001fd23e4b220 DEOPT UNPACKING pc=0x000001fd2b6b23a3 sp=0x00000067189ff038 mode 2
Event: 1.575 Thread 0x000001fd23e4b220 Uncommon trap: trap_request=0xffffff45 fr.pc=0x000001fd3320c010 relative=0x00000000000001f0
Event: 1.575 Thread 0x000001fd23e4b220 Uncommon trap: reason=unstable_if action=reinterpret pc=0x000001fd3320c010 method=thewall.engine.twilight.models.obj.thinmatrix.OBJFileLoader.convertIndicesListToArray(Ljava/util/List;)[I @ 14 c2
Event: 1.575 Thread 0x000001fd23e4b220 DEOPT PACKING pc=0x000001fd3320c010 sp=0x00000067189ff0c0
Event: 1.575 Thread 0x000001fd23e4b220 DEOPT UNPACKING pc=0x000001fd2b6b23a3 sp=0x00000067189ff080 mode 2
Event: 1.584 Thread 0x000001fd23e4b220 DEOPT PACKING pc=0x000001fd2bfb1391 sp=0x00000067189ff620
Event: 1.584 Thread 0x000001fd23e4b220 DEOPT UNPACKING pc=0x000001fd2b6b2b43 sp=0x00000067189feb30 mode 0
Event: 1.584 Thread 0x000001fd23e4b220 Uncommon trap: trap_request=0xffffff45 fr.pc=0x000001fd3320d280 relative=0x0000000000000080
Event: 1.584 Thread 0x000001fd23e4b220 Uncommon trap: reason=unstable_if action=reinterpret pc=0x000001fd3320d280 method=thewall.engine.twilight.TwilightApp.init()V @ 5 c2
Event: 1.584 Thread 0x000001fd23e4b220 DEOPT PACKING pc=0x000001fd3320d280 sp=0x00000067189ff6a0
Event: 1.584 Thread 0x000001fd23e4b220 DEOPT UNPACKING pc=0x000001fd2b6b23a3 sp=0x00000067189ff630 mode 2
Event: 1.589 Thread 0x000001fd23e4b220 Uncommon trap: trap_request=0xffffff45 fr.pc=0x000001fd331be0e4 relative=0x0000000000002504
Event: 1.589 Thread 0x000001fd23e4b220 Uncommon trap: reason=unstable_if action=reinterpret pc=0x000001fd331be0e4 method=java.io.WinNTFileSystem.normalize(Ljava/lang/String;)Ljava/lang/String; @ 128 c2
Event: 1.589 Thread 0x000001fd23e4b220 DEOPT PACKING pc=0x000001fd331be0e4 sp=0x00000067189fe690
Event: 1.589 Thread 0x000001fd23e4b220 DEOPT UNPACKING pc=0x000001fd2b6b23a3 sp=0x00000067189fe668 mode 2

Classes unloaded (0 events):
No events

Classes redefined (0 events):
No events

Internal exceptions (20 events):
Event: 0.837 Thread 0x000001fd23e4b220 Exception <a 'java/lang/NoSuchMethodError'{0x000000070ffd8f20}: 'java.lang.Object java.lang.invoke.DirectMethodHandle$Holder.invokeStatic(java.lang.Object, int, java.lang.Object, java.lang.Object, java.lang.Object, java.lang.Object)'> (0x000000070ffd8f20) 
thrown [t:\workspace\open\src\hotspot\share\interpreter\linkResolver.cpp, line 766]
Event: 0.841 Thread 0x000001fd23e4b220 Exception <a 'java/lang/NoSuchMethodError'{0x000000070fffea00}: 'java.lang.Object java.lang.invoke.DirectMethodHandle$Holder.invokeStatic(java.lang.Object, int, java.lang.Object)'> (0x000000070fffea00) 
thrown [t:\workspace\open\src\hotspot\share\interpreter\linkResolver.cpp, line 766]
Event: 0.861 Thread 0x000001fd23e4b220 Exception <a 'java/lang/ClassNotFoundException'{0x000000070fcb9478}: com/sun/swing/internal/plaf/metal/resources/spi/metalProvider> (0x000000070fcb9478) 
thrown [t:\workspace\open\src\hotspot\share\classfile\systemDictionary.cpp, line 256]
Event: 0.862 Thread 0x000001fd23e4b220 Exception <a 'java/lang/ClassNotFoundException'{0x000000070fcbd2d0}: com/sun/swing/internal/plaf/basic/resources/spi/basicProvider> (0x000000070fcbd2d0) 
thrown [t:\workspace\open\src\hotspot\share\classfile\systemDictionary.cpp, line 256]
Event: 0.867 Thread 0x000001fd23e4b220 Implicit null exception at 0x000001fd331955c0 to 0x000001fd33195da8
Event: 0.869 Thread 0x000001fd23e4b220 Implicit null exception at 0x000001fd33192b8f to 0x000001fd33192dec
Event: 0.869 Thread 0x000001fd23e4b220 Implicit null exception at 0x000001fd33173f0f to 0x000001fd33174170
Event: 0.869 Thread 0x000001fd23e4b220 Implicit null exception at 0x000001fd3318e68f to 0x000001fd3318e709
Event: 1.093 Thread 0x000001fd23e4b220 Exception <a 'java/lang/NoSuchMethodError'{0x000000070f7d6e10}: 'int java.lang.invoke.DirectMethodHandle$Holder.invokeInterface(java.lang.Object, java.lang.Object)'> (0x000000070f7d6e10) 
thrown [t:\workspace\open\src\hotspot\share\interpreter\linkResolver.cpp, line 766]
Event: 1.093 Thread 0x000001fd23e4b220 Exception <a 'java/lang/IncompatibleClassChangeError'{0x000000070f7da2f8}: Found class java.lang.Object, but interface was expected> (0x000000070f7da2f8) 
thrown [t:\workspace\open\src\hotspot\share\interpreter\linkResolver.cpp, line 833]
Event: 1.094 Thread 0x000001fd23e4b220 Exception <a 'java/lang/NoSuchMethodError'{0x000000070f7dfe00}: 'void java.lang.invoke.DirectMethodHandle$Holder.invokeStatic(java.lang.Object, java.lang.Object)'> (0x000000070f7dfe00) 
thrown [t:\workspace\open\src\hotspot\share\interpreter\linkResolver.cpp, line 766]
Event: 1.199 Thread 0x000001fd23e4b220 Exception <a 'java/lang/NoSuchMethodError'{0x000000070f2157e8}: 'java.lang.Object java.lang.invoke.DirectMethodHandle$Holder.invokeStatic(java.lang.Object, java.lang.Object, int)'> (0x000000070f2157e8) 
thrown [t:\workspace\open\src\hotspot\share\interpreter\linkResolver.cpp, line 766]
Event: 1.200 Thread 0x000001fd23e4b220 Exception <a 'java/lang/NoSuchMethodError'{0x000000070f2214d8}: 'void java.lang.invoke.DelegatingMethodHandle$Holder.delegate(java.lang.Object, java.lang.Object, int, java.lang.Object)'> (0x000000070f2214d8) 
thrown [t:\workspace\open\src\hotspot\share\interpreter\linkResolver.cpp, line 766]
Event: 1.226 Thread 0x000001fd23e4b220 Exception <a 'sun/nio/fs/WindowsException'{0x000000070f3b46e8}> (0x000000070f3b46e8) 
thrown [t:\workspace\open\src\hotspot\share\prims\jni.cpp, line 516]
Event: 1.226 Thread 0x000001fd23e4b220 Exception <a 'sun/nio/fs/WindowsException'{0x000000070f3b4a40}> (0x000000070f3b4a40) 
thrown [t:\workspace\open\src\hotspot\share\prims\jni.cpp, line 516]
Event: 1.232 Thread 0x000001fd23e4b220 Exception <a 'sun/nio/fs/WindowsException'{0x000000070f3beed8}> (0x000000070f3beed8) 
thrown [t:\workspace\open\src\hotspot\share\prims\jni.cpp, line 516]
Event: 1.232 Thread 0x000001fd23e4b220 Exception <a 'sun/nio/fs/WindowsException'{0x000000070f3bf248}> (0x000000070f3bf248) 
thrown [t:\workspace\open\src\hotspot\share\prims\jni.cpp, line 516]
Event: 1.260 Thread 0x000001fd23e4b220 Exception <a 'java/lang/NoSuchMethodError'{0x0000000711a7efe8}: 'long java.lang.invoke.DirectMethodHandle$Holder.invokeStatic(java.lang.Object)'> (0x0000000711a7efe8) 
thrown [t:\workspace\open\src\hotspot\share\interpreter\linkResolver.cpp, line 766]
Event: 1.260 Thread 0x000001fd23e4b220 Exception <a 'java/lang/NoSuchMethodError'{0x0000000711a823e8}: 'long java.lang.invoke.DirectMethodHandle$Holder.invokeStaticInit(java.lang.Object)'> (0x0000000711a823e8) 
thrown [t:\workspace\open\src\hotspot\share\interpreter\linkResolver.cpp, line 766]
Event: 1.588 Thread 0x000001fd23e4b220 Exception <a 'java/lang/NullPointerException'{0x000000070847ec08}> (0x000000070847ec08) 
thrown [t:\workspace\open\src\hotspot\share\interpreter\linkResolver.cpp, line 1357]

VM Operations (20 events):
Event: 0.697 Executing VM operation: HandshakeAllThreads
Event: 0.697 Executing VM operation: HandshakeAllThreads done
Event: 0.901 Executing VM operation: HandshakeAllThreads
Event: 0.901 Executing VM operation: HandshakeAllThreads done
Event: 0.929 Executing VM operation: HandshakeAllThreads
Event: 0.929 Executing VM operation: HandshakeAllThreads done
Event: 0.930 Executing VM operation: HandshakeAllThreads
Event: 0.930 Executing VM operation: HandshakeAllThreads done
Event: 1.100 Executing VM operation: HandshakeAllThreads
Event: 1.100 Executing VM operation: HandshakeAllThreads done
Event: 1.129 Executing VM operation: ICBufferFull
Event: 1.129 Executing VM operation: ICBufferFull done
Event: 1.237 Executing VM operation: HandshakeAllThreads
Event: 1.237 Executing VM operation: HandshakeAllThreads done
Event: 1.237 Executing VM operation: HandshakeAllThreads
Event: 1.237 Executing VM operation: HandshakeAllThreads done
Event: 1.237 Executing VM operation: HandshakeAllThreads
Event: 1.237 Executing VM operation: HandshakeAllThreads done
Event: 1.240 Executing VM operation: G1CollectForAllocation
Event: 1.244 Executing VM operation: G1CollectForAllocation done

Events (20 events):
Event: 1.265 Loaded shared library C:\Program Files\Java\jdk-17.0.1\bin\verify.dll
Event: 1.268 loading class java/lang/AssertionError
Event: 1.268 loading class java/lang/AssertionError done
Event: 1.270 loading class java/io/FileReader
Event: 1.270 loading class java/io/FileReader done
Event: 1.272 loading class jdk/internal/math/FloatingDecimal$ASCIIToBinaryBuffer
Event: 1.273 loading class jdk/internal/math/FloatingDecimal$ASCIIToBinaryBuffer done
Event: 1.294 loading class jdk/internal/math/FDBigInteger
Event: 1.294 loading class jdk/internal/math/FDBigInteger done
Event: 1.585 loading class java/io/IOError
Event: 1.585 loading class java/io/IOError done
Event: 1.585 loading class java/nio/charset/UnsupportedCharsetException
Event: 1.585 loading class java/nio/charset/UnsupportedCharsetException done
Event: 1.596 loading class java/io/FileOutputStream$1
Event: 1.596 loading class java/io/FileOutputStream$1 done
Event: 1.598 loading class java/io/DeleteOnExitHook
Event: 1.598 loading class java/io/DeleteOnExitHook done
Event: 1.598 loading class java/io/DeleteOnExitHook$1
Event: 1.598 loading class java/io/DeleteOnExitHook$1 done
Event: 1.603 Loaded shared library C:\Users\szymo\AppData\Local\Temp\jansi-2.4.0-7a97a6b97768df5d-jansi.dll


Dynamic libraries:
0x00007ff675ac0000 - 0x00007ff675ad0000 	C:\Program Files\Java\jdk-17.0.1\bin\javaw.exe
0x00007ffbc76f0000 - 0x00007ffbc78e5000 	C:\Windows\SYSTEM32\ntdll.dll
0x00007ffbc73d0000 - 0x00007ffbc748e000 	C:\Windows\System32\KERNEL32.DLL
0x00007ffbc4e10000 - 0x00007ffbc50d8000 	C:\Windows\System32\KERNELBASE.dll
0x00007ffbc5240000 - 0x00007ffbc5340000 	C:\Windows\System32\ucrtbase.dll
0x00007ffbbd6b0000 - 0x00007ffbbd6c8000 	C:\Program Files\Java\jdk-17.0.1\bin\jli.dll
0x00007ffbb8e60000 - 0x00007ffbb8e7a000 	C:\Program Files\Java\jdk-17.0.1\bin\VCRUNTIME140.dll
0x00007ffbc5c20000 - 0x00007ffbc5ccc000 	C:\Windows\System32\ADVAPI32.dll
0x00007ffbc5cd0000 - 0x00007ffbc5d6e000 	C:\Windows\System32\msvcrt.dll
0x00007ffbc5d80000 - 0x00007ffbc5e1b000 	C:\Windows\System32\sechost.dll
0x00007ffbc6e80000 - 0x00007ffbc6faa000 	C:\Windows\System32\RPCRT4.dll
0x00007ffbc71c0000 - 0x00007ffbc7361000 	C:\Windows\System32\USER32.dll
0x00007ffbc5520000 - 0x00007ffbc5542000 	C:\Windows\System32\win32u.dll
0x00007ffba2740000 - 0x00007ffba29da000 	C:\Windows\WinSxS\amd64_microsoft.windows.common-controls_6595b64144ccf1df_6.0.19041.1110_none_60b5254171f9507e\COMCTL32.dll
0x00007ffbc5e20000 - 0x00007ffbc5e4b000 	C:\Windows\System32\GDI32.dll
0x00007ffbc5630000 - 0x00007ffbc573b000 	C:\Windows\System32\gdi32full.dll
0x00007ffbc53f0000 - 0x00007ffbc548d000 	C:\Windows\System32\msvcp_win.dll
0x00007ffbbd310000 - 0x00007ffbbd31a000 	C:\Windows\SYSTEM32\VERSION.dll
0x00007ffbc6900000 - 0x00007ffbc6930000 	C:\Windows\System32\IMM32.DLL
0x00007ffbbe350000 - 0x00007ffbbe35c000 	C:\Program Files\Java\jdk-17.0.1\bin\vcruntime140_1.dll
0x00007ffbab070000 - 0x00007ffbab0fd000 	C:\Program Files\Java\jdk-17.0.1\bin\msvcp140.dll
0x00007ffba4da0000 - 0x00007ffba595e000 	C:\Program Files\Java\jdk-17.0.1\bin\server\jvm.dll
0x00007ffbc7490000 - 0x00007ffbc7498000 	C:\Windows\System32\PSAPI.DLL
0x00007ffbbb510000 - 0x00007ffbbb537000 	C:\Windows\SYSTEM32\WINMM.dll
0x00007ffbbf350000 - 0x00007ffbbf359000 	C:\Windows\SYSTEM32\WSOCK32.dll
0x00007ffbc6e10000 - 0x00007ffbc6e7b000 	C:\Windows\System32\WS2_32.dll
0x00007ffbc36e0000 - 0x00007ffbc36f2000 	C:\Windows\SYSTEM32\kernel.appcore.dll
0x00007ffbbd720000 - 0x00007ffbbd72a000 	C:\Program Files\Java\jdk-17.0.1\bin\jimage.dll
0x00007ffbc29f0000 - 0x00007ffbc2bd4000 	C:\Windows\SYSTEM32\DBGHELP.DLL
0x00007ffbbc680000 - 0x00007ffbbc6ac000 	C:\Windows\SYSTEM32\dbgcore.DLL
0x00007ffbc5490000 - 0x00007ffbc5513000 	C:\Windows\System32\bcryptPrimitives.dll
0x00007ffbae030000 - 0x00007ffbae055000 	C:\Program Files\Java\jdk-17.0.1\bin\java.dll
0x00007ffba4940000 - 0x00007ffba4a16000 	C:\Program Files\Java\jdk-17.0.1\bin\svml.dll
0x00007ffbc5e60000 - 0x00007ffbc659f000 	C:\Windows\System32\SHELL32.dll
0x00007ffbc2ef0000 - 0x00007ffbc3680000 	C:\Windows\SYSTEM32\windows.storage.dll
0x00007ffbc65a0000 - 0x00007ffbc68f5000 	C:\Windows\System32\combase.dll
0x00007ffbc4860000 - 0x00007ffbc488e000 	C:\Windows\SYSTEM32\Wldp.dll
0x00007ffbc5740000 - 0x00007ffbc57ed000 	C:\Windows\System32\SHCORE.dll
0x00007ffbc59f0000 - 0x00007ffbc5a45000 	C:\Windows\System32\shlwapi.dll
0x00007ffbc4d50000 - 0x00007ffbc4d6f000 	C:\Windows\SYSTEM32\profapi.dll
0x00007ffbb6010000 - 0x00007ffbb6029000 	C:\Program Files\Java\jdk-17.0.1\bin\net.dll
0x00007ffbba9d0000 - 0x00007ffbbaadc000 	C:\Windows\SYSTEM32\WINHTTP.dll
0x00007ffbc45c0000 - 0x00007ffbc462a000 	C:\Windows\system32\mswsock.dll
0x00007ffbabee0000 - 0x00007ffbabef5000 	C:\Program Files\Java\jdk-17.0.1\bin\nio.dll
0x00007ffbabec0000 - 0x00007ffbabed8000 	C:\Program Files\Java\jdk-17.0.1\bin\zip.dll
0x00007ffbbd6a0000 - 0x00007ffbbd6a9000 	C:\Program Files\Java\jdk-17.0.1\bin\management.dll
0x00007ffbb8880000 - 0x00007ffbb888b000 	C:\Program Files\Java\jdk-17.0.1\bin\management_ext.dll
0x00007ffbafe90000 - 0x00007ffbafea7000 	C:\Windows\system32\napinsp.dll
0x00007ffbafe70000 - 0x00007ffbafe8b000 	C:\Windows\system32\pnrpnsp.dll
0x00007ffbbfd90000 - 0x00007ffbbfda5000 	C:\Windows\system32\wshbth.dll
0x00007ffbbe280000 - 0x00007ffbbe29d000 	C:\Windows\system32\NLAapi.dll
0x00007ffbc4260000 - 0x00007ffbc429b000 	C:\Windows\SYSTEM32\IPHLPAPI.DLL
0x00007ffbc42b0000 - 0x00007ffbc437b000 	C:\Windows\SYSTEM32\DNSAPI.dll
0x00007ffbc5d70000 - 0x00007ffbc5d78000 	C:\Windows\System32\NSI.dll
0x00007ffbafe50000 - 0x00007ffbafe62000 	C:\Windows\System32\winrnr.dll
0x00007ffbb9a20000 - 0x00007ffbb9a2a000 	C:\Windows\System32\rasadhlp.dll
0x00007ffbb9530000 - 0x00007ffbb95af000 	C:\Windows\System32\fwpuclnt.dll
0x00007ffbc5600000 - 0x00007ffbc5627000 	C:\Windows\System32\bcrypt.dll
0x00007ffba47b0000 - 0x00007ffba493f000 	C:\Program Files\Java\jdk-17.0.1\bin\awt.dll
0x00007ffbc5920000 - 0x00007ffbc59ed000 	C:\Windows\System32\OLEAUT32.dll
0x00007ffbc1bf0000 - 0x00007ffbc1c80000 	C:\Windows\SYSTEM32\apphelp.dll
0x00007ffbc2700000 - 0x00007ffbc272f000 	C:\Windows\system32\DWMAPI.DLL
0x00007ffbc1d30000 - 0x00007ffbc1dce000 	C:\Windows\system32\uxtheme.dll
0x00007ffbaecc0000 - 0x00007ffbaede5000 	C:\Windows\system32\opengl32.dll
0x00007ffbbc7c0000 - 0x00007ffbbc7ec000 	C:\Windows\SYSTEM32\GLU32.dll
0x00007ffbc5b00000 - 0x00007ffbc5c15000 	C:\Windows\System32\MSCTF.dll
0x00007ffbc57f0000 - 0x00007ffbc591a000 	C:\Windows\System32\ole32.dll
0x00007ffbaafe0000 - 0x00007ffbab069000 	C:\Program Files\Java\jdk-17.0.1\bin\freetype.dll
0x00007ffba75e0000 - 0x00007ffba7688000 	C:\Program Files\Java\jdk-17.0.1\bin\fontmanager.dll
0x00007ffbaaf10000 - 0x00007ffbaaf74000 	C:\Users\szymo\AppData\Local\Temp\lwjglszymo\3.2.3-SNAPSHOT\lwjgl.dll
0x00007ffba87b0000 - 0x00007ffba8812000 	C:\Users\szymo\AppData\Local\Temp\lwjglszymo\3.2.3-SNAPSHOT\glfw.dll
0x00007ffbb86e0000 - 0x00007ffbb86f0000 	C:\Program Files\Java\jdk-17.0.1\bin\verify.dll
0x0000000069ac0000 - 0x0000000069ae4000 	C:\Users\szymo\AppData\Local\Temp\jansi-2.4.0-7a97a6b97768df5d-jansi.dll

dbghelp: loaded successfully - version: 4.0.5 - missing functions: none
symbol engine: initialized successfully - sym options: 0x614 - pdb path: .;C:\Program Files\Java\jdk-17.0.1\bin;C:\Windows\SYSTEM32;C:\Windows\WinSxS\amd64_microsoft.windows.common-controls_6595b64144ccf1df_6.0.19041.1110_none_60b5254171f9507e;C:\Program Files\Java\jdk-17.0.1\bin\server;C:\Users\szymo\AppData\Local\Temp\lwjglszymo\3.2.3-SNAPSHOT;C:\Users\szymo\AppData\Local\Temp

VM Arguments:
java_command: C:\Users\szymo\IdeaProjects\thewall\lwjgl-edu-1.0-SNAPSHOT-shaded.jar
java_class_path (initial): C:\Users\szymo\IdeaProjects\thewall\lwjgl-edu-1.0-SNAPSHOT-shaded.jar
Launcher Type: SUN_STANDARD

[Global flags]
     intx CICompilerCount                          = 4                                         {product} {ergonomic}
     uint ConcGCThreads                            = 2                                         {product} {ergonomic}
     uint G1ConcRefinementThreads                  = 8                                         {product} {ergonomic}
   size_t G1HeapRegionSize                         = 2097152                                   {product} {ergonomic}
    uintx GCDrainStackTargetSize                   = 64                                        {product} {ergonomic}
   size_t InitialHeapSize                          = 268435456                                 {product} {ergonomic}
   size_t MarkStackSize                            = 4194304                                   {product} {ergonomic}
   size_t MaxHeapSize                              = 4265607168                                {product} {ergonomic}
   size_t MaxNewSize                               = 2558525440                                {product} {ergonomic}
   size_t MinHeapDeltaBytes                        = 2097152                                   {product} {ergonomic}
   size_t MinHeapSize                              = 8388608                                   {product} {ergonomic}
    uintx NonNMethodCodeHeapSize                   = 5839372                                {pd product} {ergonomic}
    uintx NonProfiledCodeHeapSize                  = 122909434                              {pd product} {ergonomic}
    uintx ProfiledCodeHeapSize                     = 122909434                              {pd product} {ergonomic}
    uintx ReservedCodeCacheSize                    = 251658240                              {pd product} {ergonomic}
     bool SegmentedCodeCache                       = true                                      {product} {ergonomic}
   size_t SoftMaxHeapSize                          = 4265607168                             {manageable} {ergonomic}
     bool UseCompressedClassPointers               = true                           {product lp64_product} {ergonomic}
     bool UseCompressedOops                        = true                           {product lp64_product} {ergonomic}
     bool UseG1GC                                  = true                                      {product} {ergonomic}
     bool UseLargePagesIndividualAllocation        = false                                  {pd product} {ergonomic}

Logging:
Log output configuration:
 #0: stdout all=warning uptime,level,tags
 #1: stderr all=off uptime,level,tags

Environment Variables:
PATH=C:\Program Files\Common Files\Oracle\Java\javapath;C:\Windows\system32;C:\Windows;C:\Windows\System32\Wbem;C:\Windows\System32\WindowsPowerShell\v1.0\;C:\Windows\System32\OpenSSH\;C:\Program Files\dotnet\;C:\Program Files\Git\cmd;C:\Users\szymo\AppData\Local\Microsoft\WindowsApps;C:\Users\szymo\.dotnet\tools;C:\Users\szymo\AppData\Local\Programs\Microsoft VS Code\bin
USERNAME=szymo
OS=Windows_NT
PROCESSOR_IDENTIFIER=Intel64 Family 6 Model 158 Stepping 9, GenuineIntel



---------------  S Y S T E M  ---------------

OS:
 Windows 10 , 64 bit Build 19041 (10.0.19041.1348)
OS uptime: 1 days 1:03 hours

CPU: total 8 (initial active 8) (4 cores per cpu, 2 threads per core) family 6 model 158 stepping 9 microcode 0xb4, cx8, cmov, fxsr, ht, mmx, 3dnowpref, sse, sse2, sse3, ssse3, sse4.1, sse4.2, popcnt, lzcnt, tsc, tscinvbit, avx, avx2, aes, erms, clmul, bmi1, bmi2, adx, fma, vzeroupper, clflush, clflushopt

Memory: 4k page, system-wide physical 16268M (4171M free)
TotalPageFile size 21388M (AvailPageFile size 5296M)
current process WorkingSet (physical memory assigned to process): 270M, peak: 270M
current process commit charge ("private bytes"): 400M, peak: 401M

vm_info: Java HotSpot(TM) 64-Bit Server VM (17.0.1+12-LTS-39) for windows-amd64 JRE (17.0.1+12-LTS-39), built on Sep 27 2021 18:41:35 by "mach5one" with MS VC++ 16.8 (VS2019)

END.
