#
# A fatal error has been detected by the Java Runtime Environment:
#
#  SIGSEGV (0xb) at pc=0x00007f2dab626890, pid=57227, tid=57299
#
# JRE version: OpenJDK Runtime Environment (16.0.2+7) (build 16.0.2+7-67)
# Java VM: OpenJDK 64-Bit Server VM (16.0.2+7-67, mixed mode, sharing, tiered, compressed oops, compressed class ptrs, g1 gc, linux-amd64)
# Problematic frame:
# C  [libX11.so.6+0x51890]  Xutf8LookupString+0x0
#
# No core dump will be written. Core dumps have been disabled. To enable core dumping, try "ulimit -c unlimited" before starting Java again
#
# If you would like to submit a bug report, please visit:
#   https://bugreport.java.com/bugreport/crash.jsp
# The crash happened outside the Java Virtual Machine in native code.
# See problematic frame for where to report the bug.
#

---------------  S U M M A R Y ------------

Command Line: -javaagent:/home/many/.local/share/JetBrains/Toolbox/apps/IDEA-C/ch-0/212.5284.40/lib/idea_rt.jar=38145:/home/many/.local/share/JetBrains/Toolbox/apps/IDEA-C/ch-0/212.5284.40/bin -Dfile.encoding=UTF-8 thewall.game.TheWall

Host: 