#
# A fatal error has been detected by the Java Runtime Environment:
#
#  SIGSEGV (0xb) at pc=0x00007f8f3c24a711, pid=160989, tid=160990
#
# JRE version: OpenJDK Runtime Environment (16.0.2+7) (build 16.0.2+7-67)
# Java VM: OpenJDK 64-Bit Server VM (16.0.2+7-67, mixed mode, sharing, tiered, compressed oops, compressed class ptrs, g1 gc, linux-amd64)
# Problematic frame:
# C  [libc.so.6+0x86711]
[timeout occurred during error reporting in step "printing problematic frame"] after 30 s.
# No core dump will be written. Core dumps have been disabled. To enable core dumping, try "ulimit -c unlimited" before starting Java again
#
# If you would like to submit a bug report, please visit:
#   https://bugreport.java.com/bugreport/crash.jsp
# The crash happened outside the Java Virtual Machine in native code.
# See problematic frame for where to report the bug.
#

---------------  S U M M A R Y ------------

Command Line: -Dorg.lwjgl.util.Debug=false -javaagent:/home/many/.local/share/JetBrains/Toolbox/apps/IDEA-C/ch-0/212.5284.40/lib/idea_rt.jar=38943:/home/many/.local/share/JetBrains/Toolbox/apps/IDEA-C/ch-0/212.5284.40/bin -Dfile.encoding=UTF-8 thewall.game.Game

Host: Intel(R) Core(TM) i7-7700HQ CPU @ 2.80GHz, 
[timeout occurred during error reporting in step "printing summary machine and OS info"] after 30 s.
Time: Sat Sep 25 16:15:15 2021 CEST elapsed time: 96.521128 seconds (0d 0h 1m 36s)

---------------  T H R E A D  ---------------

Current thread (0x00007f8f34027320):  JavaThread "main" [_thread_in_native, id=160990, stack(0x00007f8f3ad2f000,0x00007f8f3ae30000)]

Stack: [0x00007f8f3ad2f000,0x00007f8f3ae30000],  sp=0x00007f8f3ae2e2c0,  free space=1020k
Native frames: (J=compiled Java code, A=aot compiled Java code, j=interpreted, Vv=VM code, C=native code)
C  [libc.so.6+0x86711]
------ Timeout during error reporting after 120 s. ------
