#
# A fatal error has been detected by the Java Runtime Environment:
#
#  SIGSEGV (0xb) at pc=0x00007f1c7d3aa711, pid=48056, tid=48057
#
# JRE version: OpenJDK Runtime Environment (16.0.2+7) (build 16.0.2+7-67)
# Java VM: OpenJDK 64-Bit Server VM (16.0.2+7-67, mixed mode, sharing, tiered, compressed oops, compressed class ptrs, g1 gc, linux-amd64)
# Problematic frame:
# C  [libc.so.6+0x86711]
[timeout occurred during error reporting in step "printing problematic frame"] after 30 s.
# No core dump will be written. Core dumps have been disabled. To enable core dumping, try "ulimit -c unlimited" before starting Java again
#
# If you would like to submit a bug report, please visit:
#   https://bugreport.java.com/bugreport/crash.jsp
# The crash happened outside the Java Virtual Machine in native code.
# See problematic frame for where to report the bug.
#

---------------  S U M M A R Y ------------

Command Line: -Dorg.lwjgl.util.Debug=true -javaagent:/home/many/.local/share/JetBrains/Toolbox/apps/IDEA-C/ch-0/212.5284.40/lib/idea_rt.jar=39375:/home/many/.local/share/JetBrains/Toolbox/apps/IDEA-C/ch-0/212.5284.40/bin -Dfile.encoding=UTF-8 thewall.game.Game

Host: Intel(R) Core(TM) i7-7700HQ CPU @ 2.80GHz, 
[timeout occurred during error reporting in step "printing summary machine and OS info"] after 30 s.
Time: Sun Sep 26 20:53:31 2021 CEST elapsed time: 106.557434 seconds (0d 0h 1m 46s)

---------------  T H R E A D  ---------------

Current thread (0x00007f1c74026f90):  JavaThread "main" [_thread_in_native, id=48057, stack(0x00007f1c7be8f000,0x00007f1c7bf90000)]

Stack: [0x00007f1c7be8f000,0x00007f1c7bf90000],  sp=0x00007f1c7bf8e5a0,  free space=1021k
Native frames: (J=compiled Java code, A=aot compiled Java code, j=interpreted, Vv=VM code, C=native code)
C  [libc.so.6+0x86711]
------ Timeout during error reporting after 120 s. ------
