[thewall.engine.tengine.TEngineApp] [10:15:41] main/INFO ] - Initializing TEngine 1.0.4
[thewall.engine.tengine.debugger.console.DebugConsole] [10:15:42] main/INFO ] - Showing up debug console
[thewall.engine.tengine.runtime.AbstractRuntime] [10:15:42] TEngine Main Thread/INFO ] - Starting runtime for [TEngine Game App Runtime]
[System.out] [10:15:42] TEngine Main Thread/INFO ] - 
[thewall.game.TheWall] [10:15:43] TEngine Main Thread/WARN ] - FPS drop detected, current framerate: 1
[System.out] [10:15:43] TEngine Main Thread/INFO ] - Player: X: [300.0] Y: [0.0] Z: [600.0]
[System.out] [10:15:44] TEngine Main Thread/INFO ] - Player: X: [300.0] Y: [0.0] Z: [600.0]
[System.out] [10:15:45] TEngine Main Thread/INFO ] - Player: X: [300.0] Y: [0.0] Z: [600.0]
[System.out] [10:15:46] TEngine Main Thread/INFO ] - Player: X: [300.0] Y: [0.0] Z: [600.0]
[System.out] [10:15:47] TEngine Main Thread/INFO ] - Player: X: [300.0] Y: [0.0] Z: [600.0]
[System.out] [10:15:48] TEngine Main Thread/INFO ] - Player: X: [300.0] Y: [0.0] Z: [600.0]
[System.out] [10:15:49] TEngine Main Thread/INFO ] - Player: X: [300.0] Y: [0.0] Z: [600.0]
[System.out] [10:15:50] TEngine Main Thread/INFO ] - Player: X: [300.0] Y: [0.0] Z: [600.0]
[System.out] [10:15:51] TEngine Main Thread/INFO ] - Player: X: [300.0] Y: [0.0] Z: [600.0]
[System.out] [10:15:52] TEngine Main Thread/INFO ] - Player: X: [300.0] Y: [0.0] Z: [600.0]
[System.out] [10:15:53] TEngine Main Thread/INFO ] - Player: X: [300.0] Y: [0.0] Z: [600.0]
[System.out] [10:15:54] TEngine Main Thread/INFO ] - Player: X: [300.0] Y: [0.0] Z: [600.0]
[System.out] [10:15:55] TEngine Main Thread/INFO ] - Player: X: [300.0] Y: [0.0] Z: [600.0]
[System.out] [10:15:56] TEngine Main Thread/INFO ] - Player: X: [300.0] Y: [0.0] Z: [600.0]
[System.out] [10:15:57] TEngine Main Thread/INFO ] - Player: X: [300.0] Y: [0.0] Z: [600.0]
[thewall.engine.tengine.input.keyboard.KeyboardKeys] [10:16:03] TEngine Main Thread/WARN ] - Unknown key id: 342
[thewall.game.TheWall] [10:16:03] TEngine Main Thread/WARN ] - FPS drop detected, current framerate: 13
[System.out] [10:16:03] TEngine Main Thread/INFO ] - Player: X: [300.0] Y: [0.0] Z: [600.0]
[System.out] [10:16:04] TEngine Main Thread/INFO ] - Player: X: [300.0] Y: [0.0] Z: [600.0]
[System.out] [10:16:05] TEngine Main Thread/INFO ] - Player: X: [300.0] Y: [0.0] Z: [600.0]
[System.out] [10:16:06] TEngine Main Thread/INFO ] - Player: X: [300.0] Y: [0.0] Z: [600.0]
[System.out] [10:16:07] TEngine Main Thread/INFO ] - Player: X: [300.0] Y: [0.0] Z: [600.0]
[System.out] [10:16:08] TEngine Main Thread/INFO ] - Player: X: [300.0] Y: [0.0] Z: [600.0]
[System.out] [10:16:09] TEngine Main Thread/INFO ] - Player: X: [300.0] Y: [0.0] Z: [600.0]
[System.out] [10:16:10] TEngine Main Thread/INFO ] - Player: X: [300.0] Y: [0.0] Z: [600.0]
[System.out] [10:16:11] TEngine Main Thread/INFO ] - Player: X: [300.0] Y: [0.0] Z: [600.0]
[System.out] [10:16:12] TEngine Main Thread/INFO ] - Player: X: [300.0] Y: [0.0] Z: [600.0]
[System.out] [10:16:13] TEngine Main Thread/INFO ] - Player: X: [300.0] Y: [0.0] Z: [600.0]
[System.out] [10:16:14] TEngine Main Thread/INFO ] - Player: X: [300.0] Y: [0.0] Z: [600.0]
[thewall.engine.tengine.runtime.app.TEngineAppRuntime] [10:16:15] TEngine Main Thread/INFO ] - Shutting down [The Wall] ...
[thewall.engine.tengine.debugger.console.DebugConsole] [10:16:15] TEngine Main Thread/INFO ] - Disabling debug logging, stand by
[thewall.engine.tengine.debugger.console.DebugConsole] [10:16:15] TEngine Main Thread/INFO ] - Closing debug window
[thewall.engine.tengine.runtime.app.TEngineAppRuntime] [10:16:15] TEngine Main Thread/INFO ] - Closing app...
[thewall.engine.tengine.runtime.AbstractRuntime] [10:16:15] Thread-1/INFO ] - Stopping runtime for [TEngine Game App Runtime]
