[thewall.engine.twilight.TwilightApp] [10:21:21] main/INFO ] - Initializing TEngine 1.0.4
[thewall.engine.twilight.debugger.console.DebugConsole] [10:21:22] main/INFO ] - Showing up debug console
[thewall.engine.twilight.runtime.AbstractRuntime] [10:21:22] TEngine Main Thread/INFO ] - Starting runtime for [TEngine Game App Runtime]
[System.out] [10:21:22] TEngine Main Thread/INFO ] - 
[thewall.game.TheWall] [10:21:23] TEngine Main Thread/WARN ] - FPS drop detected, current framerate: 3
[System.out] [10:21:23] TEngine Main Thread/INFO ] - Player: X: [300.0] Y: [0.0] Z: [600.0]
[System.out] [10:21:24] TEngine Main Thread/INFO ] - Player: X: [300.0] Y: [0.0] Z: [600.0]
[System.out] [10:21:25] TEngine Main Thread/INFO ] - Player: X: [300.0] Y: [0.0] Z: [600.0]
[System.out] [10:21:26] TEngine Main Thread/INFO ] - Player: X: [300.0] Y: [0.0] Z: [600.0]
[System.out] [10:21:27] TEngine Main Thread/INFO ] - Player: X: [300.0] Y: [0.0] Z: [600.0]
[System.out] [10:21:28] TEngine Main Thread/INFO ] - Player: X: [300.0] Y: [0.0] Z: [600.0]
[System.out] [10:21:29] TEngine Main Thread/INFO ] - Player: X: [300.0] Y: [0.0] Z: [600.0]
[System.out] [10:21:30] TEngine Main Thread/INFO ] - Player: X: [300.0] Y: [0.0] Z: [600.0]
[System.out] [10:21:31] TEngine Main Thread/INFO ] - Player: X: [300.0] Y: [0.0] Z: [600.0]
[System.out] [10:21:32] TEngine Main Thread/INFO ] - Player: X: [300.0] Y: [0.0] Z: [600.0]
[System.out] [10:21:33] TEngine Main Thread/INFO ] - Player: X: [300.0] Y: [0.0] Z: [600.0]
[System.out] [10:21:34] TEngine Main Thread/INFO ] - Player: X: [300.0] Y: [2.8773003] Z: [600.0]
[System.out] [10:21:35] TEngine Main Thread/INFO ] - Player: X: [300.0] Y: [2.2368028] Z: [600.0]
[System.out] [10:21:36] TEngine Main Thread/INFO ] - Player: X: [300.0] Y: [8.639952] Z: [600.0]
[System.out] [10:21:37] TEngine Main Thread/INFO ] - Player: X: [300.0] Y: [8.6735525] Z: [600.0]
[System.out] [10:21:38] TEngine Main Thread/INFO ] - Player: X: [300.0] Y: [6.840599] Z: [600.0]
[System.out] [10:21:39] TEngine Main Thread/INFO ] - Player: X: [300.0] Y: [0.0] Z: [600.0]
[System.out] [10:21:40] TEngine Main Thread/INFO ] - Player: X: [300.0] Y: [0.0] Z: [600.0]
[System.out] [10:21:41] TEngine Main Thread/INFO ] - Player: X: [300.0] Y: [0.0] Z: [600.0]
[System.out] [10:21:42] TEngine Main Thread/INFO ] - Player: X: [300.0] Y: [0.0] Z: [600.0]
[System.out] [10:21:43] TEngine Main Thread/INFO ] - Player: X: [300.0] Y: [0.0] Z: [600.0]
[System.out] [10:21:44] TEngine Main Thread/INFO ] - Player: X: [300.0] Y: [0.0] Z: [600.0]
[System.out] [10:21:45] TEngine Main Thread/INFO ] - Player: X: [300.0] Y: [0.0] Z: [600.0]
[System.out] [10:21:46] TEngine Main Thread/INFO ] - Player: X: [300.0] Y: [0.0] Z: [600.0]
[System.out] [10:21:47] TEngine Main Thread/INFO ] - Player: X: [300.0] Y: [0.0] Z: [600.0]
[System.out] [10:21:48] TEngine Main Thread/INFO ] - Player: X: [300.0] Y: [0.0] Z: [600.0]
[System.out] [10:21:49] TEngine Main Thread/INFO ] - Player: X: [300.0] Y: [0.0] Z: [600.0]
[System.out] [10:21:50] TEngine Main Thread/INFO ] - Player: X: [300.0] Y: [0.0] Z: [600.0]
[System.out] [10:21:51] TEngine Main Thread/INFO ] - Player: X: [300.0] Y: [0.0] Z: [600.0]
[System.out] [10:21:52] TEngine Main Thread/INFO ] - Player: X: [300.0] Y: [0.0] Z: [600.0]
[System.out] [10:21:53] TEngine Main Thread/INFO ] - Player: X: [300.0] Y: [0.0] Z: [600.0]
[System.out] [10:21:54] TEngine Main Thread/INFO ] - Player: X: [300.0] Y: [0.0] Z: [600.0]
[System.out] [10:21:55] TEngine Main Thread/INFO ] - Player: X: [300.0] Y: [0.0] Z: [600.0]
[System.out] [10:21:56] TEngine Main Thread/INFO ] - Player: X: [300.0] Y: [0.0] Z: [600.0]
[System.out] [10:21:57] TEngine Main Thread/INFO ] - Player: X: [300.0] Y: [0.0] Z: [600.0]
[System.out] [10:21:58] TEngine Main Thread/INFO ] - Player: X: [300.0] Y: [0.0] Z: [600.0]
[System.out] [10:21:59] TEngine Main Thread/INFO ] - Player: X: [300.0] Y: [0.0] Z: [600.0]
[System.out] [10:22:00] TEngine Main Thread/INFO ] - Player: X: [300.0] Y: [0.0] Z: [600.0]
[System.out] [10:22:01] TEngine Main Thread/INFO ] - Player: X: [300.0] Y: [0.0] Z: [600.0]
[System.out] [10:22:02] TEngine Main Thread/INFO ] - Player: X: [300.0] Y: [0.0] Z: [600.0]
[System.out] [10:22:03] TEngine Main Thread/INFO ] - Player: X: [300.0] Y: [0.0] Z: [600.0]
[System.out] [10:22:04] TEngine Main Thread/INFO ] - Player: X: [300.0] Y: [0.0] Z: [600.0]
[System.out] [10:22:05] TEngine Main Thread/INFO ] - Player: X: [300.0] Y: [0.0] Z: [600.0]
[System.out] [10:22:06] TEngine Main Thread/INFO ] - Player: X: [300.0] Y: [0.0] Z: [600.0]
[System.out] [10:22:07] TEngine Main Thread/INFO ] - Player: X: [300.0] Y: [0.0] Z: [600.0]
[System.out] [10:22:08] TEngine Main Thread/INFO ] - Player: X: [300.0] Y: [0.0] Z: [600.0]
[System.out] [10:22:09] TEngine Main Thread/INFO ] - Player: X: [300.0] Y: [0.0] Z: [600.0]
[System.out] [10:22:10] TEngine Main Thread/INFO ] - Player: X: [300.0] Y: [0.0] Z: [600.0]
[System.out] [10:22:11] TEngine Main Thread/INFO ] - Player: X: [300.0] Y: [0.0] Z: [600.0]
[System.out] [10:22:12] TEngine Main Thread/INFO ] - Player: X: [300.0] Y: [0.0] Z: [600.0]
[System.out] [10:22:13] TEngine Main Thread/INFO ] - Player: X: [300.0] Y: [0.0] Z: [600.0]
[System.out] [10:22:14] TEngine Main Thread/INFO ] - Player: X: [300.0] Y: [0.0] Z: [600.0]
[System.out] [10:22:15] TEngine Main Thread/INFO ] - Player: X: [300.0] Y: [0.0] Z: [600.0]
[System.out] [10:22:16] TEngine Main Thread/INFO ] - Player: X: [300.0] Y: [0.0] Z: [600.0]
[System.out] [10:22:17] TEngine Main Thread/INFO ] - Player: X: [300.0] Y: [0.0] Z: [600.0]
[System.out] [10:22:18] TEngine Main Thread/INFO ] - Player: X: [300.0] Y: [0.0] Z: [600.0]
[System.out] [10:22:19] TEngine Main Thread/INFO ] - Player: X: [300.0] Y: [0.0] Z: [600.0]
[System.out] [10:22:20] TEngine Main Thread/INFO ] - Player: X: [300.0] Y: [0.0] Z: [600.0]
[System.out] [10:22:21] TEngine Main Thread/INFO ] - Player: X: [300.0] Y: [0.0] Z: [600.0]
[System.out] [10:22:22] TEngine Main Thread/INFO ] - Player: X: [300.0] Y: [0.0] Z: [600.0]
[System.out] [10:22:23] TEngine Main Thread/INFO ] - Player: X: [300.0] Y: [0.0] Z: [600.0]
[System.out] [10:22:24] TEngine Main Thread/INFO ] - Player: X: [300.0] Y: [0.0] Z: [600.0]
[System.out] [10:22:25] TEngine Main Thread/INFO ] - Player: X: [300.0] Y: [0.0] Z: [600.0]
[System.out] [10:22:26] TEngine Main Thread/INFO ] - Player: X: [300.0] Y: [0.0] Z: [600.0]
[System.out] [10:22:27] TEngine Main Thread/INFO ] - Player: X: [300.0] Y: [0.0] Z: [600.0]
[System.out] [10:22:28] TEngine Main Thread/INFO ] - Player: X: [300.0] Y: [0.0] Z: [600.0]
[System.out] [10:22:29] TEngine Main Thread/INFO ] - Player: X: [300.0] Y: [0.0] Z: [600.0]
[System.out] [10:22:30] TEngine Main Thread/INFO ] - Player: X: [300.0] Y: [0.0] Z: [600.0]
[System.out] [10:22:31] TEngine Main Thread/INFO ] - Player: X: [300.0] Y: [0.0] Z: [600.0]
[System.out] [10:22:32] TEngine Main Thread/INFO ] - Player: X: [300.0] Y: [5.9168983] Z: [600.0]
[System.out] [10:22:33] TEngine Main Thread/INFO ] - Player: X: [300.0] Y: [0.0] Z: [600.0]
[System.out] [10:22:34] TEngine Main Thread/INFO ] - Player: X: [300.0] Y: [0.0] Z: [600.0]
[System.out] [10:22:35] TEngine Main Thread/INFO ] - Player: X: [300.0] Y: [0.0] Z: [600.0]
[System.out] [10:22:36] TEngine Main Thread/INFO ] - Player: X: [300.0] Y: [0.0] Z: [600.0]
[System.out] [10:22:37] TEngine Main Thread/INFO ] - Player: X: [300.0] Y: [0.0] Z: [600.0]
[System.out] [10:22:38] TEngine Main Thread/INFO ] - Player: X: [300.0] Y: [0.0] Z: [600.0]
[System.out] [10:22:39] TEngine Main Thread/INFO ] - Player: X: [300.0] Y: [0.0] Z: [600.0]
[System.out] [10:22:40] TEngine Main Thread/INFO ] - Player: X: [300.0] Y: [0.0] Z: [600.0]
[System.out] [10:22:41] TEngine Main Thread/INFO ] - Player: X: [300.0] Y: [0.0] Z: [600.0]
[System.out] [10:22:42] TEngine Main Thread/INFO ] - Player: X: [300.0] Y: [0.0] Z: [600.0]
[System.out] [10:22:43] TEngine Main Thread/INFO ] - Player: X: [300.0] Y: [0.0] Z: [600.0]
[System.out] [10:22:44] TEngine Main Thread/INFO ] - Player: X: [300.0] Y: [0.0] Z: [600.0]
[System.out] [10:22:45] TEngine Main Thread/INFO ] - Player: X: [300.0] Y: [0.0] Z: [600.0]
[System.out] [10:22:46] TEngine Main Thread/INFO ] - Player: X: [300.0] Y: [0.0] Z: [600.0]
[System.out] [10:22:47] TEngine Main Thread/INFO ] - Player: X: [300.0] Y: [0.0] Z: [600.0]
[System.out] [10:22:48] TEngine Main Thread/INFO ] - Player: X: [300.0] Y: [0.0] Z: [600.0]
[System.out] [10:22:49] TEngine Main Thread/INFO ] - Player: X: [300.0] Y: [0.0] Z: [600.0]
[System.out] [10:22:50] TEngine Main Thread/INFO ] - Player: X: [300.0] Y: [0.0] Z: [600.0]
[System.out] [10:22:51] TEngine Main Thread/INFO ] - Player: X: [300.0] Y: [0.0] Z: [600.0]
[System.out] [10:22:52] TEngine Main Thread/INFO ] - Player: X: [300.0] Y: [5.64795] Z: [600.0]
[System.out] [10:22:53] TEngine Main Thread/INFO ] - Player: X: [300.0] Y: [0.0] Z: [600.0]
[System.out] [10:22:54] TEngine Main Thread/INFO ] - Player: X: [300.0] Y: [8.071001] Z: [600.0]
[System.out] [10:22:55] TEngine Main Thread/INFO ] - Player: X: [300.0] Y: [8.860098] Z: [600.0]
[System.out] [10:22:56] TEngine Main Thread/INFO ] - Player: X: [300.0] Y: [6.6230493] Z: [600.0]
[System.out] [10:22:57] TEngine Main Thread/INFO ] - Player: X: [300.0] Y: [0.0] Z: [600.0]
[System.out] [10:22:58] TEngine Main Thread/INFO ] - Player: X: [300.0] Y: [0.0] Z: [600.0]
[System.out] [10:22:59] TEngine Main Thread/INFO ] - Player: X: [300.0] Y: [0.0] Z: [600.0]
[System.out] [10:23:00] TEngine Main Thread/INFO ] - Player: X: [300.0] Y: [0.0] Z: [600.0]
[System.out] [10:23:01] TEngine Main Thread/INFO ] - Player: X: [300.0] Y: [0.0] Z: [600.0]
[System.out] [10:23:02] TEngine Main Thread/INFO ] - Player: X: [300.0] Y: [0.0] Z: [600.0]
[System.out] [10:23:03] TEngine Main Thread/INFO ] - Player: X: [300.0] Y: [0.0] Z: [600.0]
[System.out] [10:23:04] TEngine Main Thread/INFO ] - Player: X: [300.0] Y: [0.0] Z: [600.0]
[System.out] [10:23:05] TEngine Main Thread/INFO ] - Player: X: [300.0] Y: [0.0] Z: [600.0]
[System.out] [10:23:06] TEngine Main Thread/INFO ] - Player: X: [300.0] Y: [0.0] Z: [600.0]
[System.out] [10:23:07] TEngine Main Thread/INFO ] - Player: X: [300.0] Y: [7.768546] Z: [600.0]
[System.out] [10:23:08] TEngine Main Thread/INFO ] - Player: X: [300.0] Y: [0.0] Z: [600.0]
[thewall.engine.twilight.runtime.AbstractRuntime] [10:23:09] TEngine Main Thread/INFO ] - Stopping runtime for [TEngine Game App Runtime]
[thewall.engine.twilight.runtime.app.TEngineAppRuntime] [10:23:09] TEngine Main Thread/INFO ] - Shutting down [The Wall] ...
[thewall.engine.twilight.debugger.console.DebugConsole] [10:23:09] TEngine Main Thread/INFO ] - Disabling debug logging, stand by
[thewall.engine.twilight.debugger.console.DebugConsole] [10:23:09] TEngine Main Thread/INFO ] - Closing debug window
[thewall.engine.twilight.runtime.app.TEngineAppRuntime] [10:23:09] TEngine Main Thread/INFO ] - Closing app...
[thewall.engine.twilight.runtime.AbstractRuntime] [10:23:09] Thread-1/INFO ] - Stopping runtime for [TEngine Game App Runtime]
