[thewall.engine.tengine.TEngineApp] [10:42:37] main/INFO ] - Initializing TEngine 1.0.4
[thewall.engine.tengine.debugger.console.DebugConsole] [10:42:37] main/INFO ] - Showing up debug console
[thewall.engine.tengine.runtime.AbstractRuntime] [10:42:37] TEngine Main Thread/INFO ] - Starting runtime for [TEngine Game App Runtime]
[System.out] [10:42:37] TEngine Main Thread/INFO ] - 
[thewall.engine.tengine.runtime.app.TEngineAppRuntime] [10:42:38] TEngine Main Thread/INFO ] - GPU: Intel(R) HD Graphics 630
[thewall.game.TheWall] [10:42:38] TEngine Main Thread/WARN ] - FPS drop detected, current framerate: 10
[System.out] [10:42:38] TEngine Main Thread/INFO ] - Player: X: [300.0] Y: [0.0] Z: [600.0]
[System.out] [10:42:39] TEngine Main Thread/INFO ] - Player: X: [300.0] Y: [0.0] Z: [600.0]
[System.out] [10:42:40] TEngine Main Thread/INFO ] - Player: X: [300.0] Y: [0.0] Z: [600.0]
[System.out] [10:42:41] TEngine Main Thread/INFO ] - Player: X: [300.0] Y: [0.0] Z: [600.0]
[System.out] [10:42:42] TEngine Main Thread/INFO ] - Player: X: [300.0] Y: [0.0] Z: [600.0]
[System.out] [10:42:43] TEngine Main Thread/INFO ] - Player: X: [300.0] Y: [0.0] Z: [600.0]
[System.out] [10:42:44] TEngine Main Thread/INFO ] - Player: X: [300.0] Y: [0.0] Z: [600.0]
[System.out] [10:42:45] TEngine Main Thread/INFO ] - Player: X: [300.0] Y: [0.0] Z: [600.0]
[System.out] [10:42:46] TEngine Main Thread/INFO ] - Player: X: [300.0] Y: [0.0] Z: [600.0]
[System.out] [10:42:47] TEngine Main Thread/INFO ] - Player: X: [300.0] Y: [0.0] Z: [600.0]
[System.out] [10:42:48] TEngine Main Thread/INFO ] - Player: X: [300.0] Y: [0.0] Z: [600.0]
[System.out] [10:42:49] TEngine Main Thread/INFO ] - Player: X: [300.0] Y: [0.0] Z: [600.0]
[System.out] [10:42:50] TEngine Main Thread/INFO ] - Player: X: [300.0] Y: [0.0] Z: [600.0]
[System.out] [10:42:51] TEngine Main Thread/INFO ] - Player: X: [300.0] Y: [0.0] Z: [600.0]
[System.out] [10:42:52] TEngine Main Thread/INFO ] - Player: X: [300.0] Y: [0.0] Z: [600.0]
[System.out] [10:42:53] TEngine Main Thread/INFO ] - Player: X: [300.0] Y: [0.0] Z: [600.0]
[System.out] [10:42:54] TEngine Main Thread/INFO ] - Player: X: [300.0] Y: [0.0] Z: [600.0]
[System.out] [10:42:55] TEngine Main Thread/INFO ] - Player: X: [300.0] Y: [0.0] Z: [600.0]
[System.out] [10:43:00] TEngine Main Thread/INFO ] - Player: X: [300.0] Y: [0.0] Z: [600.0]
[System.out] [10:43:01] TEngine Main Thread/INFO ] - Player: X: [300.0] Y: [0.0] Z: [600.0]
[System.out] [10:43:02] TEngine Main Thread/INFO ] - Player: X: [300.0] Y: [0.0] Z: [600.0]
[System.out] [10:43:03] TEngine Main Thread/INFO ] - Player: X: [300.0] Y: [0.0] Z: [600.0]
[System.out] [10:43:04] TEngine Main Thread/INFO ] - Player: X: [300.0] Y: [0.0] Z: [600.0]
[System.out] [10:43:05] TEngine Main Thread/INFO ] - Player: X: [300.0] Y: [0.0] Z: [600.0]
[System.out] [10:43:06] TEngine Main Thread/INFO ] - Player: X: [300.0] Y: [0.0] Z: [600.0]
[System.out] [10:43:07] TEngine Main Thread/INFO ] - Player: X: [300.0] Y: [0.0] Z: [600.0]
[System.out] [10:43:08] TEngine Main Thread/INFO ] - Player: X: [300.0] Y: [0.0] Z: [600.0]
[System.out] [10:43:09] TEngine Main Thread/INFO ] - Player: X: [300.0] Y: [0.0] Z: [600.0]
[System.out] [10:43:10] TEngine Main Thread/INFO ] - Player: X: [300.0] Y: [0.0] Z: [600.0]
[System.out] [10:43:11] TEngine Main Thread/INFO ] - Player: X: [300.0] Y: [0.0] Z: [600.0]
[System.out] [10:43:12] TEngine Main Thread/INFO ] - Player: X: [300.0] Y: [0.0] Z: [600.0]
[System.out] [10:43:13] TEngine Main Thread/INFO ] - Player: X: [300.0] Y: [0.0] Z: [600.0]
[System.out] [10:43:14] TEngine Main Thread/INFO ] - Player: X: [300.0] Y: [0.0] Z: [600.0]
[System.out] [10:43:15] TEngine Main Thread/INFO ] - Player: X: [300.0] Y: [0.0] Z: [600.0]
[System.out] [10:43:16] TEngine Main Thread/INFO ] - Player: X: [300.0] Y: [0.0] Z: [600.0]
[System.out] [10:43:17] TEngine Main Thread/INFO ] - Player: X: [300.0] Y: [0.0] Z: [600.0]
[System.out] [10:43:18] TEngine Main Thread/INFO ] - Player: X: [300.0] Y: [0.0] Z: [600.0]
[System.out] [10:43:19] TEngine Main Thread/INFO ] - Player: X: [300.0] Y: [0.0] Z: [600.0]
[System.out] [10:43:20] TEngine Main Thread/INFO ] - Player: X: [300.0] Y: [0.0] Z: [600.0]
[System.out] [10:43:21] TEngine Main Thread/INFO ] - Player: X: [300.0] Y: [0.0] Z: [600.0]
[System.out] [10:43:22] TEngine Main Thread/INFO ] - Player: X: [300.0] Y: [0.0] Z: [600.0]
[System.out] [10:43:23] TEngine Main Thread/INFO ] - Player: X: [300.0] Y: [0.0] Z: [600.0]
[System.out] [10:43:24] TEngine Main Thread/INFO ] - Player: X: [300.0] Y: [0.0] Z: [600.0]
[System.out] [10:43:25] TEngine Main Thread/INFO ] - Player: X: [300.0] Y: [0.0] Z: [600.0]
[System.out] [10:43:26] TEngine Main Thread/INFO ] - Player: X: [300.0] Y: [0.0] Z: [600.0]
[thewall.engine.tengine.runtime.AbstractRuntime] [10:43:27] TEngine Main Thread/INFO ] - Stopping runtime for [TEngine Game App Runtime]
[thewall.engine.tengine.runtime.app.TEngineAppRuntime] [10:43:27] TEngine Main Thread/INFO ] - Shutting down [The Wall] ...
[thewall.engine.tengine.debugger.console.DebugConsole] [10:43:27] TEngine Main Thread/INFO ] - Disabling debug logging, stand by
[thewall.engine.tengine.debugger.console.DebugConsole] [10:43:27] TEngine Main Thread/INFO ] - Closing debug window
[thewall.engine.tengine.runtime.app.TEngineAppRuntime] [10:43:27] TEngine Main Thread/INFO ] - Closing app...
[thewall.engine.tengine.runtime.AbstractRuntime] [10:43:27] Thread-1/INFO ] - Stopping runtime for [TEngine Game App Runtime]
