[thewall.engine.tengine.TEngineApp] [10:41:42] main/INFO ] - Initializing TEngine 1.0.4
[thewall.engine.tengine.debugger.console.DebugConsole] [10:41:42] main/INFO ] - Showing up debug console
[thewall.engine.tengine.runtime.AbstractRuntime] [10:41:42] TEngine Main Thread/INFO ] - Starting runtime for [TEngine Game App Runtime]
[System.out] [10:41:43] TEngine Main Thread/INFO ] - 
[thewall.engine.tengine.runtime.app.TEngineAppRuntime] [10:41:43] TEngine Main Thread/INFO ] - GPU: Intel(R) HD Graphics 630
[thewall.game.TheWall] [10:41:43] TEngine Main Thread/WARN ] - FPS drop detected, current framerate: 9
[System.out] [10:41:43] TEngine Main Thread/INFO ] - Player: X: [300.0] Y: [0.0] Z: [600.0]
[System.out] [10:41:44] TEngine Main Thread/INFO ] - Player: X: [300.0] Y: [0.0] Z: [600.0]
[System.out] [10:41:45] TEngine Main Thread/INFO ] - Player: X: [300.0] Y: [0.0] Z: [600.0]
[System.out] [10:41:46] TEngine Main Thread/INFO ] - Player: X: [300.0] Y: [0.0] Z: [600.0]
[System.out] [10:41:47] TEngine Main Thread/INFO ] - Player: X: [300.0] Y: [0.0] Z: [600.0]
[System.out] [10:41:48] TEngine Main Thread/INFO ] - Player: X: [300.0] Y: [0.0] Z: [600.0]
[System.out] [10:41:49] TEngine Main Thread/INFO ] - Player: X: [300.0] Y: [0.0] Z: [600.0]
[System.out] [10:41:50] TEngine Main Thread/INFO ] - Player: X: [300.0] Y: [0.0] Z: [600.0]
[System.out] [10:41:51] TEngine Main Thread/INFO ] - Player: X: [300.0] Y: [0.0] Z: [600.0]
[System.out] [10:41:52] TEngine Main Thread/INFO ] - Player: X: [300.0] Y: [0.0] Z: [600.0]
[System.out] [10:41:53] TEngine Main Thread/INFO ] - Player: X: [300.0] Y: [0.0] Z: [600.0]
[System.out] [10:41:54] TEngine Main Thread/INFO ] - Player: X: [300.0] Y: [0.0] Z: [600.0]
[System.out] [10:41:55] TEngine Main Thread/INFO ] - Player: X: [300.0] Y: [0.0] Z: [600.0]
[System.out] [10:41:56] TEngine Main Thread/INFO ] - Player: X: [300.0] Y: [0.0] Z: [600.0]
[System.out] [10:41:57] TEngine Main Thread/INFO ] - Player: X: [300.0] Y: [0.0] Z: [600.0]
[System.out] [10:41:58] TEngine Main Thread/INFO ] - Player: X: [300.0] Y: [0.0] Z: [600.0]
[System.out] [10:41:59] TEngine Main Thread/INFO ] - Player: X: [300.0] Y: [0.0] Z: [600.0]
[System.out] [10:42:00] TEngine Main Thread/INFO ] - Player: X: [300.0] Y: [0.0] Z: [600.0]
[System.out] [10:42:01] TEngine Main Thread/INFO ] - Player: X: [300.0] Y: [0.0] Z: [600.0]
[System.out] [10:42:02] TEngine Main Thread/INFO ] - Player: X: [300.0] Y: [0.0] Z: [600.0]
[System.out] [10:42:03] TEngine Main Thread/INFO ] - Player: X: [300.0] Y: [0.0] Z: [600.0]
[System.out] [10:42:04] TEngine Main Thread/INFO ] - Player: X: [300.0] Y: [0.0] Z: [600.0]
[System.out] [10:42:05] TEngine Main Thread/INFO ] - Player: X: [300.0] Y: [0.0] Z: [600.0]
[System.out] [10:42:06] TEngine Main Thread/INFO ] - Player: X: [300.0] Y: [0.0] Z: [600.0]
[System.out] [10:42:07] TEngine Main Thread/INFO ] - Player: X: [300.0] Y: [0.0] Z: [600.0]
[System.out] [10:42:08] TEngine Main Thread/INFO ] - Player: X: [300.0] Y: [0.0] Z: [600.0]
[System.out] [10:42:09] TEngine Main Thread/INFO ] - Player: X: [300.0] Y: [0.0] Z: [600.0]
[System.out] [10:42:10] TEngine Main Thread/INFO ] - Player: X: [300.0] Y: [0.0] Z: [600.0]
[System.out] [10:42:11] TEngine Main Thread/INFO ] - Player: X: [300.0] Y: [0.0] Z: [600.0]
[System.out] [10:42:12] TEngine Main Thread/INFO ] - Player: X: [300.0] Y: [0.0] Z: [600.0]
[System.out] [10:42:13] TEngine Main Thread/INFO ] - Player: X: [300.0] Y: [0.0] Z: [600.0]
[System.out] [10:42:14] TEngine Main Thread/INFO ] - Player: X: [300.0] Y: [0.0] Z: [600.0]
[System.out] [10:42:15] TEngine Main Thread/INFO ] - Player: X: [300.0] Y: [0.0] Z: [600.0]
[System.out] [10:42:16] TEngine Main Thread/INFO ] - Player: X: [300.0] Y: [0.0] Z: [600.0]
[System.out] [10:42:17] TEngine Main Thread/INFO ] - Player: X: [300.0] Y: [0.0] Z: [600.0]
[System.out] [10:42:18] TEngine Main Thread/INFO ] - Player: X: [300.0] Y: [0.0] Z: [600.0]
[System.out] [10:42:19] TEngine Main Thread/INFO ] - Player: X: [300.0] Y: [0.0] Z: [600.0]
[System.out] [10:42:20] TEngine Main Thread/INFO ] - Player: X: [300.0] Y: [0.0] Z: [600.0]
[System.out] [10:42:21] TEngine Main Thread/INFO ] - Player: X: [300.0] Y: [0.0] Z: [600.0]
[System.out] [10:42:22] TEngine Main Thread/INFO ] - Player: X: [300.0] Y: [0.0] Z: [600.0]
[System.out] [10:42:23] TEngine Main Thread/INFO ] - Player: X: [300.0] Y: [0.0] Z: [600.0]
[System.out] [10:42:24] TEngine Main Thread/INFO ] - Player: X: [300.0] Y: [0.0] Z: [600.0]
[System.out] [10:42:25] TEngine Main Thread/INFO ] - Player: X: [300.0] Y: [0.0] Z: [600.0]
[System.out] [10:42:26] TEngine Main Thread/INFO ] - Player: X: [300.0] Y: [0.0] Z: [600.0]
[System.out] [10:42:27] TEngine Main Thread/INFO ] - Player: X: [300.0] Y: [0.0] Z: [600.0]
[System.out] [10:42:28] TEngine Main Thread/INFO ] - Player: X: [300.0] Y: [0.0] Z: [600.0]
[System.out] [10:42:29] TEngine Main Thread/INFO ] - Player: X: [300.0] Y: [0.0] Z: [600.0]
[thewall.engine.tengine.runtime.AbstractRuntime] [10:42:30] Thread-1/INFO ] - Stopping runtime for [TEngine Game App Runtime]
[thewall.engine.tengine.runtime.app.TEngineAppRuntime] [10:42:30] TEngine Main Thread/INFO ] - Shutting down [The Wall] ...
[thewall.engine.tengine.debugger.console.DebugConsole] [10:42:30] TEngine Main Thread/INFO ] - Disabling debug logging, stand by
[thewall.engine.tengine.debugger.console.DebugConsole] [10:42:30] TEngine Main Thread/INFO ] - Closing debug window
