[thewall.engine.twilight.TwilightApp] [10:55:41] main/INFO ] - Initializing TEngine 1.0.4
[thewall.engine.twilight.debugger.console.DebugConsole] [10:55:41] main/INFO ] - Showing up debug console
[thewall.engine.twilight.runtime.AbstractRuntime] [10:55:41] TEngine Main Thread/INFO ] - Starting runtime for [TEngine Game App Runtime]
[System.out] [10:55:42] TEngine Main Thread/INFO ] - 
[thewall.engine.twilight.runtime.app.TEngineAppRuntime] [10:55:42] TEngine Main Thread/INFO ] - GPU: Intel(R) HD Graphics 630
[thewall.engine.twilight.runtime.app.TEngineAppRuntime] [10:55:42] TEngine Main Thread/INFO ] - Time: 0.026
[thewall.engine.twilight.runtime.app.TEngineAppRuntime] [10:55:42] TEngine Main Thread/INFO ] - Time: 0.021
[thewall.engine.twilight.runtime.app.TEngineAppRuntime] [10:55:42] TEngine Main Thread/INFO ] - Time: 0.01
[thewall.engine.twilight.runtime.app.TEngineAppRuntime] [10:55:42] TEngine Main Thread/INFO ] - Time: 0.007
[thewall.engine.twilight.runtime.app.TEngineAppRuntime] [10:55:42] TEngine Main Thread/INFO ] - Time: 0.009
[thewall.engine.twilight.runtime.app.TEngineAppRuntime] [10:55:42] TEngine Main Thread/INFO ] - Time: 0.008
[thewall.engine.twilight.runtime.app.TEngineAppRuntime] [10:55:42] TEngine Main Thread/INFO ] - Time: 0.009
[thewall.engine.twilight.runtime.app.TEngineAppRuntime] [10:55:42] TEngine Main Thread/INFO ] - Time: 0.008
[thewall.engine.twilight.runtime.app.TEngineAppRuntime] [10:55:42] TEngine Main Thread/INFO ] - Time: 0.007
[thewall.engine.twilight.runtime.app.TEngineAppRuntime] [10:55:42] TEngine Main Thread/INFO ] - Time: 0.005
[thewall.engine.twilight.runtime.app.TEngineAppRuntime] [10:55:42] TEngine Main Thread/INFO ] - Time: 0.008
[thewall.engine.twilight.runtime.app.TEngineAppRuntime] [10:55:42] TEngine Main Thread/INFO ] - Time: 0.009
[thewall.engine.twilight.runtime.app.TEngineAppRuntime] [10:55:42] TEngine Main Thread/INFO ] - Time: 0.009
[thewall.game.TheWall] [10:55:42] TEngine Main Thread/WARN ] - FPS drop detected, current framerate: 14
[thewall.engine.twilight.runtime.app.TEngineAppRuntime] [10:55:42] TEngine Main Thread/INFO ] - Time: 0.011
[thewall.engine.twilight.runtime.app.TEngineAppRuntime] [10:55:42] TEngine Main Thread/INFO ] - Time: 0.009
[thewall.engine.twilight.runtime.app.TEngineAppRuntime] [10:55:42] TEngine Main Thread/INFO ] - Time: 0.006
[thewall.engine.twilight.runtime.app.TEngineAppRuntime] [10:55:42] TEngine Main Thread/INFO ] - Time: 0.009
[thewall.engine.twilight.runtime.app.TEngineAppRuntime] [10:55:42] TEngine Main Thread/INFO ] - Time: 0.008
[thewall.engine.twilight.runtime.app.TEngineAppRuntime] [10:55:42] TEngine Main Thread/INFO ] - Time: 0.006
[thewall.engine.twilight.runtime.app.TEngineAppRuntime] [10:55:42] TEngine Main Thread/INFO ] - Time: 0.007
[thewall.engine.twilight.runtime.app.TEngineAppRuntime] [10:55:42] TEngine Main Thread/INFO ] - Time: 0.007
[thewall.engine.twilight.runtime.app.TEngineAppRuntime] [10:55:42] TEngine Main Thread/INFO ] - Time: 0.008
[thewall.engine.twilight.runtime.app.TEngineAppRuntime] [10:55:42] TEngine Main Thread/INFO ] - Time: 0.009
[thewall.engine.twilight.runtime.app.TEngineAppRuntime] [10:55:42] TEngine Main Thread/INFO ] - Time: 0.008
[thewall.engine.twilight.runtime.app.TEngineAppRuntime] [10:55:42] TEngine Main Thread/INFO ] - Time: 0.008
[thewall.engine.twilight.runtime.app.TEngineAppRuntime] [10:55:42] TEngine Main Thread/INFO ] - Time: 0.009
[thewall.engine.twilight.runtime.app.TEngineAppRuntime] [10:55:42] TEngine Main Thread/INFO ] - Time: 0.008
[thewall.engine.twilight.runtime.app.TEngineAppRuntime] [10:55:42] TEngine Main Thread/INFO ] - Time: 0.007
[thewall.engine.twilight.runtime.app.TEngineAppRuntime] [10:55:42] TEngine Main Thread/INFO ] - Time: 0.007
[thewall.engine.twilight.runtime.app.TEngineAppRuntime] [10:55:42] TEngine Main Thread/INFO ] - Time: 0.008
[thewall.engine.twilight.runtime.app.TEngineAppRuntime] [10:55:42] TEngine Main Thread/INFO ] - Time: 0.006
[thewall.engine.twilight.runtime.app.TEngineAppRuntime] [10:55:42] TEngine Main Thread/INFO ] - Time: 0.008
[thewall.engine.twilight.runtime.app.TEngineAppRuntime] [10:55:42] TEngine Main Thread/INFO ] - Time: 0.007
[thewall.engine.twilight.runtime.app.TEngineAppRuntime] [10:55:42] TEngine Main Thread/INFO ] - Time: 0.007
[thewall.engine.twilight.runtime.app.TEngineAppRuntime] [10:55:42] TEngine Main Thread/INFO ] - Time: 0.007
[thewall.engine.twilight.runtime.app.TEngineAppRuntime] [10:55:42] TEngine Main Thread/INFO ] - Time: 0.007
[thewall.engine.twilight.runtime.app.TEngineAppRuntime] [10:55:42] TEngine Main Thread/INFO ] - Time: 0.008
[thewall.engine.twilight.runtime.app.TEngineAppRuntime] [10:55:42] TEngine Main Thread/INFO ] - Time: 0.008
[thewall.engine.twilight.runtime.app.TEngineAppRuntime] [10:55:42] TEngine Main Thread/INFO ] - Time: 0.006
[thewall.engine.twilight.runtime.app.TEngineAppRuntime] [10:55:42] TEngine Main Thread/INFO ] - Time: 0.006
[thewall.engine.twilight.runtime.app.TEngineAppRuntime] [10:55:42] TEngine Main Thread/INFO ] - Time: 0.012
[thewall.engine.twilight.runtime.app.TEngineAppRuntime] [10:55:42] TEngine Main Thread/INFO ] - Time: 0.005
[thewall.engine.twilight.runtime.app.TEngineAppRuntime] [10:55:42] TEngine Main Thread/INFO ] - Time: 0.008
[thewall.engine.twilight.runtime.app.TEngineAppRuntime] [10:55:42] TEngine Main Thread/INFO ] - Time: 0.006
[thewall.engine.twilight.runtime.app.TEngineAppRuntime] [10:55:42] TEngine Main Thread/INFO ] - Time: 0.005
[thewall.engine.twilight.runtime.app.TEngineAppRuntime] [10:55:42] TEngine Main Thread/INFO ] - Time: 0.005
[thewall.engine.twilight.runtime.app.TEngineAppRuntime] [10:55:42] TEngine Main Thread/INFO ] - Time: 0.006
[thewall.engine.twilight.runtime.app.TEngineAppRuntime] [10:55:42] TEngine Main Thread/INFO ] - Time: 0.005
[thewall.engine.twilight.runtime.app.TEngineAppRuntime] [10:55:42] TEngine Main Thread/INFO ] - Time: 0.006
[thewall.engine.twilight.runtime.app.TEngineAppRuntime] [10:55:42] TEngine Main Thread/INFO ] - Time: 0.008
[thewall.engine.twilight.runtime.app.TEngineAppRuntime] [10:55:42] TEngine Main Thread/INFO ] - Time: 0.007
[thewall.engine.twilight.runtime.app.TEngineAppRuntime] [10:55:42] TEngine Main Thread/INFO ] - Time: 0.009
[thewall.engine.twilight.runtime.app.TEngineAppRuntime] [10:55:43] TEngine Main Thread/INFO ] - Time: 0.012
[thewall.engine.twilight.runtime.app.TEngineAppRuntime] [10:55:43] TEngine Main Thread/INFO ] - Time: 0.008
[thewall.engine.twilight.runtime.app.TEngineAppRuntime] [10:55:43] TEngine Main Thread/INFO ] - Time: 0.007
[thewall.engine.twilight.runtime.app.TEngineAppRuntime] [10:55:43] TEngine Main Thread/INFO ] - Time: 0.009
[thewall.engine.twilight.runtime.app.TEngineAppRuntime] [10:55:43] TEngine Main Thread/INFO ] - Time: 0.008
[thewall.engine.twilight.runtime.app.TEngineAppRuntime] [10:55:43] TEngine Main Thread/INFO ] - Time: 0.009
[thewall.engine.twilight.runtime.app.TEngineAppRuntime] [10:55:43] TEngine Main Thread/INFO ] - Time: 0.007
[thewall.engine.twilight.runtime.app.TEngineAppRuntime] [10:55:43] TEngine Main Thread/INFO ] - Time: 0.008
[thewall.engine.twilight.runtime.app.TEngineAppRuntime] [10:55:43] TEngine Main Thread/INFO ] - Time: 0.007
[thewall.engine.twilight.runtime.app.TEngineAppRuntime] [10:55:43] TEngine Main Thread/INFO ] - Time: 0.01
[thewall.engine.twilight.runtime.app.TEngineAppRuntime] [10:55:43] TEngine Main Thread/INFO ] - Time: 0.011
[thewall.engine.twilight.runtime.app.TEngineAppRuntime] [10:55:43] TEngine Main Thread/INFO ] - Time: 0.007
[thewall.engine.twilight.runtime.app.TEngineAppRuntime] [10:55:43] TEngine Main Thread/INFO ] - Time: 0.008
[thewall.engine.twilight.runtime.app.TEngineAppRuntime] [10:55:43] TEngine Main Thread/INFO ] - Time: 0.013
[thewall.engine.twilight.runtime.app.TEngineAppRuntime] [10:55:43] TEngine Main Thread/INFO ] - Time: 0.007
[thewall.engine.twilight.runtime.app.TEngineAppRuntime] [10:55:43] TEngine Main Thread/INFO ] - Time: 0.007
[thewall.engine.twilight.runtime.app.TEngineAppRuntime] [10:55:43] TEngine Main Thread/INFO ] - Time: 0.009
[thewall.engine.twilight.runtime.app.TEngineAppRuntime] [10:55:43] TEngine Main Thread/INFO ] - Time: 0.008
[thewall.engine.twilight.runtime.app.TEngineAppRuntime] [10:55:43] TEngine Main Thread/INFO ] - Time: 0.01
[thewall.engine.twilight.runtime.app.TEngineAppRuntime] [10:55:43] TEngine Main Thread/INFO ] - Time: 0.007
[thewall.engine.twilight.runtime.app.TEngineAppRuntime] [10:55:43] TEngine Main Thread/INFO ] - Time: 0.009
[thewall.engine.twilight.runtime.app.TEngineAppRuntime] [10:55:43] TEngine Main Thread/INFO ] - Time: 0.009
[thewall.engine.twilight.runtime.app.TEngineAppRuntime] [10:55:43] TEngine Main Thread/INFO ] - Time: 0.009
[thewall.engine.twilight.runtime.app.TEngineAppRuntime] [10:55:43] TEngine Main Thread/INFO ] - Time: 0.009
[thewall.engine.twilight.runtime.app.TEngineAppRuntime] [10:55:43] TEngine Main Thread/INFO ] - Time: 0.012
[thewall.engine.twilight.runtime.app.TEngineAppRuntime] [10:55:43] TEngine Main Thread/INFO ] - Time: 0.009
[thewall.engine.twilight.runtime.app.TEngineAppRuntime] [10:55:43] TEngine Main Thread/INFO ] - Time: 0.007
[thewall.engine.twilight.runtime.app.TEngineAppRuntime] [10:55:43] TEngine Main Thread/INFO ] - Time: 0.008
[thewall.engine.twilight.runtime.app.TEngineAppRuntime] [10:55:43] TEngine Main Thread/INFO ] - Time: 0.007
[thewall.engine.twilight.runtime.app.TEngineAppRuntime] [10:55:43] TEngine Main Thread/INFO ] - Time: 0.012
[thewall.engine.twilight.runtime.app.TEngineAppRuntime] [10:55:43] TEngine Main Thread/INFO ] - Time: 0.008
[thewall.engine.twilight.runtime.app.TEngineAppRuntime] [10:55:43] TEngine Main Thread/INFO ] - Time: 0.007
[thewall.engine.twilight.runtime.app.TEngineAppRuntime] [10:55:43] TEngine Main Thread/INFO ] - Time: 0.008
[thewall.engine.twilight.runtime.app.TEngineAppRuntime] [10:55:43] TEngine Main Thread/INFO ] - Time: 0.006
[thewall.engine.twilight.runtime.app.TEngineAppRuntime] [10:55:43] TEngine Main Thread/INFO ] - Time: 0.007
[thewall.engine.twilight.runtime.app.TEngineAppRuntime] [10:55:43] TEngine Main Thread/INFO ] - Time: 0.007
[thewall.engine.twilight.runtime.app.TEngineAppRuntime] [10:55:43] TEngine Main Thread/INFO ] - Time: 0.009
[thewall.engine.twilight.runtime.app.TEngineAppRuntime] [10:55:43] TEngine Main Thread/INFO ] - Time: 0.008
[thewall.engine.twilight.runtime.app.TEngineAppRuntime] [10:55:43] TEngine Main Thread/INFO ] - Time: 0.006
[thewall.engine.twilight.runtime.app.TEngineAppRuntime] [10:55:43] TEngine Main Thread/INFO ] - Time: 0.008
[thewall.engine.twilight.runtime.app.TEngineAppRuntime] [10:55:43] TEngine Main Thread/INFO ] - Time: 0.006
[thewall.engine.twilight.runtime.app.TEngineAppRuntime] [10:55:43] TEngine Main Thread/INFO ] - Time: 0.023
[thewall.engine.twilight.runtime.app.TEngineAppRuntime] [10:55:43] TEngine Main Thread/INFO ] - Time: 0.007
[thewall.engine.twilight.runtime.app.TEngineAppRuntime] [10:55:43] TEngine Main Thread/INFO ] - Time: 0.009
[thewall.engine.twilight.runtime.app.TEngineAppRuntime] [10:55:43] TEngine Main Thread/INFO ] - Time: 0.008
[thewall.engine.twilight.runtime.app.TEngineAppRuntime] [10:55:43] TEngine Main Thread/INFO ] - Time: 0.007
[thewall.engine.twilight.runtime.app.TEngineAppRuntime] [10:55:43] TEngine Main Thread/INFO ] - Time: 0.008
[thewall.engine.twilight.runtime.app.TEngineAppRuntime] [10:55:43] TEngine Main Thread/INFO ] - Time: 0.007
[thewall.engine.twilight.runtime.app.TEngineAppRuntime] [10:55:43] TEngine Main Thread/INFO ] - Time: 0.01
[thewall.engine.twilight.runtime.app.TEngineAppRuntime] [10:55:43] TEngine Main Thread/INFO ] - Time: 0.007
[thewall.engine.twilight.runtime.app.TEngineAppRuntime] [10:55:43] TEngine Main Thread/INFO ] - Time: 0.006
[thewall.engine.twilight.runtime.app.TEngineAppRuntime] [10:55:43] TEngine Main Thread/INFO ] - Time: 0.007
[thewall.engine.twilight.runtime.app.TEngineAppRuntime] [10:55:43] TEngine Main Thread/INFO ] - Time: 0.009
[thewall.engine.twilight.runtime.app.TEngineAppRuntime] [10:55:43] TEngine Main Thread/INFO ] - Time: 0.006
[thewall.engine.twilight.runtime.app.TEngineAppRuntime] [10:55:43] TEngine Main Thread/INFO ] - Time: 0.008
[thewall.engine.twilight.runtime.app.TEngineAppRuntime] [10:55:43] TEngine Main Thread/INFO ] - Time: 0.007
[thewall.engine.twilight.runtime.app.TEngineAppRuntime] [10:55:43] TEngine Main Thread/INFO ] - Time: 0.005
[thewall.engine.twilight.runtime.app.TEngineAppRuntime] [10:55:43] TEngine Main Thread/INFO ] - Time: 0.007
[thewall.engine.twilight.runtime.app.TEngineAppRuntime] [10:55:43] TEngine Main Thread/INFO ] - Time: 0.006
[thewall.engine.twilight.runtime.app.TEngineAppRuntime] [10:55:43] TEngine Main Thread/INFO ] - Time: 0.006
[thewall.engine.twilight.runtime.app.TEngineAppRuntime] [10:55:43] TEngine Main Thread/INFO ] - Time: 0.009
[thewall.engine.twilight.runtime.app.TEngineAppRuntime] [10:55:43] TEngine Main Thread/INFO ] - Time: 0.005
[thewall.engine.twilight.runtime.app.TEngineAppRuntime] [10:55:43] TEngine Main Thread/INFO ] - Time: 0.008
[thewall.engine.twilight.runtime.app.TEngineAppRuntime] [10:55:43] TEngine Main Thread/INFO ] - Time: 0.007
[thewall.engine.twilight.runtime.app.TEngineAppRuntime] [10:55:43] TEngine Main Thread/INFO ] - Time: 0.008
[thewall.engine.twilight.runtime.app.TEngineAppRuntime] [10:55:43] TEngine Main Thread/INFO ] - Time: 0.007
[thewall.engine.twilight.runtime.app.TEngineAppRuntime] [10:55:43] TEngine Main Thread/INFO ] - Time: 0.008
[thewall.engine.twilight.runtime.app.TEngineAppRuntime] [10:55:43] TEngine Main Thread/INFO ] - Time: 0.006
[thewall.engine.twilight.runtime.app.TEngineAppRuntime] [10:55:43] TEngine Main Thread/INFO ] - Time: 0.005
[thewall.engine.twilight.runtime.app.TEngineAppRuntime] [10:55:43] TEngine Main Thread/INFO ] - Time: 0.008
[thewall.engine.twilight.runtime.app.TEngineAppRuntime] [10:55:43] TEngine Main Thread/INFO ] - Time: 0.005
[thewall.engine.twilight.runtime.app.TEngineAppRuntime] [10:55:43] TEngine Main Thread/INFO ] - Time: 0.007
[thewall.engine.twilight.runtime.app.TEngineAppRuntime] [10:55:43] TEngine Main Thread/INFO ] - Time: 0.007
[thewall.engine.twilight.runtime.app.TEngineAppRuntime] [10:55:43] TEngine Main Thread/INFO ] - Time: 0.006
[thewall.engine.twilight.runtime.app.TEngineAppRuntime] [10:55:43] TEngine Main Thread/INFO ] - Time: 0.006
[thewall.engine.twilight.runtime.app.TEngineAppRuntime] [10:55:43] TEngine Main Thread/INFO ] - Time: 0.006
[thewall.engine.twilight.runtime.app.TEngineAppRuntime] [10:55:43] TEngine Main Thread/INFO ] - Time: 0.007
[thewall.engine.twilight.runtime.app.TEngineAppRuntime] [10:55:43] TEngine Main Thread/INFO ] - Time: 0.005
[thewall.engine.twilight.runtime.app.TEngineAppRuntime] [10:55:43] TEngine Main Thread/INFO ] - Time: 0.005
[thewall.engine.twilight.runtime.app.TEngineAppRuntime] [10:55:43] TEngine Main Thread/INFO ] - Time: 0.006
[thewall.engine.twilight.runtime.app.TEngineAppRuntime] [10:55:43] TEngine Main Thread/INFO ] - Time: 0.007
[thewall.engine.twilight.runtime.app.TEngineAppRuntime] [10:55:43] TEngine Main Thread/INFO ] - Time: 0.009
[thewall.engine.twilight.runtime.app.TEngineAppRuntime] [10:55:43] TEngine Main Thread/INFO ] - Time: 0.009
[thewall.engine.twilight.runtime.app.TEngineAppRuntime] [10:55:43] TEngine Main Thread/INFO ] - Time: 0.007
[thewall.engine.twilight.runtime.app.TEngineAppRuntime] [10:55:44] TEngine Main Thread/INFO ] - Time: 0.009
[thewall.engine.twilight.runtime.app.TEngineAppRuntime] [10:55:44] TEngine Main Thread/INFO ] - Time: 0.008
[thewall.engine.twilight.runtime.app.TEngineAppRuntime] [10:55:44] TEngine Main Thread/INFO ] - Time: 0.007
[thewall.engine.twilight.runtime.app.TEngineAppRuntime] [10:55:44] TEngine Main Thread/INFO ] - Time: 0.009
[thewall.engine.twilight.runtime.app.TEngineAppRuntime] [10:55:44] TEngine Main Thread/INFO ] - Time: 0.005
[thewall.engine.twilight.runtime.app.TEngineAppRuntime] [10:55:44] TEngine Main Thread/INFO ] - Time: 0.006
[thewall.engine.twilight.runtime.app.TEngineAppRuntime] [10:55:44] TEngine Main Thread/INFO ] - Time: 0.007
[thewall.engine.twilight.runtime.app.TEngineAppRuntime] [10:55:44] TEngine Main Thread/INFO ] - Time: 0.007
[thewall.engine.twilight.runtime.app.TEngineAppRuntime] [10:55:44] TEngine Main Thread/INFO ] - Time: 0.008
[thewall.engine.twilight.runtime.app.TEngineAppRuntime] [10:55:44] TEngine Main Thread/INFO ] - Time: 0.01
[thewall.engine.twilight.runtime.app.TEngineAppRuntime] [10:55:44] TEngine Main Thread/INFO ] - Time: 0.009
[thewall.engine.twilight.runtime.app.TEngineAppRuntime] [10:55:44] TEngine Main Thread/INFO ] - Time: 0.012
[thewall.engine.twilight.runtime.app.TEngineAppRuntime] [10:55:44] TEngine Main Thread/INFO ] - Time: 0.006
[thewall.engine.twilight.runtime.app.TEngineAppRuntime] [10:55:44] TEngine Main Thread/INFO ] - Time: 0.009
[thewall.engine.twilight.runtime.app.TEngineAppRuntime] [10:55:44] TEngine Main Thread/INFO ] - Time: 0.006
[thewall.engine.twilight.runtime.app.TEngineAppRuntime] [10:55:44] TEngine Main Thread/INFO ] - Time: 0.006
[thewall.engine.twilight.runtime.app.TEngineAppRuntime] [10:55:44] TEngine Main Thread/INFO ] - Time: 0.006
[thewall.engine.twilight.runtime.app.TEngineAppRuntime] [10:55:44] TEngine Main Thread/INFO ] - Time: 0.01
[thewall.engine.twilight.runtime.app.TEngineAppRuntime] [10:55:44] TEngine Main Thread/INFO ] - Time: 0.006
[thewall.engine.twilight.runtime.app.TEngineAppRuntime] [10:55:44] TEngine Main Thread/INFO ] - Time: 0.004
[thewall.engine.twilight.runtime.app.TEngineAppRuntime] [10:55:44] TEngine Main Thread/INFO ] - Time: 0.005
[thewall.engine.twilight.runtime.app.TEngineAppRuntime] [10:55:44] TEngine Main Thread/INFO ] - Time: 0.005
[thewall.engine.twilight.runtime.app.TEngineAppRuntime] [10:55:44] TEngine Main Thread/INFO ] - Time: 0.008
[thewall.engine.twilight.runtime.app.TEngineAppRuntime] [10:55:44] TEngine Main Thread/INFO ] - Time: 0.005
[thewall.engine.twilight.runtime.app.TEngineAppRuntime] [10:55:44] TEngine Main Thread/INFO ] - Time: 0.004
[thewall.engine.twilight.runtime.app.TEngineAppRuntime] [10:55:44] TEngine Main Thread/INFO ] - Time: 0.006
[thewall.engine.twilight.runtime.app.TEngineAppRuntime] [10:55:44] TEngine Main Thread/INFO ] - Time: 0.009
[thewall.engine.twilight.runtime.app.TEngineAppRuntime] [10:55:44] TEngine Main Thread/INFO ] - Time: 0.006
[thewall.engine.twilight.runtime.app.TEngineAppRuntime] [10:55:44] TEngine Main Thread/INFO ] - Time: 0.006
[thewall.engine.twilight.runtime.app.TEngineAppRuntime] [10:55:44] TEngine Main Thread/INFO ] - Time: 0.005
[thewall.engine.twilight.runtime.app.TEngineAppRuntime] [10:55:44] TEngine Main Thread/INFO ] - Time: 0.005
[thewall.engine.twilight.runtime.app.TEngineAppRuntime] [10:55:44] TEngine Main Thread/INFO ] - Time: 0.006
[thewall.engine.twilight.runtime.app.TEngineAppRuntime] [10:55:44] TEngine Main Thread/INFO ] - Time: 0.007
[thewall.engine.twilight.runtime.app.TEngineAppRuntime] [10:55:44] TEngine Main Thread/INFO ] - Time: 0.007
[thewall.engine.twilight.runtime.app.TEngineAppRuntime] [10:55:44] TEngine Main Thread/INFO ] - Time: 0.006
[thewall.engine.twilight.runtime.app.TEngineAppRuntime] [10:55:44] TEngine Main Thread/INFO ] - Time: 0.006
[thewall.engine.twilight.runtime.app.TEngineAppRuntime] [10:55:44] TEngine Main Thread/INFO ] - Time: 0.007
[thewall.engine.twilight.runtime.app.TEngineAppRuntime] [10:55:44] TEngine Main Thread/INFO ] - Time: 0.006
[thewall.engine.twilight.runtime.app.TEngineAppRuntime] [10:55:44] TEngine Main Thread/INFO ] - Time: 0.007
[thewall.engine.twilight.runtime.app.TEngineAppRuntime] [10:55:44] TEngine Main Thread/INFO ] - Time: 0.007
[thewall.engine.twilight.runtime.app.TEngineAppRuntime] [10:55:44] TEngine Main Thread/INFO ] - Time: 0.007
[thewall.engine.twilight.runtime.app.TEngineAppRuntime] [10:55:44] TEngine Main Thread/INFO ] - Time: 0.008
[thewall.engine.twilight.runtime.app.TEngineAppRuntime] [10:55:44] TEngine Main Thread/INFO ] - Time: 0.006
[thewall.engine.twilight.runtime.app.TEngineAppRuntime] [10:55:44] TEngine Main Thread/INFO ] - Time: 0.007
[thewall.engine.twilight.runtime.app.TEngineAppRuntime] [10:55:44] TEngine Main Thread/INFO ] - Time: 0.007
[thewall.engine.twilight.runtime.app.TEngineAppRuntime] [10:55:44] TEngine Main Thread/INFO ] - Time: 0.004
[thewall.engine.twilight.runtime.app.TEngineAppRuntime] [10:55:44] TEngine Main Thread/INFO ] - Time: 0.007
[thewall.engine.twilight.runtime.app.TEngineAppRuntime] [10:55:44] TEngine Main Thread/INFO ] - Time: 0.006
[thewall.engine.twilight.runtime.app.TEngineAppRuntime] [10:55:44] TEngine Main Thread/INFO ] - Time: 0.006
[thewall.engine.twilight.runtime.app.TEngineAppRuntime] [10:55:44] TEngine Main Thread/INFO ] - Time: 0.006
[thewall.engine.twilight.runtime.app.TEngineAppRuntime] [10:55:44] TEngine Main Thread/INFO ] - Time: 0.006
[thewall.engine.twilight.runtime.app.TEngineAppRuntime] [10:55:44] TEngine Main Thread/INFO ] - Time: 0.005
[thewall.engine.twilight.runtime.app.TEngineAppRuntime] [10:55:44] TEngine Main Thread/INFO ] - Time: 0.006
[thewall.engine.twilight.runtime.app.TEngineAppRuntime] [10:55:44] TEngine Main Thread/INFO ] - Time: 0.005
[thewall.engine.twilight.runtime.app.TEngineAppRuntime] [10:55:44] TEngine Main Thread/INFO ] - Time: 0.005
[thewall.engine.twilight.runtime.app.TEngineAppRuntime] [10:55:44] TEngine Main Thread/INFO ] - Time: 0.006
[thewall.engine.twilight.runtime.app.TEngineAppRuntime] [10:55:44] TEngine Main Thread/INFO ] - Time: 0.006
[thewall.engine.twilight.runtime.app.TEngineAppRuntime] [10:55:44] TEngine Main Thread/INFO ] - Time: 0.006
[thewall.engine.twilight.runtime.app.TEngineAppRuntime] [10:55:44] TEngine Main Thread/INFO ] - Time: 0.006
[thewall.engine.twilight.runtime.app.TEngineAppRuntime] [10:55:44] TEngine Main Thread/INFO ] - Time: 0.004
[thewall.engine.twilight.runtime.app.TEngineAppRuntime] [10:55:44] TEngine Main Thread/INFO ] - Time: 0.005
[thewall.engine.twilight.runtime.app.TEngineAppRuntime] [10:55:44] TEngine Main Thread/INFO ] - Time: 0.007
[thewall.engine.twilight.runtime.app.TEngineAppRuntime] [10:55:44] TEngine Main Thread/INFO ] - Time: 0.006
[thewall.engine.twilight.runtime.app.TEngineAppRuntime] [10:55:44] TEngine Main Thread/INFO ] - Time: 0.006
[thewall.engine.twilight.runtime.app.TEngineAppRuntime] [10:55:44] TEngine Main Thread/INFO ] - Time: 0.006
[thewall.engine.twilight.runtime.app.TEngineAppRuntime] [10:55:44] TEngine Main Thread/INFO ] - Time: 0.004
[thewall.engine.twilight.runtime.app.TEngineAppRuntime] [10:55:44] TEngine Main Thread/INFO ] - Time: 0.006
[thewall.engine.twilight.runtime.app.TEngineAppRuntime] [10:55:44] TEngine Main Thread/INFO ] - Time: 0.005
[thewall.engine.twilight.runtime.app.TEngineAppRuntime] [10:55:44] TEngine Main Thread/INFO ] - Time: 0.005
[thewall.engine.twilight.runtime.app.TEngineAppRuntime] [10:55:44] TEngine Main Thread/INFO ] - Time: 0.005
[thewall.engine.twilight.runtime.app.TEngineAppRuntime] [10:55:44] TEngine Main Thread/INFO ] - Time: 0.005
[thewall.engine.twilight.runtime.app.TEngineAppRuntime] [10:55:44] TEngine Main Thread/INFO ] - Time: 0.005
[thewall.engine.twilight.runtime.app.TEngineAppRuntime] [10:55:44] TEngine Main Thread/INFO ] - Time: 0.006
[thewall.engine.twilight.runtime.app.TEngineAppRuntime] [10:55:44] TEngine Main Thread/INFO ] - Time: 0.004
[thewall.engine.twilight.runtime.app.TEngineAppRuntime] [10:55:44] TEngine Main Thread/INFO ] - Time: 0.004
[thewall.engine.twilight.runtime.app.TEngineAppRuntime] [10:55:44] TEngine Main Thread/INFO ] - Time: 0.005
[thewall.engine.twilight.runtime.app.TEngineAppRuntime] [10:55:44] TEngine Main Thread/INFO ] - Time: 0.004
[thewall.engine.twilight.runtime.app.TEngineAppRuntime] [10:55:44] TEngine Main Thread/INFO ] - Time: 0.006
[thewall.engine.twilight.runtime.app.TEngineAppRuntime] [10:55:44] TEngine Main Thread/INFO ] - Time: 0.005
[thewall.engine.twilight.runtime.app.TEngineAppRuntime] [10:55:44] TEngine Main Thread/INFO ] - Time: 0.005
[thewall.engine.twilight.runtime.app.TEngineAppRuntime] [10:55:44] TEngine Main Thread/INFO ] - Time: 0.005
[thewall.engine.twilight.runtime.app.TEngineAppRuntime] [10:55:44] TEngine Main Thread/INFO ] - Time: 0.004
[thewall.engine.twilight.runtime.app.TEngineAppRuntime] [10:55:44] TEngine Main Thread/INFO ] - Time: 0.006
[thewall.engine.twilight.runtime.app.TEngineAppRuntime] [10:55:44] TEngine Main Thread/INFO ] - Time: 0.005
[thewall.engine.twilight.runtime.app.TEngineAppRuntime] [10:55:44] TEngine Main Thread/INFO ] - Time: 0.004
[thewall.engine.twilight.runtime.app.TEngineAppRuntime] [10:55:44] TEngine Main Thread/INFO ] - Time: 0.004
[thewall.engine.twilight.runtime.app.TEngineAppRuntime] [10:55:44] TEngine Main Thread/INFO ] - Time: 0.005
[thewall.engine.twilight.runtime.app.TEngineAppRuntime] [10:55:44] TEngine Main Thread/INFO ] - Time: 0.004
[thewall.engine.twilight.runtime.app.TEngineAppRuntime] [10:55:44] TEngine Main Thread/INFO ] - Time: 0.005
[thewall.engine.twilight.runtime.app.TEngineAppRuntime] [10:55:44] TEngine Main Thread/INFO ] - Time: 0.005
[thewall.engine.twilight.runtime.app.TEngineAppRuntime] [10:55:44] TEngine Main Thread/INFO ] - Time: 0.004
[thewall.engine.twilight.runtime.app.TEngineAppRuntime] [10:55:44] TEngine Main Thread/INFO ] - Time: 0.004
[thewall.engine.twilight.runtime.app.TEngineAppRuntime] [10:55:44] TEngine Main Thread/INFO ] - Time: 0.005
[thewall.engine.twilight.runtime.app.TEngineAppRuntime] [10:55:44] TEngine Main Thread/INFO ] - Time: 0.005
[thewall.engine.twilight.runtime.app.TEngineAppRuntime] [10:55:44] TEngine Main Thread/INFO ] - Time: 0.004
[thewall.engine.twilight.runtime.app.TEngineAppRuntime] [10:55:44] TEngine Main Thread/INFO ] - Time: 0.004
[thewall.engine.twilight.runtime.app.TEngineAppRuntime] [10:55:45] TEngine Main Thread/INFO ] - Time: 0.005
[thewall.engine.twilight.runtime.app.TEngineAppRuntime] [10:55:45] TEngine Main Thread/INFO ] - Time: 0.006
[thewall.engine.twilight.runtime.app.TEngineAppRuntime] [10:55:45] TEngine Main Thread/INFO ] - Time: 0.005
[thewall.engine.twilight.runtime.app.TEngineAppRuntime] [10:55:45] TEngine Main Thread/INFO ] - Time: 0.006
[thewall.engine.twilight.runtime.app.TEngineAppRuntime] [10:55:45] TEngine Main Thread/INFO ] - Time: 0.005
[thewall.engine.twilight.runtime.app.TEngineAppRuntime] [10:55:45] TEngine Main Thread/INFO ] - Time: 0.005
[thewall.engine.twilight.runtime.app.TEngineAppRuntime] [10:55:45] TEngine Main Thread/INFO ] - Time: 0.006
[thewall.engine.twilight.runtime.app.TEngineAppRuntime] [10:55:45] TEngine Main Thread/INFO ] - Time: 0.005
[thewall.engine.twilight.runtime.app.TEngineAppRuntime] [10:55:45] TEngine Main Thread/INFO ] - Time: 0.005
[thewall.engine.twilight.runtime.app.TEngineAppRuntime] [10:55:45] TEngine Main Thread/INFO ] - Time: 0.006
[thewall.engine.twilight.runtime.app.TEngineAppRuntime] [10:55:45] TEngine Main Thread/INFO ] - Time: 0.007
[thewall.engine.twilight.runtime.app.TEngineAppRuntime] [10:55:45] TEngine Main Thread/INFO ] - Time: 0.007
[thewall.engine.twilight.runtime.app.TEngineAppRuntime] [10:55:45] TEngine Main Thread/INFO ] - Time: 0.007
[thewall.engine.twilight.runtime.app.TEngineAppRuntime] [10:55:45] TEngine Main Thread/INFO ] - Time: 0.006
[thewall.engine.twilight.runtime.app.TEngineAppRuntime] [10:55:45] TEngine Main Thread/INFO ] - Time: 0.005
[thewall.engine.twilight.runtime.app.TEngineAppRuntime] [10:55:45] TEngine Main Thread/INFO ] - Time: 0.005
[thewall.engine.twilight.runtime.app.TEngineAppRuntime] [10:55:45] TEngine Main Thread/INFO ] - Time: 0.005
[thewall.engine.twilight.runtime.app.TEngineAppRuntime] [10:55:45] TEngine Main Thread/INFO ] - Time: 0.005
[thewall.engine.twilight.runtime.app.TEngineAppRuntime] [10:55:45] TEngine Main Thread/INFO ] - Time: 0.005
[thewall.engine.twilight.runtime.app.TEngineAppRuntime] [10:55:45] TEngine Main Thread/INFO ] - Time: 0.004
[thewall.engine.twilight.runtime.app.TEngineAppRuntime] [10:55:45] TEngine Main Thread/INFO ] - Time: 0.004
[thewall.engine.twilight.runtime.app.TEngineAppRuntime] [10:55:45] TEngine Main Thread/INFO ] - Time: 0.004
[thewall.engine.twilight.runtime.app.TEngineAppRuntime] [10:55:45] TEngine Main Thread/INFO ] - Time: 0.007
[thewall.engine.twilight.runtime.app.TEngineAppRuntime] [10:55:45] TEngine Main Thread/INFO ] - Time: 0.006
[thewall.engine.twilight.runtime.app.TEngineAppRuntime] [10:55:45] TEngine Main Thread/INFO ] - Time: 0.005
[thewall.engine.twilight.runtime.app.TEngineAppRuntime] [10:55:45] TEngine Main Thread/INFO ] - Time: 0.006
[thewall.engine.twilight.runtime.app.TEngineAppRuntime] [10:55:45] TEngine Main Thread/INFO ] - Time: 0.005
[thewall.engine.twilight.runtime.app.TEngineAppRuntime] [10:55:45] TEngine Main Thread/INFO ] - Time: 0.005
[thewall.engine.twilight.runtime.app.TEngineAppRuntime] [10:55:45] TEngine Main Thread/INFO ] - Time: 0.004
[thewall.engine.twilight.runtime.app.TEngineAppRuntime] [10:55:45] TEngine Main Thread/INFO ] - Time: 0.005
[thewall.engine.twilight.runtime.app.TEngineAppRuntime] [10:55:45] TEngine Main Thread/INFO ] - Time: 0.005
[thewall.engine.twilight.runtime.app.TEngineAppRuntime] [10:55:45] TEngine Main Thread/INFO ] - Time: 0.006
[thewall.engine.twilight.runtime.app.TEngineAppRuntime] [10:55:45] TEngine Main Thread/INFO ] - Time: 0.005
[thewall.engine.twilight.runtime.app.TEngineAppRuntime] [10:55:45] TEngine Main Thread/INFO ] - Time: 0.003
[thewall.engine.twilight.runtime.app.TEngineAppRuntime] [10:55:45] TEngine Main Thread/INFO ] - Time: 0.004
[thewall.engine.twilight.runtime.app.TEngineAppRuntime] [10:55:45] TEngine Main Thread/INFO ] - Time: 0.003
[thewall.engine.twilight.runtime.app.TEngineAppRuntime] [10:55:45] TEngine Main Thread/INFO ] - Time: 0.004
[thewall.engine.twilight.runtime.app.TEngineAppRuntime] [10:55:45] TEngine Main Thread/INFO ] - Time: 0.004
[thewall.engine.twilight.runtime.app.TEngineAppRuntime] [10:55:45] TEngine Main Thread/INFO ] - Time: 0.004
[thewall.engine.twilight.runtime.app.TEngineAppRuntime] [10:55:45] TEngine Main Thread/INFO ] - Time: 0.005
[thewall.engine.twilight.runtime.app.TEngineAppRuntime] [10:55:45] TEngine Main Thread/INFO ] - Time: 0.003
[thewall.engine.twilight.runtime.app.TEngineAppRuntime] [10:55:45] TEngine Main Thread/INFO ] - Time: 0.003
[thewall.engine.twilight.runtime.app.TEngineAppRuntime] [10:55:45] TEngine Main Thread/INFO ] - Time: 0.003
[thewall.engine.twilight.runtime.app.TEngineAppRuntime] [10:55:45] TEngine Main Thread/INFO ] - Time: 0.005
[thewall.engine.twilight.runtime.app.TEngineAppRuntime] [10:55:45] TEngine Main Thread/INFO ] - Time: 0.002
[thewall.engine.twilight.runtime.app.TEngineAppRuntime] [10:55:45] TEngine Main Thread/INFO ] - Time: 0.003
[thewall.engine.twilight.runtime.app.TEngineAppRuntime] [10:55:45] TEngine Main Thread/INFO ] - Time: 0.003
[thewall.engine.twilight.runtime.app.TEngineAppRuntime] [10:55:45] TEngine Main Thread/INFO ] - Time: 0.003
[thewall.engine.twilight.runtime.app.TEngineAppRuntime] [10:55:45] TEngine Main Thread/INFO ] - Time: 0.003
[thewall.engine.twilight.runtime.app.TEngineAppRuntime] [10:55:45] TEngine Main Thread/INFO ] - Time: 0.003
[thewall.engine.twilight.runtime.app.TEngineAppRuntime] [10:55:45] TEngine Main Thread/INFO ] - Time: 0.003
[thewall.engine.twilight.runtime.app.TEngineAppRuntime] [10:55:45] TEngine Main Thread/INFO ] - Time: 0.003
[thewall.engine.twilight.runtime.app.TEngineAppRuntime] [10:55:45] TEngine Main Thread/INFO ] - Time: 0.004
[thewall.engine.twilight.runtime.app.TEngineAppRuntime] [10:55:45] TEngine Main Thread/INFO ] - Time: 0.004
[thewall.engine.twilight.runtime.app.TEngineAppRuntime] [10:55:45] TEngine Main Thread/INFO ] - Time: 0.004
[thewall.engine.twilight.runtime.app.TEngineAppRuntime] [10:55:45] TEngine Main Thread/INFO ] - Time: 0.003
[thewall.engine.twilight.runtime.app.TEngineAppRuntime] [10:55:45] TEngine Main Thread/INFO ] - Time: 0.003
[thewall.engine.twilight.runtime.app.TEngineAppRuntime] [10:55:45] TEngine Main Thread/INFO ] - Time: 0.004
[thewall.engine.twilight.runtime.app.TEngineAppRuntime] [10:55:45] TEngine Main Thread/INFO ] - Time: 0.003
[thewall.engine.twilight.runtime.app.TEngineAppRuntime] [10:55:45] TEngine Main Thread/INFO ] - Time: 0.004
[thewall.engine.twilight.runtime.app.TEngineAppRuntime] [10:55:45] TEngine Main Thread/INFO ] - Time: 0.005
[thewall.engine.twilight.runtime.app.TEngineAppRuntime] [10:55:45] TEngine Main Thread/INFO ] - Time: 0.004
[thewall.engine.twilight.runtime.app.TEngineAppRuntime] [10:55:45] TEngine Main Thread/INFO ] - Time: 0.005
[thewall.engine.twilight.runtime.app.TEngineAppRuntime] [10:55:45] TEngine Main Thread/INFO ] - Time: 0.005
[thewall.engine.twilight.runtime.app.TEngineAppRuntime] [10:55:45] TEngine Main Thread/INFO ] - Time: 0.007
[thewall.engine.twilight.runtime.app.TEngineAppRuntime] [10:55:45] TEngine Main Thread/INFO ] - Time: 0.004
[thewall.engine.twilight.runtime.app.TEngineAppRuntime] [10:55:45] TEngine Main Thread/INFO ] - Time: 0.005
[thewall.engine.twilight.runtime.app.TEngineAppRuntime] [10:55:45] TEngine Main Thread/INFO ] - Time: 0.007
[thewall.engine.twilight.runtime.app.TEngineAppRuntime] [10:55:45] TEngine Main Thread/INFO ] - Time: 0.005
[thewall.engine.twilight.runtime.app.TEngineAppRuntime] [10:55:45] TEngine Main Thread/INFO ] - Time: 0.003
[thewall.engine.twilight.runtime.app.TEngineAppRuntime] [10:55:45] TEngine Main Thread/INFO ] - Time: 0.005
[thewall.engine.twilight.runtime.app.TEngineAppRuntime] [10:55:45] TEngine Main Thread/INFO ] - Time: 0.005
[thewall.engine.twilight.runtime.app.TEngineAppRuntime] [10:55:45] TEngine Main Thread/INFO ] - Time: 0.004
[thewall.engine.twilight.runtime.app.TEngineAppRuntime] [10:55:45] TEngine Main Thread/INFO ] - Time: 0.004
[thewall.engine.twilight.runtime.app.TEngineAppRuntime] [10:55:45] TEngine Main Thread/INFO ] - Time: 0.004
[thewall.engine.twilight.runtime.app.TEngineAppRuntime] [10:55:45] TEngine Main Thread/INFO ] - Time: 0.005
[thewall.engine.twilight.runtime.app.TEngineAppRuntime] [10:55:45] TEngine Main Thread/INFO ] - Time: 0.004
[thewall.engine.twilight.runtime.app.TEngineAppRuntime] [10:55:45] TEngine Main Thread/INFO ] - Time: 0.003
[thewall.engine.twilight.runtime.app.TEngineAppRuntime] [10:55:45] TEngine Main Thread/INFO ] - Time: 0.005
[thewall.engine.twilight.runtime.app.TEngineAppRuntime] [10:55:45] TEngine Main Thread/INFO ] - Time: 0.005
[thewall.engine.twilight.runtime.app.TEngineAppRuntime] [10:55:45] TEngine Main Thread/INFO ] - Time: 0.004
[thewall.engine.twilight.runtime.app.TEngineAppRuntime] [10:55:45] TEngine Main Thread/INFO ] - Time: 0.004
[thewall.engine.twilight.runtime.app.TEngineAppRuntime] [10:55:45] TEngine Main Thread/INFO ] - Time: 0.003
[thewall.engine.twilight.runtime.app.TEngineAppRuntime] [10:55:45] TEngine Main Thread/INFO ] - Time: 0.003
[thewall.engine.twilight.runtime.app.TEngineAppRuntime] [10:55:45] TEngine Main Thread/INFO ] - Time: 0.004
[thewall.engine.twilight.runtime.app.TEngineAppRuntime] [10:55:45] TEngine Main Thread/INFO ] - Time: 0.003
[thewall.engine.twilight.runtime.app.TEngineAppRuntime] [10:55:45] TEngine Main Thread/INFO ] - Time: 0.004
[thewall.engine.twilight.runtime.app.TEngineAppRuntime] [10:55:45] TEngine Main Thread/INFO ] - Time: 0.002
[thewall.engine.twilight.runtime.app.TEngineAppRuntime] [10:55:45] TEngine Main Thread/INFO ] - Time: 0.003
[thewall.engine.twilight.runtime.app.TEngineAppRuntime] [10:55:45] TEngine Main Thread/INFO ] - Time: 0.003
[thewall.engine.twilight.runtime.app.TEngineAppRuntime] [10:55:45] TEngine Main Thread/INFO ] - Time: 0.004
[thewall.engine.twilight.runtime.app.TEngineAppRuntime] [10:55:45] TEngine Main Thread/INFO ] - Time: 0.003
[thewall.engine.twilight.runtime.app.TEngineAppRuntime] [10:55:45] TEngine Main Thread/INFO ] - Time: 0.003
[thewall.engine.twilight.runtime.app.TEngineAppRuntime] [10:55:45] TEngine Main Thread/INFO ] - Time: 0.005
[thewall.engine.twilight.runtime.app.TEngineAppRuntime] [10:55:45] TEngine Main Thread/INFO ] - Time: 0.003
[thewall.engine.twilight.runtime.app.TEngineAppRuntime] [10:55:45] TEngine Main Thread/INFO ] - Time: 0.003
[thewall.engine.twilight.runtime.app.TEngineAppRuntime] [10:55:45] TEngine Main Thread/INFO ] - Time: 0.004
[thewall.engine.twilight.runtime.app.TEngineAppRuntime] [10:55:45] TEngine Main Thread/INFO ] - Time: 0.003
[thewall.engine.twilight.runtime.app.TEngineAppRuntime] [10:55:45] TEngine Main Thread/INFO ] - Time: 0.004
[thewall.engine.twilight.runtime.app.TEngineAppRuntime] [10:55:45] TEngine Main Thread/INFO ] - Time: 0.004
[thewall.engine.twilight.runtime.app.TEngineAppRuntime] [10:55:45] TEngine Main Thread/INFO ] - Time: 0.003
[thewall.engine.twilight.runtime.app.TEngineAppRuntime] [10:55:45] TEngine Main Thread/INFO ] - Time: 0.004
[thewall.engine.twilight.runtime.app.TEngineAppRuntime] [10:55:45] TEngine Main Thread/INFO ] - Time: 0.003
[thewall.engine.twilight.runtime.app.TEngineAppRuntime] [10:55:45] TEngine Main Thread/INFO ] - Time: 0.004
[thewall.engine.twilight.runtime.app.TEngineAppRuntime] [10:55:45] TEngine Main Thread/INFO ] - Time: 0.003
[thewall.engine.twilight.runtime.app.TEngineAppRuntime] [10:55:45] TEngine Main Thread/INFO ] - Time: 0.004
[thewall.engine.twilight.runtime.app.TEngineAppRuntime] [10:55:45] TEngine Main Thread/INFO ] - Time: 0.004
[thewall.engine.twilight.runtime.app.TEngineAppRuntime] [10:55:45] TEngine Main Thread/INFO ] - Time: 0.003
[thewall.engine.twilight.runtime.app.TEngineAppRuntime] [10:55:45] TEngine Main Thread/INFO ] - Time: 0.003
[thewall.engine.twilight.runtime.app.TEngineAppRuntime] [10:55:45] TEngine Main Thread/INFO ] - Time: 0.004
[thewall.engine.twilight.runtime.AbstractRuntime] [10:55:45] TEngine Main Thread/INFO ] - Stopping runtime for [TEngine Game App Runtime]
[thewall.engine.twilight.runtime.app.TEngineAppRuntime] [10:55:45] TEngine Main Thread/INFO ] - Time: 0.006
[thewall.engine.twilight.runtime.app.TEngineAppRuntime] [10:55:46] TEngine Main Thread/INFO ] - Shutting down [The Wall] ...
[thewall.engine.twilight.debugger.console.DebugConsole] [10:55:46] TEngine Main Thread/INFO ] - Disabling debug logging, stand by
[thewall.engine.twilight.debugger.console.DebugConsole] [10:55:46] TEngine Main Thread/INFO ] - Closing debug window
[thewall.engine.twilight.runtime.app.TEngineAppRuntime] [10:55:46] TEngine Main Thread/INFO ] - Closing app...
[thewall.engine.twilight.runtime.AbstractRuntime] [10:55:46] Thread-1/INFO ] - Stopping runtime for [TEngine Game App Runtime]
