[thewall.engine.twilight.TwilightApp] [23:43:16] main/INFO ] - Initializing TEngine 1.0.6
[thewall.engine.twilight.runtime.AbstractRuntime] [23:43:16] TwLight Main Thread/INFO ] - Starting runtime for [Twilight Game App Runtime]
[thewall.engine.twilight.shaders.ShaderProgram] [23:43:16] TwLight Main Thread/ERROR] - Uniform [random] not found
[thewall.engine.twilight.runtime.app.TEngineAppRuntime] [23:43:17] TwLight Main Thread/INFO ] - OpenGL:                4.6 (Compatibility Profile) Mesa 20.3.5
[thewall.engine.twilight.runtime.app.TEngineAppRuntime] [23:43:17] TwLight Main Thread/INFO ] - GPU:                   Mesa Intel(R) HD Graphics 630 (KBL GT2)
[thewall.engine.twilight.runtime.app.TEngineAppRuntime] [23:43:17] TwLight Main Thread/INFO ] - OpenGL Vendor:         Intel
[thewall.engine.twilight.render.MasterRenderer] [23:43:17] TwLight Main Thread/WARN ] - Entity [thewall.engine.twilight.entity.RawEntity] is deprecated, try to use another entity or implement your own.
[thewall.engine.twilight.render.MasterRenderer] [23:43:19] TwLight Main Thread/INFO ] - 720 1081
[thewall.engine.twilight.render.MasterRenderer] [23:43:19] TwLight Main Thread/INFO ] - 722 1084
[thewall.engine.twilight.render.MasterRenderer] [23:43:19] TwLight Main Thread/INFO ] - 728 1092
[thewall.engine.twilight.render.MasterRenderer] [23:43:19] TwLight Main Thread/INFO ] - 734 1100
[thewall.engine.twilight.render.MasterRenderer] [23:43:19] TwLight Main Thread/INFO ] - 736 1103
[thewall.engine.twilight.render.MasterRenderer] [23:43:19] TwLight Main Thread/INFO ] - 736 1104
[thewall.engine.twilight.render.MasterRenderer] [23:43:19] TwLight Main Thread/INFO ] - 737 1109
[thewall.engine.twilight.render.MasterRenderer] [23:43:19] TwLight Main Thread/INFO ] - 740 1118
[thewall.engine.twilight.render.MasterRenderer] [23:43:19] TwLight Main Thread/INFO ] - 744 1129
[thewall.engine.twilight.render.MasterRenderer] [23:43:19] TwLight Main Thread/INFO ] - 746 1136
[thewall.engine.twilight.render.MasterRenderer] [23:43:19] TwLight Main Thread/INFO ] - 746 1137
[thewall.engine.twilight.render.MasterRenderer] [23:43:19] TwLight Main Thread/INFO ] - 747 1137
[thewall.engine.twilight.render.MasterRenderer] [23:43:19] TwLight Main Thread/INFO ] - 748 1144
[thewall.engine.twilight.render.MasterRenderer] [23:43:19] TwLight Main Thread/INFO ] - 749 1148
[thewall.engine.twilight.render.MasterRenderer] [23:43:19] TwLight Main Thread/INFO ] - 749 1149
[thewall.engine.twilight.render.MasterRenderer] [23:43:20] TwLight Main Thread/INFO ] - 751 1152
[thewall.engine.twilight.render.MasterRenderer] [23:43:20] TwLight Main Thread/INFO ] - 752 1153
[thewall.engine.twilight.render.MasterRenderer] [23:43:21] TwLight Main Thread/INFO ] - 751 1152
[thewall.engine.twilight.render.MasterRenderer] [23:43:21] TwLight Main Thread/INFO ] - 741 1134
[thewall.engine.twilight.render.MasterRenderer] [23:43:21] TwLight Main Thread/INFO ] - 726 1089
[thewall.engine.twilight.render.MasterRenderer] [23:43:21] TwLight Main Thread/INFO ] - 704 1009
[thewall.engine.twilight.render.MasterRenderer] [23:43:21] TwLight Main Thread/INFO ] - 677 910
[thewall.engine.twilight.render.MasterRenderer] [23:43:21] TwLight Main Thread/INFO ] - 635 761
[thewall.engine.twilight.render.MasterRenderer] [23:43:21] TwLight Main Thread/INFO ] - 584 611
[thewall.engine.twilight.render.MasterRenderer] [23:43:21] TwLight Main Thread/INFO ] - 508 450
[thewall.engine.twilight.render.MasterRenderer] [23:43:21] TwLight Main Thread/INFO ] - 455 358
[thewall.engine.twilight.render.MasterRenderer] [23:43:21] TwLight Main Thread/INFO ] - 415 302
[thewall.engine.twilight.render.MasterRenderer] [23:43:21] TwLight Main Thread/INFO ] - 394 277
[thewall.engine.twilight.render.MasterRenderer] [23:43:21] TwLight Main Thread/INFO ] - 393 276
[thewall.engine.twilight.render.MasterRenderer] [23:43:21] TwLight Main Thread/INFO ] - 393 275
[thewall.engine.twilight.render.MasterRenderer] [23:43:21] TwLight Main Thread/INFO ] - 386 267
[thewall.engine.twilight.render.MasterRenderer] [23:43:21] TwLight Main Thread/INFO ] - 380 260
[thewall.engine.twilight.render.MasterRenderer] [23:43:21] TwLight Main Thread/INFO ] - 379 259
[thewall.engine.twilight.render.MasterRenderer] [23:43:21] TwLight Main Thread/INFO ] - 373 251
[thewall.engine.twilight.render.MasterRenderer] [23:43:21] TwLight Main Thread/INFO ] - 348 215
[thewall.engine.twilight.render.MasterRenderer] [23:43:21] TwLight Main Thread/INFO ] - 310 142
[thewall.engine.twilight.render.MasterRenderer] [23:43:21] TwLight Main Thread/INFO ] - 273 64
[thewall.engine.twilight.render.MasterRenderer] [23:43:21] TwLight Main Thread/INFO ] - 242 1
[thewall.engine.twilight.render.MasterRenderer] [23:43:21] TwLight Main Thread/INFO ] - 225 1
[thewall.engine.twilight.render.MasterRenderer] [23:43:22] TwLight Main Thread/INFO ] - 222 1
[thewall.engine.twilight.render.MasterRenderer] [23:43:22] TwLight Main Thread/INFO ] - 221 1
[thewall.engine.twilight.render.MasterRenderer] [23:43:22] TwLight Main Thread/INFO ] - 213 1
[thewall.engine.twilight.render.MasterRenderer] [23:43:22] TwLight Main Thread/INFO ] - 192 1
[thewall.engine.twilight.render.MasterRenderer] [23:43:22] TwLight Main Thread/INFO ] - 162 1
[thewall.engine.twilight.render.MasterRenderer] [23:43:22] TwLight Main Thread/INFO ] - 117 1
[thewall.engine.twilight.render.MasterRenderer] [23:43:23] TwLight Main Thread/INFO ] - 105 1
[thewall.engine.twilight.render.MasterRenderer] [23:43:23] TwLight Main Thread/INFO ] - 100 1
[thewall.engine.twilight.render.MasterRenderer] [23:43:23] TwLight Main Thread/INFO ] - 98 1
[thewall.engine.twilight.render.MasterRenderer] [23:43:23] TwLight Main Thread/INFO ] - 97 1
[thewall.engine.twilight.render.MasterRenderer] [23:43:23] TwLight Main Thread/INFO ] - 96 1
[thewall.engine.twilight.render.MasterRenderer] [23:43:23] TwLight Main Thread/INFO ] - 93 1
[thewall.engine.twilight.render.MasterRenderer] [23:43:23] TwLight Main Thread/INFO ] - 84 1
[thewall.engine.twilight.render.MasterRenderer] [23:43:23] TwLight Main Thread/INFO ] - 67 1
[thewall.engine.twilight.render.MasterRenderer] [23:43:23] TwLight Main Thread/INFO ] - 50 1
[thewall.engine.twilight.render.MasterRenderer] [23:43:23] TwLight Main Thread/INFO ] - 32 1
[thewall.engine.twilight.render.MasterRenderer] [23:43:23] TwLight Main Thread/INFO ] - 14 1
[thewall.engine.twilight.render.MasterRenderer] [23:43:23] TwLight Main Thread/INFO ] - 1 1
[thewall.engine.twilight.render.MasterRenderer] [23:43:25] TwLight Main Thread/INFO ] - 2 1
[thewall.engine.twilight.render.MasterRenderer] [23:43:26] TwLight Main Thread/INFO ] - 13 19
[thewall.engine.twilight.render.MasterRenderer] [23:43:26] TwLight Main Thread/INFO ] - 29 74
[thewall.engine.twilight.render.MasterRenderer] [23:43:26] TwLight Main Thread/INFO ] - 34 101
[thewall.engine.twilight.render.MasterRenderer] [23:43:26] TwLight Main Thread/INFO ] - 38 124
[thewall.engine.twilight.render.MasterRenderer] [23:43:26] TwLight Main Thread/INFO ] - 41 141
[thewall.engine.twilight.render.MasterRenderer] [23:43:26] TwLight Main Thread/INFO ] - 42 146
[thewall.engine.twilight.render.MasterRenderer] [23:43:26] TwLight Main Thread/INFO ] - 45 154
[thewall.engine.twilight.render.MasterRenderer] [23:43:26] TwLight Main Thread/INFO ] - 51 169
[thewall.engine.twilight.render.MasterRenderer] [23:43:26] TwLight Main Thread/INFO ] - 56 182
[thewall.engine.twilight.render.MasterRenderer] [23:43:26] TwLight Main Thread/INFO ] - 57 185
[thewall.engine.twilight.render.MasterRenderer] [23:43:26] TwLight Main Thread/INFO ] - 57 186
[thewall.engine.twilight.render.MasterRenderer] [23:43:26] TwLight Main Thread/INFO ] - 58 190
[thewall.engine.twilight.render.MasterRenderer] [23:43:26] TwLight Main Thread/INFO ] - 59 192
[thewall.engine.twilight.render.MasterRenderer] [23:43:27] TwLight Main Thread/INFO ] - 59 193
[thewall.engine.twilight.render.MasterRenderer] [23:43:27] TwLight Main Thread/INFO ] - 61 203
[thewall.engine.twilight.render.MasterRenderer] [23:43:27] TwLight Main Thread/INFO ] - 64 223
[thewall.engine.twilight.render.MasterRenderer] [23:43:27] TwLight Main Thread/INFO ] - 65 241
[thewall.engine.twilight.render.MasterRenderer] [23:43:27