[thewall.engine.twilight.TwilightApp] [21:25:58] main/INFO ] - Initializing Twilight 1.1.0.3
[thewall.engine.twilight.runtime.AbstractRuntime] [21:25:58] TwLight Main Thread/INFO ] - Starting runtime for [Twilight Game App Runtime]
[thewall.engine.twilight.shaders.ShaderProgram] [21:25:58] TwLight Main Thread/ERROR] - GLSL Shader compile error from: [terrainfragmentShader.frag]
[thewall.engine.twilight.shaders.ShaderProgram] [21:25:58] TwLight Main Thread/ERROR] - Shader error details:
0:48(30): error: `modelTexture' undeclared
0:48(22): error: no matching function for call to `texture(error, vec2)'; candidates are:
0:48(22): error:    vec4 texture(sampler1D, float)
0:48(22): error:    ivec4 texture(isampler1D, float)
0:48(22): error:    uvec4 texture(usampler1D, float)
0:48(22): error:    vec4 texture(sampler2D, vec2)
0:48(22): error:    ivec4 texture(isampler2D, vec2)
0:48(22): error:    uvec4 texture(usampler2D, vec2)
0:48(22): error:    vec4 texture(sampler3D, vec3)
0:48(22): error:    ivec4 texture(isampler3D, vec3)
0:48(22): error:    uvec4 texture(usampler3D, vec3)
0:48(22): error:    vec4 texture(samplerCube, vec3)
0:48(22): error:    ivec4 texture(isamplerCube, vec3)
0:48(22): error:    uvec4 texture(usamplerCube, vec3)
0:48(22): error:    float texture(sampler1DShadow, vec3)
0:48(22): error:    float texture(sampler2DShadow, vec3)
0:48(22): error:    float texture(samplerCubeShadow, vec4)
0:48(22): error:    vec4 texture(sampler1DArray, vec2)
0:48(22): error:    ivec4 texture(isampler1DArray, vec2)
0:48(22): error:    uvec4 texture(usampler1DArray, vec2)
0:48(22): error:    vec4 texture(sampler2DArray, vec3)
0:48(22): error:    ivec4 texture(isampler2DArray, vec3)
0:48(22): error:    uvec4 texture(usampler2DArray, vec3)
0:48(22): error:    vec4 texture(samplerCubeArray, vec4)
0:48(22): error:    ivec4 texture(isamplerCubeArray, vec4)
0:48(22): error:    uvec4 texture(usamplerCubeArray, vec4)
0:48(22): error:    float texture(sampler1DArrayShadow, vec3)
0:48(22): error:    float texture(sampler2DArrayShadow, vec4)
0:48(22): error:    float texture(samplerCubeArrayShadow, vec4, float)
0:48(22): error:    vec4 texture(sampler2DRect, vec2)
0:48(22): error:    ivec4 texture(isampler2DRect, vec2)
0:48(22): error:    uvec4 texture(usampler2DRect, vec2)
0:48(22): error:    float texture(sampler2DRectShadow, vec3)
0:48(22): error:    vec4 texture(sampler1D, float, float)
0:48(22): error:    ivec4 texture(isampler1D, float, float)
0:48(22): error:    uvec4 texture(usampler1D, float, float)
0:48(22): error:    vec4 texture(sampler2D, vec2, float)
0:48(22): error:    ivec4 texture(isampler2D, vec2, float)
0:48(22): error:    uvec4 texture(usampler2D, vec2, float)
0:48(22): error:    vec4 texture(sampler3D, vec3, float)
0:48(22): error:    ivec4 texture(isampler3D, vec3, float)
0:48(22): error:    uvec4 texture(usampler3D, vec3, float)
0:48(22): error:    vec4 texture(samplerCube, vec3, float)
0:48(22): error:    ivec4 texture(isamplerCube, vec3, float)
0:48(22): error:    uvec4 texture(usamplerCube, vec3, float)
0:48(22): error:    float texture(sampler1DShadow, vec3, float)
0:48(22): error:    float texture(sampler2DShadow, vec3, float)
0:48(22): error:    float texture(samplerCubeShadow, vec4, float)
0:48(22): error:    vec4 texture(sampler1DArray, vec2, float)
0:48(22): error:    ivec4 texture(isampler1DArray, vec2, float)
0:48(22): error:    uvec4 texture(usampler1DArray, vec2, float)
0:48(22): error:    vec4 texture(sampler2DArray, vec3, float)
0:48(22): error:    ivec4 texture(isampler2DArray, vec3, float)
0:48(22): error:    uvec4 texture(usampler2DArray, vec3, float)
0:48(22): error:    vec4 texture(samplerCubeArray, vec4, float)
0:48(22): error:    ivec4 texture(isamplerCubeArray, vec4, float)
0:48(22): error:    uvec4 texture(usamplerCubeArray, vec4, float)
0:48(22): error:    float texture(sampler1DArrayShadow, vec3, float)
0:49(5): warning: `textureColor' used uninitialized
0:53(47): error: `modelTexture' undeclared
0:53(39): error: no matching function for call to `texture(error, vec2)'; candidates are:
0:53(39): error:    vec4 texture(sampler1D, float)
0:53(39): error:    ivec4 texture(isampler1D, float)
0:53(39): error:    uvec4 texture(usampler1D, float)
0:53(39): error:    vec4 texture(sampler2D, vec2)
0:53(39): error:    ivec4 texture(isampler2D, vec2)
0:53(39): error:    uvec4 texture(usampler2D, vec2)
0:53(39): error:    vec4 texture(sampler3D, vec3)
0:53(39): error:    ivec4 texture(isampler3D, vec3)
0:53(39): error:    uvec4 texture(usampler3D, vec3)
0:53(39): error:    vec4 texture(samplerCube, vec3)
0:53(39): error:    ivec4 texture(isamplerCube, vec3)
0:53(39): error:    uvec4 texture(usamplerCube, vec3)
0:53(39): error:    float texture(sampler1DShadow, vec3)
0:53(39): error:    float texture(sampler2DShadow, vec3)
0:53(39): error:    float texture(samplerCubeShadow, vec4)
0:53(39): error:    vec4 texture(sampler1DArray, vec2)
0:53(39): error:    ivec4 texture(isampler1DArray, vec2)
0:53(39): error:    uvec4 texture(usampler1DArray, vec2)
0:53(39): error:    vec4 texture(sampler2DArray, vec3)
0:53(39): error:    ivec4 texture(isampler2DArray, vec3)
0:53(39): error:    uvec4 texture(usampler2DArray, vec3)
0:53(39): error:    vec4 texture(samplerCubeArray, vec4)
0:53(39): error:    ivec4 texture(isamplerCubeArray, vec4)
0:53(39): error:    uvec4 texture(usamplerCubeArray, vec4)
0:53(39): error:    float texture(sampler1DArrayShadow, vec3)
0:53(39): error:    float texture(sampler2DArrayShadow, vec4)
0:53(39): error:    float texture(samplerCubeArrayShadow, vec4, float)
0:53(39): error:    vec4 texture(sampler2DRect, vec2)
0:53(39): error:    ivec4 texture(isampler2DRect, vec2)
0:53(39): error:    uvec4 texture(usampler2DRect, vec2)
0:53(39): error:    float texture(sampler2DRectShadow, vec3)
0:53(39): error:    vec4 texture(sampler1D, float, float)
0:53(39): error:    ivec4 texture(isampler1D, float, float)
0:53(39): error:    uvec4 texture(usampler1D, float, float)
0:53(39): error:    vec4 texture(sampler2D, vec2, float)
0:53(39): error:    ivec4 texture(isampler2D, vec2, float)
0:53(39): error:    uvec4 texture(usampler2D, vec2, float)
0:53(39): error:    vec4 texture(sampler3D, vec3, float)
0:53(39): error:    ivec4 texture(isampler3D, vec3, float)
0:53(39): error:    uvec4 texture(usampler3D, vec3, float)
0:53(39): error:    vec4 texture(samplerCube, vec3, float)
0:53(39): error:    ivec4 texture(isamplerCube, vec3, float)
0:53(39): error:    uvec4 texture(usamplerCube, vec3, float)
0:53(39): error:    float texture(sampler1DShadow, vec3, float)
0:53(39): error:    float texture(sampler2DShadow, vec3, float)
0:53(39): error:    float texture(samplerCubeShadow, vec4, float)
0:53(39): error:    vec4 texture(sampler1DArray, vec2, float)
0:53(39): error:    ivec4 texture(isampler1DArray, vec2, float)
0:53(39): error:    uvec4 texture(usampler1DArray, vec2, float)
0:53(39): error:    vec4 texture(sampler2DArray, vec3, float)
0:53(39): error:    ivec4 texture(isampler2DArray, vec3, float)
0:53(39): error:    uvec4 texture(usampler2DArray, vec3, float)
0:53(39): error:    vec4 texture(samplerCubeArray, vec4, float)
0:53(39): error:    ivec4 texture(isamplerCubeArray, vec4, float)
0:53(39): error:    uvec4 texture(usamplerCubeArray, vec4, float)
0:53(39): error:    float texture(sampler1DArrayShadow, vec3, float)
0:53(14): error: operands to arithmetic operators must be numeric
0:53(14): error: operands to arithmetic operators must be numeric

[thewall.engine.twilight.shaders.ShaderProgram] [21:25:58] TwLight Main Thread/ERROR] - Uniform from [thewall.engine.twilight.shaders.TerrainShader] [transformationMatrix] not found
[thewall.engine.twilight.shaders.ShaderProgram] [21:25:58] TwLight Main Thread/ERROR] - Uniform from [thewall.engine.twilight.shaders.TerrainShader] [projectionMatrix] not found
[thewall.engine.twilight.shaders.ShaderProgram] [21:25:58] TwLight Main Thread/ERROR] - Uniform from [thewall.engine.twilight.shaders.TerrainShader] [viewMatrix] not found
[thewall.engine.twilight.shaders.ShaderProgram] [21:25:58] TwLight Main Thread/ERROR] - Uniform from [thewall.engine.twilight.shaders.TerrainShader] [lightC