[thewall.engine.twilight.TwilightApp] [22:47:45] main/INFO ] - Initializing Twilight 1.1.0.3
[thewall.engine.twilight.runtime.AbstractRuntime] [22:47:45] TwLight Main Thread/INFO ] - Starting runtime for [Twilight Game App Runtime]
[thewall.engine.twilight.shaders.ShaderProgram] [22:47:46] TwLight Main Thread/ERROR] - GLSL Shader compile error from: [terrainfragmentShader.frag]
[thewall.engine.twilight.shaders.ShaderProgram] [22:47:46] TwLight Main Thread/ERROR] - Shader error details:
0:43(72): error: `attenuationp' undeclared
0:43(72): error: type mismatch
0:43(72): error: operands to arithmetic operators must be numeric
0:43(20): error: operands to arithmetic operators must be numeric
0:54(64): warning: `attFactor' used uninitialized
0:55(83): warning: `attFactor' used uninitialized

[thewall.engine.twilight.shaders.ShaderProgram] [22:47:46] TwLight Main Thread/ERROR] - Uniform from [thewall.engine.twilight.shaders.TerrainShader] [transformationMatrix] not found
[thewall.engine.twilight.shaders.ShaderProgram] [22:47:46] TwLight Main Thread/ERROR] - Uniform from [thewall.engine.twilight.shaders.TerrainShader] [projectionMatrix] not found
[thewall.engine.twilight.shaders.ShaderProgram] [22:47:46] TwLight Main Thread/ERROR] - Uniform from [thewall.engine.twilight.shaders.TerrainShader] [viewMatrix] not found
[thewall.engine.twilight.shaders.ShaderProgram] [22:47:46] TwLight Main Thread/ERROR] - Uniform from [thewall.engine.twilight.shaders.TerrainShader] [lightColour[0]] not found
[thewall.engine.twilight.shaders.ShaderProgram] [22:47:46] TwLight Main Thread/ERROR] - Uniform from [thewall.engine.twilight.shaders.TerrainShader] [lightPosition[0]] not found
[thewall.engine.twilight.shaders.ShaderProgram] [22:47:46] TwLight Main Thread/ERROR] - Uniform from [thewall.engine.twilight.shaders.TerrainShader] [attenuation[0]] not found
[thewall.engine.twilight.shaders.ShaderProgram] [22:47:46] TwLight Main Thread/ERROR] - Uniform from [thewall.engine.twilight.shaders.TerrainShader] [lightColour[1]] not found
[thewall.engine.twilight.shaders.ShaderProgram] [22:47:46] TwLight Main Thread/ERROR] - Uniform from [thewall.engine.twilight.shaders.TerrainShader] [lightPosition[1]] not found
[thewall.engine.twilight.shaders.ShaderProgram] [22:47:46] TwLight Main Thread/ERROR] - Uniform from [thewall.engine.twilight.shaders.TerrainShader] [attenuation[1]] not found
[thewall.engine.twilight.shaders.ShaderProgram] [22:47:46] TwLight Main Thread/ERROR] - Uniform from [thewall.engine.twilight.shaders.TerrainShader] [lightColour[2]] not found
[thewall.engine.twilight.shaders.ShaderProgram] [22:47:46] TwLight Main Thread/ERROR] - Uniform from [thewall.engine.twilight.shaders.TerrainShader] [lightPosition[2]] not found
[thewall.engine.twilight.shaders.ShaderProgram] [22:47:46] TwLight Main Thread/ERROR] - Uniform from [thewall.engine.twilight.shaders.TerrainShader] [attenuation[2]] not found
[thewall.engine.twilight.shaders.ShaderProgram] [22:47:46] TwLight Main Thread/ERROR] - Uniform from [thewall.engine.twilight.shaders.TerrainShader] [lightColour[3]] not found
[thewall.engine.twilight.shaders.ShaderProgram] [22:47:46] TwLight Main Thread/ERROR] - Uniform from [thewall.engine.twilight.shaders.TerrainShader] [lightPosition[3]] not found
[thewall.engine.twilight.shaders.ShaderProgram] [22:47:46] TwLight Main Thread/ERROR] - Uniform from [thewall.engine.twilight.shaders.TerrainShader] [attenuation[3]] not found
[thewall.engine.twilight.shaders.ShaderProgram] [22:47:46] TwLight Main Thread/ERROR] - Uniform from [thewall.engine.twilight.shaders.TerrainShader] [reflectivity] not found
[thewall.engine.twilight.shaders.ShaderProgram] [22:47:46] TwLight Main Thread/ERROR] - Uniform from [thewall.engine.twilight.shaders.TerrainShader] [shineDamper] not found
[thewall.engine.twilight.shaders.ShaderProgram] [22:47:46] TwLight Main Thread/ERROR] - Uniform from [thewall.engine.twilight.shaders.TerrainShader] [skyColor] not found
[thewall.engine.twilight.shaders.ShaderProgram] [22:47:46] TwLight Main Thread/ERROR] - Uniform from [thewall.engine.twilight.shaders.TerrainShader] [backgroundTexture] not found
[thewall.engine.twilight.shaders.ShaderProgram] [22:47:46] TwLight Main Thread/ERROR] - Uniform from [thewall.engine.twilight.shaders.TerrainShader] [rTexture] not found
[thewall.engine.twilight.shaders.ShaderProgram] [22:47:46] TwLight Main Thread/ERROR] - Uniform from [thewall.engine.twilight.shaders.TerrainShader] [gTexture] not found
[thewall.engine.twilight.shaders.ShaderProgram] [22:47:46] TwLight Main Thread/ERROR] - Uniform from [thewall.engine.twilight.shaders.TerrainShader] [bTexture] not found
[thewall.engine.twilight.shaders.ShaderProgram] [22:47:46] TwLight Main Thread/ERROR] - Uniform from [thewall.engine.twilight.shaders.TerrainShader] [blendMap] not found
[thewall.engine.twilight.shaders.ShaderProgram] [22:47:46] TwLight Main Thread/ERROR] - GLSL Shader compile error from: [fragmentShader.vert]
[thewall.engine.twilight.shaders.ShaderProgram] [22:47:46] TwLight Main Thread/ERROR] - Shader error details:
0:30(72): error: `attenuationp' undeclared
0:30(72): error: type mismatch
0:30(72): error: operands to arithmetic operators must be numeric
0:30(20): error: operands to arithmetic operators must be numeric
0:41(64): warning: `attFactor' used uninitialized
0:42(83): warning: `attFactor' used uninitialized

[thewall.engine.twilight.shaders.ShaderProgram] [22:47:46] TwLight Main Thread/ERROR] - Uniform from [thewall.engine.twilight.shaders.StaticShader] [transformationMatrix] not found
[thewall.engine.twilight.shaders.ShaderProgram] [22:47:46] TwLight Main Thread/ERROR] - Uniform from [thewall.engine.twilight.shaders.StaticShader] [projectionMatrix] not found
[thewall.engine.twilight.shaders.ShaderProgram] [22:47:46] TwLight Main Thread/ERROR] - Uniform from [thewall.engine.twilight.shaders.StaticShader] [viewMatrix] not found
[thewall.engine.twilight.shaders.ShaderProgram] [22:47:46] TwLight Main Thread/ERROR] - Uniform from [thewall.engine.twilight.shaders.StaticShader] [lightPosition[0]] not found
[thewall.engine.twilight.shaders.ShaderProgram] [22:47:46] TwLight Main Thread/ERROR] - Uniform from [thewall.engine.twilight.shaders.StaticShader] [lightColour[0]] not found
[thewall.engine.twilight.shaders.ShaderProgram] [22:47:46] TwLight Main Thread/ERROR] - Uniform from [thewall.engine.twilight.shaders.StaticShader] [attenuation[0]] not found
[thewall.engine.twilight.shaders.ShaderProgram] [22:47:46] TwLight Main Thread/ERROR] - Uniform from [thewall.engine.twilight.shaders.StaticShader] [lightPosition[1]] not found
[thewall.engine.twilight.shaders.ShaderProgram] [22:47:46] TwLight Main Thread/ERROR] - Uniform from [thewall.engine.twilight.shaders.StaticShader] [lightColour[1]] not found
[thewall.engine.twilight.shaders.ShaderProgram] [22:47:46] TwLight Main Thread/ERROR] - Uniform from [thewall.engine.twilight.shaders.StaticShader] [attenuation[1]] not found
[thewall.engine.twilight.shaders.ShaderProgram] [22:47:46] TwLight Main Thread/ERROR] - Uniform from [thewall.engine.twilight.shaders.StaticShader] [lightPosition[2]] not found
[thewall.engine.twilight.shaders.ShaderProgram] [22:47:46] TwLight Main Thread/ERROR] - Uniform from [thewall.engine.twilight.shaders.StaticShader] [lightColour[2]] not found
[thewall.engine.twilight.shaders.ShaderProgram] [22:47:46] TwLight Main Thread/ERROR] - Uniform from [thewall.engine.twilight.shaders.StaticShader] [attenuation[2]] not found
[thewall.engine.twilight.shaders.ShaderProgram] [22:47:46] TwLight Main Thread/ERROR] - Uniform from [thewall.engine.twilight.shaders.StaticShader] [lightPosition[3]] not found
[thewall.engine.twilight.shaders.ShaderProgram] [22:47:46] TwLight Main Thread/ERROR] - Uniform from [thewall.engine.twilight.shaders.StaticShader] [lightColour[3]] not found
[thewall.engine.twilight.shaders.ShaderProgram] [22:47:46] TwLight Main Thread/ERROR] - Uniform from [thewall.engine.twilight.shaders.StaticShader] [attenuation[3]] not found
[thewall.engine.twilight.shaders.ShaderProgram] [22:47:46] TwLight Main Thread/ERROR] - Uniform from [thewall.engine.twilight.shaders.StaticShader] [reflectivity] not fou