[thewall.engine.twilight.TwilightApp] [19:04:15] main/INFO ] - Initializing Twilight 1.1.0.3
[thewall.engine.twilight.runtime.AbstractRuntime] [19:04:15] TwLight Main Thread/INFO ] - Starting runtime for [Twilight Game App Runtime]
[thewall.engine.twilight.shaders.ShaderProgram] [19:04:15] TwLight Main Thread/ERROR] - Uniform from [thewall.engine.twilight.shaders.StaticShader] [random] not found
[thewall.engine.twilight.runtime.app.TEngineAppRuntime] [19:04:16] TwLight Main Thread/INFO ] - CPU:       Intel(R) Core(TM) i7-7700HQ CPU @ 2.80GHz
[thewall.engine.twilight.runtime.app.TEngineAppRuntime] [19:04:16] TwLight Main Thread/INFO ] - OpenGL:    4.6 (Compatibility Profile) Mesa 20.3.5
[thewall.engine.twilight.runtime.app.TEngineAppRuntime] [19:04:16] TwLight Main Thread/INFO ] - GPU:       Mesa Intel(R) HD Graphics 630 (KBL GT2)
[thewall.engine.twilight.runtime.app.TEngineAppRuntime] [19:04:16] TwLight Main Thread/INFO ] - Vendor:    Intel
[thewall.engine.twilight.runtime.app.TEngineAppRuntime] [19:04:16] TwLight Main Thread/INFO ] - Memory :   15891MB
[thewall.engine.twilight.runtime.app.TEngineAppRuntime] [19:04:16] TwLight Main Thread/INFO ] - Baseboard: ASUSTeK COMPUTER INC. UX550VE
[thewall.engine.twilight.runtime.app.TEngineAppRuntime] [19:04:16] TwLight Main Thread/INFO ] - Sound 1:   HDA-Intel - HDA Intel PCH Intel Kabylake HDMI Advanced Linux Sound Architecture Driver Version k5.14.0-2parrot1-amd64.
[thewall.engine.twilight.runtime.app.TEngineAppRuntime] [19:04:16] TwLight Main Thread/INFO ] - Sound 2:   USB-Audio - PRO X  Advanced Linux Sound Architecture Driver Version k5.14.0-2parrot1-amd64.
[thewall.engine.twilight.debugger.console.ConsoleOutProxy.OutStream] [19:04:16] TwLight Main Thread/INFO ] - 
[thewall.engine.twilight.runtime.app.TEngineAppRuntime] [19:04:16] TwLight Main Thread/INFO ] - Initialization complete, runtime is ready
[thewall.game.Game] [19:04:16] main/INFO ] - Game started in 0.817s.
[thewall.engine.twilight.render.MasterRenderer] [19:04:16] TwLight Main Thread/WARN ] - Entity [thewall.engine.twilight.entity.RawEntity] is deprecated, try to use another or implement your own.
[thewall.game.TheWall] [19:04:16] TwLight Main Thread/INFO ] - X:275.0 Y:25.0 Z:600.0
[thewall.game.TheWall] [19:04:17] TwLight Main Thread/INFO ] - X:267.614 Y:98.20015 Z:584.63745
[thewall.game.TheWall] [19:04:18] TwLight Main Thread/INFO ] - X:287.65564 Y:98.20015 Z:387.0519
[thewall.game.TheWall] [19:04:19] TwLight Main Thread/INFO ] - X:409.16315 Y:98.20015 Z:279.99954
[thewall.game.TheWall] [19:04:20] TwLight Main Thread/INFO ] - X:412.20166 Y:25.999958 Z:231.69514
[thewall.game.TheWall] [19:04:21] TwLight Main Thread/INFO ] - X:408.55518 Y:25.999958 Z:220.47258
[thewall.game.TheWall] [19:04:22] TwLight Main Thread/INFO ] - X:408.55518 Y:22.399971 Z:220.47258
[thewall.game.TheWall] [19:04:23] TwLight Main Thread/INFO ] - X:408.55518 Y:44.19998 Z:220.47258
[thewall.game.TheWall] [19:04:24] TwLight Main Thread/INFO ] - X:408.55518 Y:31.399971 Z:220.47258
[thewall.game.TheWall] [19:04:25] TwLight Main Thread/INFO ] - X:408.55518 Y:31.399971 Z:220.47258
[thewall.game.TheWall] [19:04:26] TwLight Main Thread/INFO ] - X:408.55518 Y:31.399971 Z:220.47258
[thewall.game.TheWall] [19:04:27] TwLight Main Thread/INFO ] - X:408.55518 Y:31.399971 Z:220.47258
[thewall.game.TheWall] [19:04:28] TwLight Main Thread/INFO ] - X:408.55518 Y:31.399971 Z:220.47258
[thewall.game.TheWall] [19:04:29] TwLight Main Thread/INFO ] - X:408.55518 Y:31.399971 Z:220.47258
[thewall.game.TheWall] [19:04:30] TwLight Main Thread/INFO ] - X:408.55518 Y:31.399971 Z:220.47258
[thewall.game.TheWall] [19:04:31] TwLight Main Thread/INFO ] - X:408.55518 Y:31.399971 Z:220.47258
[thewall.game.TheWall] [19:04:32] TwLight Main Thread/INFO ] - X:408.55518 Y:31.399971 Z:220.47258
[thewall.game.TheWall] [19:04:33] TwLight Main Thread/INFO ] - X:408.55518 Y:31.399971 Z:220.47258
[thewall.game.TheWall] [19:04:34] TwLight Main Thread/INFO ] - X:408.55518 Y:31.399971 Z:220.47258
[thewall.game.TheWall] [19:04:35] TwLight Main Thread/INFO ] - X:408.55518 Y:31.399971 Z:220.47258
[thewall.game.TheWall] [19:04:36] TwLight Main Thread/INFO ] - X:408.55518 Y:31.399971 Z:220.47258
[thewall.game.TheWall] [19:04:37] TwLight Main Thread/INFO ] - X:408.55518 Y:31.399971 Z:220.47258
[thewall.game.TheWall] [19:04:38] TwLight Main Thread/INFO ] - X:408.55518 Y:31.399971 Z:220.47258
[thewall.game.TheWall] [19:04:39] TwLight Main Thread/INFO ] - X:408.55518 Y:31.399971 Z:220.47258
[thewall.game.TheWall] [19:04:40] TwLight Main Thread/INFO ] - X:408.55518 Y:31.399971 Z:220.47258
[thewall.game.TheWall] [19:04:41] TwLight Main Thread/INFO ] - X:408.55518 Y:31.399971 Z:220.47258
[thewall.game.TheWall] [19:04:42] TwLight Main Thread/INFO ] - X:408.55518 Y:31.399971 Z:220.47258
[thewall.game.TheWall] [19:04:43] TwLight Main Thread/INFO ] - X:408.55518 Y:31.399971 Z:220.47258
[thewall.game.TheWall] [19:04:44] TwLight Main Thread/INFO ] - X:408.55518 Y:31.399971 Z:220.47258
[thewall.game.TheWall] [19:04:45] TwLight Main Thread/INFO ] - X:408.55518 Y:31.399971 Z:220.47258
[thewall.game.TheWall] [19:04:46] TwLight Main Thread/INFO ] - X:408.55518 Y:31.399971 Z:220.47258
[thewall.game.TheWall] [19:04:47] TwLight Main Thread/INFO ] - X:408.55518 Y:31.399971 Z:220.47258
[thewall.game.TheWall] [19:04:48] TwLight Main Thread/INFO ] - X:408.55518 Y:31.399971 Z:220.47258
[thewall.game.TheWall] [19:04:49] TwLight Main Thread/INFO ] - X:408.55518 Y:31.399971 Z:220.47258
[thewall.game.TheWall] [19:04:50] TwLight Main Thread/INFO ] - X:408.55518 Y:31.399971 Z:220.47258
[thewall.game.TheWall] [19:04:51] TwLight Main Thread/INFO ] - X:408.55518 Y:31.399971 Z:220.47258
[thewall.game.TheWall] [19:04:52] TwLight Main Thread/INFO ] - X:408.55518 Y:31.399971 Z:220.47258
[thewall.game.TheWall] [19:04:53] TwLight Main Thread/INFO ] - X:408.55518 Y:31.399971 Z:220.47258
[thewall.game.TheWall] [19:04:54] TwLight Main Thread/INFO ] - X:408.55518 Y:31.399971 Z:220.47258
[thewall.game.TheWall] [19:04:55] TwLight Main Thread/INFO ] - X:408.55518 Y:31.399971 Z:220.47258
[thewall.game.TheWall] [19:04:56] TwLight Main Thread/INFO ] - X:408.55518 Y:31.399971 Z:220.47258
[thewall.game.TheWall] [19:04:57] TwLight Main Thread/INFO ] - X:408.55518 Y:31.399971 Z:220.47258
[thewall.game.TheWall] [19:04:58] TwLight Main Thread/INFO ] - X:408.55518 Y:31.399971 Z:220.47258
[thewall.game.TheWall] [19:04:59] TwLight Main Thread/INFO ] - X:408.55518 Y:31.399971 Z:220.47258
[thewall.game.TheWall] [19:05:00] TwLight Main Thread/INFO ] - X:408.55518 Y:31.399971 Z:220.47258
[thewall.game.TheWall] [19:05:01] TwLight Main Thread/INFO ] - X:408.55518 Y:31.399971 Z:220.47258
[thewall.game.TheWall] [19:05:02] TwLight Main Thread/INFO ] - X:408.55518 Y:31.399971 Z:220.47258
[thewall.game.TheWall] [19:05:03] TwLight Main Thread/INFO ] - X:408.55518 Y:31.399971 Z:220.47258
[thewall.game.TheWall] [19:05:04] TwLight Main Thread/INFO ] - X:408.55518 Y:31.399971 Z:220.47258
[thewall.game.TheWall] [19:05:05] TwLight Main Thread/INFO ] - X:408.55518 Y:31.399971 Z:220.47258
[thewall.game.TheWall] [19:05:06] TwLight Main Thread/INFO ] - X:408.55518 Y:31.399971 Z:220.47258
[thewall.game.TheWall] [19:05:07] TwLight Main Thread/INFO ] - X:408.55518 Y:31.399971 Z:220.47258
[thewall.game.TheWall] [19:05:08] TwLight Main Thread/INFO ] - X:408.55518 Y:31.399971 Z:220.47258
[thewall.game.TheWall] [19:05:09] TwLight Main Thread/INFO ] - X:408.55518 Y:31.399971 Z:220.47258
[thewall.game.TheWall] [19:05:10] TwLight Main Thread/INFO ] - X:408.55518 Y:31.399971 Z:220.47258
[thewall.game.TheWall] [19:05:11] TwLight Main Thread/INFO ] - X:408.55518 Y:31.399971 Z:220.47258
[thewall.game.TheWall] [19:05:12] TwLight Main Thread/INFO ] - X:408.55518 Y:31.399971 Z:220.47258
[thewall.game.TheWall] [19:05:13] TwLight Main Thread/INFO ] - X:408.55518 Y:31.399971 Z:220.47258
[thewall.game.TheWall] [19:05:14] TwLight Main Thread/INFO ] - X:408.55518 Y:31.399971 Z:220.47258
[thewall.game.TheWall] [19:05:15] TwLight Main Thread/INFO ] - X:408.55518 Y:31.399971 Z:220.47258
[thewall.game.TheWall] [19:05:16] TwLight Main Thread/INFO ] - X:408.55518 Y:31.399971 Z:220.47258
[thewall.game.TheWall] [19:05:17] TwLight Main Thread/INFO ] - X:408.55518 Y:31.399971 Z:220.47258
[thewall.game.TheWall] [19:05:18] TwLight Main Thread/INFO ] - X:408.55518 Y:31.399971 Z:220.47258
[thewall.game.TheWall] [19:05:19] TwLight Main Thread/INFO ] - X:408.55518 Y:31.399971 Z:220.47258
[thewall.game.TheWall] [19:05:20] TwLight Main Thread/INFO ] - X:408.55518 Y:31.399971 Z:220.47258
[thewall.game.TheWall] [19:05:21] TwLight Main Thread/INFO ] - X:408.55518 Y:31.399971 Z:220.47258
[thewall.game.TheWall] [19:05:22] TwLight Main Thread/INFO ] - X:408.55518 Y:31.399971 Z:220.47258
[thewall.game.TheWall] [19:05:23] TwLight Main Thread/INFO ] - X:408.55518 Y:31.399971 Z:220.47258
[thewall.game.TheWall] [19:05:24] TwLight Main Thread/INFO ] - X:408.55518 Y:31.399971 Z:220.47258
[thewall.game.TheWall] [19:05:25] TwLight Main Thread/INFO ] - X:408.55518 Y:31.399971 Z:220.47258
[thewall.game.TheWall] [19:05:26] TwLight Main Thread/INFO ] - X:408.55518 Y:31.399971 Z:220.47258
[thewall.game.TheWall] [19:05:27] TwLight Main Thread/INFO ] - X:408.55518 Y:31.399971 Z:220.47258
[thewall.game.TheWall] [19:05:28] TwLight Main Thread/INFO ] - X:408.55518 Y:31.399971 Z:220.47258
[thewall.game.TheWall] [19:05:29] TwLight Main Thread/INFO ] - X:408.55518 Y:31.399971 Z:220.47258
[thewall.game.TheWall] [19:05:30] TwLight Main Thread/INFO ] - X:408.55518 Y:31.399971 Z:220.47258
[thewall.game.TheWall] [19:05:31] TwLight Main Thread/INFO ] - X:408.55518 Y:31.399971 Z:220.47258
[thewall.game.TheWall] [19:05:32] TwLight Main Thread/INFO ] - X:408.55518 Y:31.399971 Z:220.47258
[thewall.game.TheWall] [19:05:33] TwLight Main Thread/INFO ] - X:408.55518 Y:31.399971 Z:220.47258
[thewall.game.TheWall] [19:05:34] TwLight Main Thread/INFO ] - X:408.55518 Y:31.399971 Z:220.47258
[thewall.game.TheWall] [19:05:35] TwLight Main Thread/INFO ] - X:408.55518 Y:31.399971 Z:220.47258
[thewall.game.TheWall] [19:05:36] TwLight Main Thread/INFO ] - X:408.55518 Y:31.399971 Z:220.47258
[thewall.game.TheWall] [19:05:37] TwLight Main Thread/INFO ] - X:408.55518 Y:31.399971 Z:220.47258
[thewall.game.TheWall] [19:05:38] TwLight Main Thread/INFO ] - X:408.55518 Y:31.399971 Z:220.47258
[thewall.game.TheWall] [19:05:39] TwLight Main Thread/INFO ] - X:408.55518 Y:31.399971 Z:220.47258
[thewall.game.TheWall] [19:05:40] TwLight Main Thread/INFO ] - X:408.55518 Y:31.399971 Z:220.47258
[thewall.game.TheWall] [19:05:41] TwLight Main Thread/INFO ] - X:408.55518 Y:31.399971 Z:220.47258
[thewall.game.TheWall] [19:05:42] TwLight Main Thread/INFO ] - X:408.55518 Y:31.399971 Z:220.47258
[thewall.game.TheWall] [19:05:43] TwLight Main Thread/INFO ] - X:408.55518 Y:31.399971 Z:220.47258
[thewall.game.TheWall] [19:05:44] TwLight Main Thread/INFO ] - X:408.55518 Y:31.399971 Z:220.47258
[thewall.game.TheWall] [19:05:45] TwLight Main Thread/INFO ] - X:408.55518 Y:31.399971 Z:220.47258
[thewall.game.TheWall] [19:05:46] TwLight Main Thread/INFO ] - X:408.55518 Y:31.399971 Z:220.47258
[thewall.game.TheWall] [19:05:47] TwLight Main Thread/INFO ] - X:408.55518 Y:31.399971 Z:220.47258
[thewall.game.TheWall] [19:05:48] TwLight Main Thread/INFO ] - X:408.55518 Y:31.399971 Z:220.47258
[thewall.game.TheWall] [19:05:49] TwLight Main Thread/INFO ] - X:408.55518 Y:31.399971 Z:220.47258
[thewall.game.TheWall] [19:05:50] TwLight Main Thread/INFO ] - X:408.55518 Y:31.399971 Z:220.47258
[thewall.game.TheWall] [19:05:51] TwLight Main Thread/INFO ] - X:408.55518 Y:31.399971 Z:220.47258
[thewall.game.TheWall] [19:05:52] TwLight Main Thread/INFO ] - X:408.55518 Y:31.399971 Z:220.47258
[thewall.game.TheWall] [19:05:53] TwLight Main Thread/INFO ] - X:408.55518 Y:31.399971 Z:220.47258
[thewall.game.TheWall] [19:05:54] TwLight Main Thread/INFO ] - X:408.55518 Y:31.399971 Z:220.47258
[thewall.game.TheWall] [19:05:55] TwLight Main Thread/INFO ] - X:408.55518 Y:31.399971 Z:220.47258
[thewall.game.TheWall] [19:05:56] TwLight Main Thread/INFO ] - X:408.55518 Y:31.399971 Z:220.47258
[thewall.game.TheWall] [19:05:57] TwLight Main Thread/INFO ] - X:408.55518 Y:31.399971 Z:220.47258
[thewall.game.TheWall] [19:05:58] TwLight Main Thread/INFO ] - X:408.55518 Y:31.399971 Z:220.47258
[thewall.game.TheWall] [19:05:59] TwLight Main Thread/INFO ] - X:408.55518 Y:31.399971 Z:220.47258
[thewall.game.TheWall] [19:06:00] TwLight Main Thread/INFO ] - X:408.55518 Y:31.399971 Z:220.47258
[thewall.game.TheWall] [19:06:01] TwLight Main Thread/INFO ] - X:408.55518 Y:31.399971 Z:220.47258
[thewall.game.TheWall] [19:06:02] TwLight Main Thread/INFO ] - X:408.55518 Y:31.399971 Z:220.47258
[thewall.game.TheWall] [19:06:03] TwLight Main Thread/INFO ] - X:408.55518 Y:31.399971 Z:220.47258
[thewall.game.TheWall] [19:06:04] TwLight Main Thread/INFO ] - X:408.55518 Y:31.399971 Z:220.47258
[thewall.game.TheWall] [19:06:05] TwLight Main Thread/INFO ] - X:408.55518 Y:31.399971 Z:220.47258
[thewall.game.TheWall] [19:06:06] TwLight Main Thread/INFO ] - X:408.55518 Y:31.399971 Z:220.47258
[thewall.game.TheWall] [19:06:07] TwLight Main Thread/INFO ] - X:408.55518 Y:31.399971 Z:220.47258
[thewall.game.TheWall] [19:06:08] TwLight Main Thread/INFO ] - X:408.55518 Y:31.399971 Z:220.47258
[thewall.game.TheWall] [19:06:09] TwLight Main Thread/INFO ] - X:408.55518 Y:31.399971 Z:220.47258
[thewall.game.TheWall] [19:06:10] TwLight Main Thread/INFO ] - X:408.55518 Y:31.399971 Z:220.47258
[thewall.game.TheWall] [19:06:11] TwLight Main Thread/INFO ] - X:408.55518 Y:31.399971 Z:220.47258
[thewall.game.TheWall] [19:06:12] TwLight Main Thread/INFO ] - X:408.55518 Y:31.399971 Z:220.47258
[thewall.game.TheWall] [19:06:13] TwLight Main Thread/INFO ] - X:408.55518 Y:31.399971 Z:220.47258
[thewall.game.TheWall] [19:06:14] TwLight Main Thread/INFO ] - X:408.55518 Y:31.399971 Z:220.47258
[thewall.game.TheWall] [19:06:15] TwLight Main Thread/INFO ] - X:408.55518 Y:31.399971 Z:220.47258
[thewall.game.TheWall] [19:06:16] TwLight Main Thread/INFO ] - X:408.55518 Y:31.399971 Z:220.47258
[thewall.game.TheWall] [19:06:17] TwLight Main Thread/INFO ] - X:408.55518 Y:31.399971 Z:220.47258
[thewall.game.TheWall] [19:06:18] TwLight Main Thread/INFO ] - X:408.55518 Y:31.399971 Z:220.47258
[thewall.game.TheWall] [19:06:19] TwLight Main Thread/INFO ] - X:408.55518 Y:31.399971 Z:220.47258
[thewall.game.TheWall] [19:06:20] TwLight Main Thread/INFO ] - X:408.55518 Y:31.399971 Z:220.47258
[thewall.game.TheWall] [19:06:21] TwLight Main Thread/INFO ] - X:408.55518 Y:31.399971 Z:220.47258
[thewall.game.TheWall] [19:06:22] TwLight Main Thread/INFO ] - X:408.55518 Y:31.399971 Z:220.47258
[thewall.game.TheWall] [19:06:23] TwLight Main Thread/INFO ] - X:408.55518 Y:31.399971 Z:220.47258
[thewall.game.TheWall] [19:06:24] TwLight Main Thread/INFO ] - X:408.55518 Y:31.399971 Z:220.47258
[thewall.game.TheWall] [19:06:25] TwLight Main Thread/INFO ] - X:408.55518 Y:31.399971 Z:220.47258
[thewall.game.TheWall] [19:06:26] TwLight Main Thread/INFO ] - X:408.55518 Y:31.399971 Z:220.47258
[thewall.game.TheWall] [19:06:27] TwLight Main Thread/INFO ] - X:408.55518 Y:31.399971 Z:220.47258
[thewall.game.TheWall] [19:06:28] TwLight Main Thread/INFO ] - X:408.55518 Y:31.399971 Z:220.47258
[thewall.game.TheWall] [19:06:29] TwLight Main Thread/INFO ] - X:408.55518 Y:31.399971 Z:220.47258
[thewall.game.TheWall] [19:06:30] TwLight Main Thread/INFO ] - X:408.55518 Y:31.399971 Z:220.47258
[thewall.game.TheWall] [19:06:31] TwLight Main Thread/INFO ] - X:408.55518 Y:31.399971 Z:220.47258
[thewall.game.TheWall] [19:06:32] TwLight Main Thread/INFO ] - X:408.55518 Y:31.399971 Z:220.47258
[thewall.game.TheWall] [19:06:33] TwLight Main Thread/INFO ] - X:408.55518 Y:31.399971 Z:220.47258
[thewall.game.TheWall] [19:06:34] TwLight Main Thread/INFO ] - X:408.55518 Y:31.399971 Z:220.47258
[thewall.game.TheWall] [19:06:35] TwLight Main Thread/INFO ] - X:408.55518 Y:31.399971 Z:220.47258
[thewall.game.TheWall] [19:06:36] TwLight Main Thread/INFO ] - X:408.55518 Y:31.399971 Z:220.47258
[thewall.game.TheWall] [19:06:37] TwLight Main Thread/INFO ] - X:408.55518 Y:31.399971 Z:220.47258
[thewall.game.TheWall] [19:06:38] TwLight Main Thread/INFO ] - X:408.55518 Y:31.399971 Z:220.47258
[thewall.game.TheWall] [19:06:39] TwLight Main Thread/INFO ] - X:408.55518 Y:31.399971 Z:220.47258
[thewall.game.TheWall] [19:06:40] TwLight Main Thread/INFO ] - X:408.55518 Y:31.399971 Z:220.47258
[thewall.game.TheWall] [19:06:41] TwLight Main Thread/INFO ] - X:408.55518 Y:31.399971 Z:220.47258
[thewall.game.TheWall] [19:06:42] TwLight Main Thread/INFO ] - X:408.55518 Y:31.399971 Z:220.47258
[thewall.game.TheWall] [19:06:43] TwLight Main Thread/INFO ] - X:408.55518 Y:31.399971 Z:220.47258
[thewall.game.TheWall] [19:06:44] TwLight Main Thread/INFO ] - X:408.55518 Y:31.399971 Z:220.47258
[thewall.game.TheWall] [19:06:45] TwLight Main Thread/INFO ] - X:408.55518 Y:31.399971 Z:220.47258
[thewall.game.TheWall] [19:06:46] TwLight Main Thread/INFO ] - X:408.55518 Y:31.399971 Z:220.47258
[thewall.game.TheWall] [19:06:47] TwLight Main Thread/INFO ] - X:408.55518 Y:31.399971 Z:220.47258
[thewall.game.TheWall] [19:06:48] TwLight Main Thread/INFO ] - X:408.55518 Y:31.399971 Z:220.47258
[thewall.game.TheWall] [19:06:49] TwLight Main Thread/INFO ] - X:408.55518 Y:31.399971 Z:220.47258
[thewall.game.TheWall] [19:06:50] TwLight Main Thread/INFO ] - X:408.55518 Y:31.399971 Z:220.47258
[thewall.game.TheWall] [19:06:51] TwLight Main Thread/INFO ] - X:408.55518 Y:31.399971 Z:220.47258
[thewall.game.TheWall] [19:06:52] TwLight Main Thread/INFO ] - X:408.55518 Y:31.399971 Z:220.47258
[thewall.game.TheWall] [19:06:53] TwLight Main Thread/INFO ] - X:408.55518 Y:31.399971 Z:220.47258
[thewall.game.TheWall] [19:06:54] TwLight Main Thread/INFO ] - X:408.55518 Y:31.399971 Z:220.47258
[thewall.game.TheWall] [19:06:55] TwLight Main Thread/INFO ] - X:408.55518 Y:31.399971 Z:220.47258
[thewall.game.TheWall] [19:06:56] TwLight Main Thread/INFO ] - X:408.55518 Y:31.399971 Z:220.47258
[thewall.game.TheWall] [19:06:57] TwLight Main Thread/INFO ] - X:408.55518 Y:31.399971 Z:220.47258
[thewall.game.TheWall] [19:06:58] TwLight Main Thread/INFO ] - X:408.55518 Y:31.399971 Z:220.47258
[thewall.game.TheWall] [19:06:59] TwLight Main Thread/INFO ] - X:408.55518 Y:31.399971 Z:220.47258
[thewall.game.TheWall] [19:07:00] TwLight Main Thread/INFO ] - X:408.55518 Y:31.399971 Z:220.47258
[thewall.game.TheWall] [19:07:01] TwLight Main Thread/INFO ] - X:408.55518 Y:31.399971 Z:220.47258
[thewall.game.TheWall] [19:07:02] TwLight Main Thread/INFO ] - X:408.55518 Y:31.399971 Z:220.47258
[thewall.game.TheWall] [19:07:03] TwLight Main Thread/INFO ] - X:408.55518 Y:31.399971 Z:220.47258
[thewall.game.TheWall] [19:07:04] TwLight Main Thread/INFO ] - X:408.55518 Y:31.399971 Z:220.47258
[thewall.game.TheWall] [19:07:05] TwLight Main Thread/INFO ] - X:408.55518 Y:31.399971 Z:220.47258
[thewall.game.TheWall] [19:07:06] TwLight Main Thread/INFO ] - X:408.55518 Y:31.399971 Z:220.47258
[thewall.game.TheWall] [19:07:07] TwLight Main Thread/INFO ] - X:408.55518 Y:31.399971 Z:220.47258
[thewall.game.TheWall] [19:07:08] TwLight Main Thread/INFO ] - X:408.55518 Y:31.399971 Z:220.47258
[thewall.game.TheWall] [19:07:09] TwLight Main Thread/INFO ] - X:408.55518 Y:31.399971 Z:220.47258
[thewall.game.TheWall] [19:07:10] TwLight Main Thread/INFO ] - X:408.55518 Y:31.399971 Z:220.47258
[thewall.game.TheWall] [19:07:11] TwLight Main Thread/INFO ] - X:408.55518 Y:31.399971 Z:220.47258
[thewall.game.TheWall] [19:07:12] TwLight Main Thread/INFO ] - X:408.55518 Y:31.399971 Z:220.47258
[thewall.game.TheWall] [19:07:13] TwLight Main Thread/INFO ] - X:408.55518 Y:31.399971 Z:220.47258
[thewall.game.TheWall] [19:07:14] TwLight Main Thread/INFO ] - X:408.55518 Y:31.399971 Z:220.47258
[thewall.game.TheWall] [19:07:15] TwLight Main Thread/INFO ] - X:408.55518 Y:31.399971 Z:220.47258
[thewall.game.TheWall] [19:07:16] TwLight Main Thread/INFO ] - X:408.55518 Y:31.399971 Z:220.47258
[thewall.game.TheWall] [19:07:17] TwLight Main Thread/INFO ] - X:408.55518 Y:31.399971 Z:220.47258
[thewall.game.TheWall] [19:07:18] TwLight Main Thread/INFO ] - X:408.55518 Y:31.399971 Z:220.47258
[thewall.game.TheWall] [19:07:19] TwLight Main Thread/INFO ] - X:408.55518 Y:31.399971 Z:220.47258
[thewall.game.TheWall] [19:07:20] TwLight Main Thread/INFO ] - X:408.55518 Y:31.399971 Z:220.47258
[thewall.game.TheWall] [19:07:21] TwLight Main Thread/INFO ] - X:408.55518 Y:31.399971 Z:220.47258
[thewall.game.TheWall] [19:07:22] TwLight Main Thread/INFO ] - X:408.55518 Y:31.399971 Z:220.47258
[thewall.game.TheWall] [19:07:23] TwLight Main Thread/INFO ] - X:408.55518 Y:31.399971 Z:220.47258
[thewall.game.TheWall] [19:07:24] TwLight Main Thread/INFO ] - X:408.55518 Y:31.399971 Z:220.47258
[thewall.game.TheWall] [19:07:25] TwLight Main Thread/INFO ] - X:408.55518 Y:31.399971 Z:220.47258
[thewall.game.TheWall] [19:07:26] TwLight Main Thread/INFO ] - X:408.55518 Y:31.399971 Z:220.47258
[thewall.game.TheWall] [19:07:27] TwLight Main Thread/INFO ] - X:408.55518 Y:31.399971 Z:220.47258
[thewall.game.TheWall] [19:07:28] TwLight Main Thread/INFO ] - X:408.55518 Y:31.399971 Z:220.47258
[thewall.game.TheWall] [19:07:29] TwLight Main Thread/INFO ] - X:408.55518 Y:31.399971 Z:220.47258
[thewall.game.TheWall] [19:07:31] TwLight Main Thread/INFO ] - X:408.55518 Y:31.399971 Z:220.47258
[thewall.game.TheWall] [19:07:32] TwLight Main Thread/INFO ] - X:408.55518 Y:31.399971 Z:220.47258
[thewall.game.TheWall] [19:07:33] TwLight Main Thread/INFO ] - X:408.55518 Y:31.399971 Z:220.47258
[thewall.game.TheWall] [19:07:34] TwLight Main Thread/INFO ] - X:408.55518 Y:31.399971 Z:220.47258
[thewall.game.TheWall] [19:07:35] TwLight Main Thread/INFO ] - X:408.55518 Y:31.399971 Z:220.47258
[thewall.game.TheWall] [19:07:36] TwLight Main Thread/INFO ] - X:408.55518 Y:31.399971 Z:220.47258
[thewall.game.TheWall] [19:07:37] TwLight Main Thread/INFO ] - X:408.55518 Y:31.399971 Z:220.47258
[thewall.game.TheWall] [19:07:38] TwLight Main Thread/INFO ] - X:408.55518 Y:31.399971 Z:220.47258
[thewall.game.TheWall] [19:07:39] TwLight Main Thread/INFO ] - X:408.55518 Y:31.399971 Z:220.47258
[thewall.game.TheWall] [19:07:40] TwLight Main Thread/INFO ] - X:408.55518 Y:31.399971 Z:220.47258
[thewall.game.TheWall] [19:07:41] TwLight Main Thread/INFO ] - X:408.55518 Y:31.399971 Z:220.47258
[thewall.game.TheWall] [19:07:42] TwLight Main Thread/INFO ] - X:408.55518 Y:31.399971 Z:220.47258
[thewall.game.TheWall] [19:07:43] TwLight Main Thread/INFO ] - X:408.55518 Y:31.399971 Z:220.47258
[thewall.game.TheWall] [19:07:44] TwLight Main Thread/INFO ] - X:408.55518 Y:31.399971 Z:220.47258
[thewall.game.TheWall] [19:07:45] TwLight Main Thread/INFO ] - X:408.55518 Y:31.399971 Z:220.47258
[thewall.game.TheWall] [19:07:46] TwLight Main Thread/INFO ] - X:408.55518 Y:31.399971 Z:220.47258
[thewall.game.TheWall] [19:07:47] TwLight Main Thread/INFO ] - X:408.55518 Y:31.399971 Z:220.47258
[thewall.game.TheWall] [19:07:48] TwLight Main Thread/INFO ] - X:408.55518 Y:31.399971 Z:220.47258
[thewall.game.TheWall] [19:07:49] TwLight Main Thread/INFO ] - X:408.55518 Y:31.399971 Z:220.47258
[thewall.game.TheWall] [19:07:50] TwLight Main Thread/INFO ] - X:408.55518 Y:31.399971 Z:220.47258
[thewall.game.TheWall] [19:07:51] TwLight Main Thread/INFO ] - X:408.55518 Y:31.399971 Z:220.47258
[thewall.game.TheWall] [19:07:52] TwLight Main Thread/INFO ] - X:408.55518 Y:31.399971 Z:220.47258
[thewall.game.TheWall] [19:07:53] TwLight Main Thread/INFO ] - X:408.55518 Y:31.399971 Z:220.47258
[thewall.game.TheWall] [19:07:54] TwLight Main Thread/INFO ] - X:408.55518 Y:31.399971 Z:220.47258
[thewall.game.TheWall] [19:07:55] TwLight Main Thread/INFO ] - X:408.55518 Y:31.399971 Z:220.47258
[thewall.game.TheWall] [19:07:56] TwLight Main Thread/INFO ] - X:408.55518 Y:31.399971 Z:220.47258
[thewall.game.TheWall] [19:07:57] TwLight Main Thread/INFO ] - X:408.55518 Y:31.399971 Z:220.47258
[thewall.game.TheWall] [19:07:58] TwLight Main Thread/INFO ] - X:408.55518 Y:31.399971 Z:220.47258
[thewall.game.TheWall] [19:07:59] TwLight Main Thread/INFO ] - X:408.55518 Y:31.399971 Z:220.47258
[thewall.game.TheWall] [19:08:00] TwLight Main Thread/INFO ] - X:408.55518 Y:31.399971 Z:220.47258
[thewall.game.TheWall] [19:08:01] TwLight Main Thread/INFO ] - X:408.55518 Y:31.399971 Z:220.47258
[thewall.game.TheWall] [19:08:02] TwLight Main Thread/INFO ] - X:408.55518 Y:31.399971 Z:220.47258
[thewall.game.TheWall] [19:08:03] TwLight Main Thread/INFO ] - X:408.55518 Y:31.399971 Z:220.47258
[thewall.game.TheWall] [19:08:04] TwLight Main Thread/INFO ] - X:408.55518 Y:31.399971 Z:220.47258
[thewall.game.TheWall] [19:08:05] TwLight Main Thread/INFO ] - X:408.55518 Y:31.399971 Z:220.47258
[thewall.game.TheWall] [19:08:06] TwLight Main Thread/INFO ] - X:408.55518 Y:31.399971 Z:220.47258
[thewall.game.TheWall] [19:08:07] TwLight Main Thread/INFO ] - X:408.55518 Y:31.399971 Z:220.47258
[thewall.game.TheWall] [19:08:08] TwLight Main Thread/INFO ] - X:408.55518 Y:31.399971 Z:220.47258
[thewall.game.TheWall] [19:08:09] TwLight Main Thread/INFO ] - X:408.55518 Y:31.399971 Z:220.47258
[thewall.game.TheWall] [19:08:10] TwLight Main Thread/INFO ] - X:408.55518 Y:31.399971 Z:220.47258
[thewall.game.TheWall] [19:08:11] TwLight Main Thread/INFO ] - X:408.55518 Y:31.399971 Z:220.47258
[thewall.game.TheWall] [19:08:12] TwLight Main Thread/INFO ] - X:408.55518 Y:31.399971 Z:220.47258
[thewall.game.TheWall] [19:08:13] TwLight Main Thread/INFO ] - X:408.55518 Y:31.399971 Z:220.47258
[thewall.game.TheWall] [19:08:14] TwLight Main Thread/INFO ] - X:408.55518 Y:31.399971 Z:220.47258
[thewall.game.TheWall] [19:08:15] TwLight Main Thread/INFO ] - X:408.55518 Y:31.399971 Z:220.47258
[thewall.game.TheWall] [19:08:16] TwLight Main Thread/INFO ] - X:408.55518 Y:31.399971 Z:220.47258
[thewall.game.TheWall] [19:08:17] TwLight Main Thread/INFO ] - X:408.55518 Y:31.399971 Z:220.47258
[thewall.game.TheWall] [19:08:18] TwLight Main Thread/INFO ] - X:408.55518 Y:31.399971 Z:220.47258
[thewall.game.TheWall] [19:08:19] TwLight Main Thread/INFO ] - X:408.55518 Y:31.399971 Z:220.47258
[thewall.game.TheWall] [19:08:20] TwLight Main Thread/INFO ] - X:408.55518 Y:31.399971 Z:220.47258
[thewall.game.TheWall] [19:08:21] TwLight Main Thread/INFO ] - X:408.55518 Y:31.399971 Z:220.47258
[thewall.game.TheWall] [19:08:22] TwLight Main Thread/INFO ] - X:408.55518 Y:31.399971 Z:220.47258
[thewall.game.TheWall] [19:08:23] TwLight Main Thread/INFO ] - X:408.55518 Y:31.399971 Z:220.47258
[thewall.game.TheWall] [19:08:24] TwLight Main Thread/INFO ] - X:408.55518 Y:31.399971 Z:220.47258
[thewall.game.TheWall] [19:08:25] TwLight Main Thread/INFO ] - X:408.55518 Y:31.399971 Z:220.47258
[thewall.game.TheWall] [19:08:26] TwLight Main Thread/INFO ] - X:408.55518 Y:31.399971 Z:220.47258
[thewall.game.TheWall] [19:08:27] TwLight Main Thread/INFO ] - X:408.55518 Y:31.399971 Z:220.47258
[thewall.game.TheWall] [19:08:28] TwLight Main Thread/INFO ] - X:408.55518 Y:31.399971 Z:220.47258
[thewall.game.TheWall] [19:08:29] TwLight Main Thread/INFO ] - X:408.55518 Y:31.399971 Z:220.47258
[thewall.game.TheWall] [19:08:30] TwLight Main Thread/INFO ] - X:408.55518 Y:31.399971 Z:220.47258
[thewall.game.TheWall] [19:08:31] TwLight Main Thread/INFO ] - X:408.55518 Y:31.399971 Z:220.47258
[thewall.game.TheWall] [19:08:32] TwLight Main Thread/INFO ] - X:408.55518 Y:31.399971 Z:220.47258
[thewall.game.TheWall] [19:08:33] TwLight Main Thread/INFO ] - X:408.55518 Y:31.399971 Z:220.47258
[thewall.game.TheWall] [19:08:34] TwLight Main Thread/INFO ] - X:408.55518 Y:31.399971 Z:220.47258
[thewall.game.TheWall] [19:08:35] TwLight Main Thread/INFO ] - X:408.55518 Y:31.399971 Z:220.47258
[thewall.game.TheWall] [19:08:36] TwLight Main Thread/INFO ] - X:408.55518 Y:31.399971 Z:220.47258
[thewall.game.TheWall] [19:08:37] TwLight Main Thread/INFO ] - X:408.55518 Y:31.399971 Z:220.47258
[thewall.game.TheWall] [19:08:38] TwLight Main Thread/INFO ] - X:408.55518 Y:31.399971 Z:220.47258
[thewall.game.TheWall] [19:08:39] TwLight Main Thread/INFO ] - X:408.55518 Y:31.399971 Z:220.47258
[thewall.game.TheWall] [19:08:40] TwLight Main Thread/INFO ] - X:408.55518 Y:31.399971 Z:220.47258
[thewall.game.TheWall] [19:08:41] TwLight Main Thread/INFO ] - X:408.55518 Y:31.399971 Z:220.47258
[thewall.game.TheWall] [19:08:42] TwLight Main Thread/INFO ] - X:408.55518 Y:31.399971 Z:220.47258
[thewall.game.TheWall] [19:08:43] TwLight Main Thread/INFO ] - X:408.55518 Y:31.399971 Z:220.47258
[thewall.game.TheWall] [19:08:44] TwLight Main Thread/INFO ] - X:408.55518 Y:31.399971 Z:220.47258
[thewall.game.TheWall] [19:08:45] TwLight Main Thread/INFO ] - X:408.55518 Y:31.399971 Z:220.47258
[thewall.game.TheWall] [19:08:46] TwLight Main Thread/INFO ] - X:408.55518 Y:31.399971 Z:220.47258
[thewall.game.TheWall] [19:08:47] TwLight Main Thread/INFO ] - X:408.55518 Y:31.399971 Z:220.47258
[thewall.game.TheWall] [19:08:48] TwLight Main Thread/INFO ] - X:408.55518 Y:31.399971 Z:220.47258
[thewall.game.TheWall] [19:08:49] TwLight Main Thread/INFO ] - X:408.55518 Y:31.399971 Z:220.47258
[thewall.game.TheWall] [19:08:50] TwLight Main Thread/INFO ] - X:408.55518 Y:31.399971 Z:220.47258
[thewall.game.TheWall] [19:08:51] TwLight Main Thread/INFO ] - X:408.55518 Y:31.399971 Z:220.47258
[thewall.game.TheWall] [19:08:52] TwLight Main Thread/INFO ] - X:408.55518 Y:31.399971 Z:220.47258
[thewall.game.TheWall] [19:08:53] TwLight Main Thread/INFO ] - X:408.55518 Y:31.399971 Z:220.47258
[thewall.game.TheWall] [19:08:54] TwLight Main Thread/INFO ] - X:408.55518 Y:31.399971 Z:220.47258
[thewall.game.TheWall] [19:08:55] TwLight Main Thread/INFO ] - X:408.55518 Y:31.399971 Z:220.47258
[thewall.game.TheWall] [19:08:56] TwLight Main Thread/INFO ] - X:408.55518 Y:31.399971 Z:220.47258
[thewall.game.TheWall] [19:08:57] TwLight Main Thread/INFO ] - X:408.55518 Y:31.399971 Z:220.47258
[thewall.game.TheWall] [19:08:58] TwLight Main Thread/INFO ] - X:408.55518 Y:31.399971 Z:220.47258
[thewall.game.TheWall] [19:08:59] TwLight Main Thread/INFO ] - X:408.55518 Y:31.399971 Z:220.47258
[thewall.game.TheWall] [19:09:00] TwLight Main Thread/INFO ] - X:408.55518 Y:31.399971 Z:220.47258
[thewall.game.TheWall] [19:09:01] TwLight Main Thread/INFO ] - X:408.55518 Y:31.399971 Z:220.47258
[thewall.game.TheWall] [19:09:02] TwLight Main Thread/INFO ] - X:408.55518 Y:31.399971 Z:220.47258
[thewall.game.TheWall] [19:09:03] TwLight Main Thread/INFO ] - X:408.55518 Y:31.399971 Z:220.47258
[thewall.game.TheWall] [19:09:04] TwLight Main Thread/INFO ] - X:408.55518 Y:31.399971 Z:220.47258
[thewall.game.TheWall] [19:09:05] TwLight Main Thread/INFO ] - X:408.55518 Y:31.399971 Z:220.47258
[thewall.game.TheWall] [19:09:06] TwLight Main Thread/INFO ] - X:408.55518 Y:31.399971 Z:220.47258
[thewall.game.TheWall] [19:09:07] TwLight Main Thread/INFO ] - X:408.55518 Y:31.399971 Z:220.47258
[thewall.game.TheWall] [19:09:08] TwLight Main Thread/INFO ] - X:408.55518 Y:31.399971 Z:220.47258
[thewall.game.TheWall] [19:09:09] TwLight Main Thread/INFO ] - X:408.55518 Y:31.399971 Z:220.47258
[thewall.game.TheWall] [19:09:10] TwLight Main Thread/INFO ] - X:408.55518 Y:31.399971 Z:220.47258
[thewall.game.TheWall] [19:09:11] TwLight Main Thread/INFO ] - X:408.55518 Y:31.399971 Z:220.47258
[thewall.game.TheWall] [19:09:12] TwLight Main Thread/INFO ] - X:408.55518 Y:31.399971 Z:220.47258
[thewall.game.TheWall] [19:09:13] TwLight Main Thread/INFO ] - X:408.55518 Y:31.399971 Z:220.47258
[thewall.game.TheWall] [19:09:14] TwLight Main Thread/INFO ] - X:408.55518 Y:31.399971 Z:220.47258
[thewall.game.TheWall] [19:09:15] TwLight Main Thread/INFO ] - X:408.55518 Y:31.399971 Z:220.47258
[thewall.game.TheWall] [19:09:16] TwLight Main Thread/INFO ] - X:408.55518 Y:31.399971 Z:220.47258
[thewall.game.TheWall] [19:09:17] TwLight Main Thread/INFO ] - X:408.55518 Y:31.399971 Z:220.47258
[thewall.game.TheWall] [19:09:18] TwLight Main Thread/INFO ] - X:408.55518 Y:31.399971 Z:220.47258
[thewall.game.TheWall] [19:09:19] TwLight Main Thread/INFO ] - X:408.55518 Y:31.399971 Z:220.47258
[thewall.game.TheWall] [19:09:20] TwLight Main Thread/INFO ] - X:408.55518 Y:31.399971 Z:220.47258
[thewall.game.TheWall] [19:09:21] TwLight Main Thread/INFO ] - X:408.55518 Y:31.399971 Z:220.47258
[thewall.game.TheWall] [19:09:22] TwLight Main Thread/INFO ] - X:408.55518 Y:31.399971 Z:220.47258
[thewall.game.TheWall] [19:09:23] TwLight Main Thread/INFO ] - X:408.55518 Y:31.399971 Z:220.47258
[thewall.game.TheWall] [19:09:24] TwLight Main Thread/INFO ] - X:408.55518 Y:31.399971 Z:220.47258
[thewall.game.TheWall] [19:09:25] TwLight Main Thread/INFO ] - X:408.55518 Y:31.399971 Z:220.47258
[thewall.game.TheWall] [19:09:26] TwLight Main Thread/INFO ] - X:408.55518 Y:31.399971 Z:220.47258
[thewall.game.TheWall] [19:09:27] TwLight Main Thread/INFO ] - X:408.55518 Y:31.399971 Z:220.47258
[thewall.game.TheWall] [19:09:28] TwLight Main Thread/INFO ] - X:408.55518 Y:31.399971 Z:220.47258
[thewall.game.TheWall] [19:09:29] TwLight Main Thread/INFO ] - X:408.55518 Y:31.399971 Z:220.47258
[thewall.game.TheWall] [19:09:30] TwLight Main Thread/INFO ] - X:408.55518 Y:31.399971 Z:220.47258
[thewall.game.TheWall] [19:09:31] TwLight Main Thread/INFO ] - X:408.55518 Y:31.399971 Z:220.47258
[thewall.game.TheWall] [19:09:32] TwLight Main Thread/INFO ] - X:408.55518 Y:31.399971 Z:220.47258
[thewall.game.TheWall] [19:09:33] TwLight Main Thread/INFO ] - X:408.55518 Y:31.399971 Z:220.47258
[thewall.game.TheWall] [19:09:34] TwLight Main Thread/INFO ] - X:408.55518 Y:31.399971 Z:220.47258
[thewall.game.TheWall] [19:09:35] TwLight Main Thread/INFO ] - X:408.55518 Y:31.399971 Z:220.47258
[thewall.game.TheWall] [19:09:36] TwLight Main Thread/INFO ] - X:408.55518 Y:31.399971 Z:220.47258
[thewall.game.TheWall] [19:09:37] TwLight Main Thread/INFO ] - X:408.55518 Y:31.399971 Z:220.47258
[thewall.game.TheWall] [19:09:38] TwLight Main Thread/INFO ] - X:408.55518 Y:31.399971 Z:220.47258
[thewall.game.TheWall] [19:09:39] TwLight Main Thread/INFO ] - X:408.55518 Y:31.399971 Z:220.47258
[thewall.game.TheWall] [19:09:40] TwLight Main Thread/INFO ] - X:408.55518 Y:31.399971 Z:220.47258
[thewall.game.TheWall] [19:09:41] TwLight Main Thread/INFO ] - X:408.55518 Y:31.399971 Z:220.47258
[thewall.game.TheWall] [19:09:42] TwLight Main Thread/INFO ] - X:408.55518 Y:31.399971 Z:220.47258
[thewall.game.TheWall] [19:09:43] TwLight Main Thread/INFO ] - X:408.55518 Y:31.399971 Z:220.47258
[thewall.game.TheWall] [19:09:44] TwLight Main Thread/INFO ] - X:408.55518 Y:31.399971 Z:220.47258
[thewall.game.TheWall] [19:09:45] TwLight Main Thread/INFO ] - X:408.55518 Y:31.399971 Z:220.47258
[thewall.game.TheWall] [19:09:46] TwLight Main Thread/INFO ] - X:408.55518 Y:31.399971 Z:220.47258
[thewall.game.TheWall] [19:09:47] TwLight Main Thread/INFO ] - X:408.55518 Y:31.399971 Z:220.47258
[thewall.game.TheWall] [19:09:48] TwLight Main Thread/INFO ] - X:408.55518 Y:31.399971 Z:220.47258
[thewall.game.TheWall] [19:09:49] TwLight Main Thread/INFO ] - X:408.55518 Y:31.399971 Z:220.47258
[thewall.game.TheWall] [19:09:50] TwLight Main Thread/INFO ] - X:408.55518 Y:31.399971 Z:220.47258
[thewall.game.TheWall] [19:09:51] TwLight Main Thread/INFO ] - X:408.55518 Y:31.399971 Z:220.47258
[thewall.game.TheWall] [19:09:52] TwLight Main Thread/INFO ] - X:408.55518 Y:31.399971 Z:220.47258
[thewall.game.TheWall] [19:09:53] TwLight Main Thread/INFO ] - X:408.55518 Y:31.399971 Z:220.47258
[thewall.game.TheWall] [19:09:54] TwLight Main Thread/INFO ] - X:408.55518 Y:31.399971 Z:220.47258
[thewall.game.TheWall] [19:09:55] TwLight Main Thread/INFO ] - X:408.55518 Y:31.399971 Z:220.47258
[thewall.game.TheWall] [19:09:56] TwLight Main Thread/INFO ] - X:408.55518 Y:31.399971 Z:220.47258
[thewall.game.TheWall] [19:09:57] TwLight Main Thread/INFO ] - X:408.55518 Y:31.399971 Z:220.47258
[thewall.game.TheWall] [19:09:58] TwLight Main Thread/INFO ] - X:408.55518 Y:31.399971 Z:220.47258
[thewall.game.TheWall] [19:09:59] TwLight Main Thread/INFO ] - X:408.55518 Y:31.399971 Z:220.47258
[thewall.game.TheWall] [19:10:00] TwLight Main Thread/INFO ] - X:408.55518 Y:31.399971 Z:220.47258
[thewall.game.TheWall] [19:10:01] TwLight Main Thread/INFO ] - X:408.55518 Y:31.399971 Z:220.47258
[thewall.game.TheWall] [19:10:02] TwLight Main Thread/INFO ] - X:408.55518 Y:31.399971 Z:220.47258
[thewall.game.TheWall] [19:10:03] TwLight Main Thread/INFO ] - X:408.55518 Y:31.399971 Z:220.47258
[thewall.game.TheWall] [19:10:04] TwLight Main Thread/INFO ] - X:408.55518 Y:31.399971 Z:220.47258
[thewall.game.TheWall] [19:10:05] TwLight Main Thread/INFO ] - X:408.55518 Y:31.399971 Z:220.47258
[thewall.game.TheWall] [19:10:06] TwLight Main Thread/INFO ] - X:408.55518 Y:31.399971 Z:220.47258
[thewall.game.TheWall] [19:10:07] TwLight Main Thread/INFO ] - X:408.55518 Y:31.399971 Z:220.47258
[thewall.game.TheWall] [19:10:08] TwLight Main Thread/INFO ] - X:408.55518 Y:31.399971 Z:220.47258
[thewall.game.TheWall] [19:10:09] TwLight Main Thread/INFO ] - X:408.55518 Y:31.399971 Z:220.47258
[thewall.game.TheWall] [19:10:10] TwLight Main Thread/INFO ] - X:408.55518 Y:31.399971 Z:220.47258
[thewall.game.TheWall] [19:10:11] TwLight Main Thread/INFO ] - X:408.55518 Y:31.399971 Z:220.47258
[thewall.game.TheWall] [19:10:12] TwLight Main Thread/INFO ] - X:408.55518 Y:31.399971 Z:220.47258
[thewall.game.TheWall] [19:10:13] TwLight Main Thread/INFO ] - X:408.55518 Y:31.399971 Z:220.47258
[thewall.game.TheWall] [19:10:14] TwLight Main Thread/INFO ] - X:408.55518 Y:31.399971 Z:220.47258
[thewall.game.TheWall] [19:10:15] TwLight Main Thread/INFO ] - X:408.55518 Y:31.399971 Z:220.47258
[thewall.game.TheWall] [19:10:16] TwLight Main Thread/INFO ] - X:408.55518 Y:31.399971 Z:220.47258
[thewall.game.TheWall] [19:10:17] TwLight Main Thread/INFO ] - X:408.55518 Y:31.399971 Z:220.47258
[thewall.game.TheWall] [19:10:18] TwLight Main Thread/INFO ] - X:408.55518 Y:31.399971 Z:220.47258
[thewall.game.TheWall] [19:10:19] TwLight Main Thread/INFO ] - X:408.55518 Y:31.399971 Z:220.47258
[thewall.game.TheWall] [19:10:20] TwLight Main Thread/INFO ] - X:408.55518 Y:31.399971 Z:220.47258
[thewall.game.TheWall] [19:10:21] TwLight Main Thread/INFO ] - X:408.55518 Y:31.399971 Z:220.47258
[thewall.game.TheWall] [19:10:22] TwLight Main Thread/INFO ] - X:408.55518 Y:31.399971 Z:220.47258
[thewall.game.TheWall] [19:10:23] TwLight Main Thread/INFO ] - X:408.55518 Y:31.399971 Z:220.47258
[thewall.game.TheWall] [19:10:24] TwLight Main Thread/INFO ] - X:408.55518 Y:31.399971 Z:220.47258
[thewall.game.TheWall] [19:10:25] TwLight Main Thread/INFO ] - X:408.55518 Y:31.399971 Z:220.47258
[thewall.game.TheWall] [19:10:26] TwLight Main Thread/INFO ] - X:408.55518 Y:31.399971 Z:220.47258
[thewall.game.TheWall] [19:10:27] TwLight Main Thread/INFO ] - X:408.55518 Y:31.399971 Z:220.47258
[thewall.game.TheWall] [19:10:28] TwLight Main Thread/INFO ] - X:408.55518 Y:31.399971 Z:220.47258
[thewall.game.TheWall] [19:10:29] TwLight Main Thread/INFO ] - X:408.55518 Y:31.399971 Z:220.47258
[thewall.game.TheWall] [19:10:30] TwLight Main Thread/INFO ] - X:408.55518 Y:31.399971 Z:220.47258
[thewall.game.TheWall] [19:10:31] TwLight Main Thread/INFO ] - X:408.55518 Y:31.399971 Z:220.47258
[thewall.game.TheWall] [19:10:32] TwLight Main Thread/INFO ] - X:408.55518 Y:31.399971 Z:220.47258
[thewall.game.TheWall] [19:10:33] TwLight Main Thread/INFO ] - X:408.55518 Y:31.399971 Z:220.47258
[thewall.game.TheWall] [19:10:34] TwLight Main Thread/INFO ] - X:408.55518 Y:31.399971 Z:220.47258
[thewall.game.TheWall] [19:10:35] TwLight Main Thread/INFO ] - X:408.55518 Y:31.399971 Z:220.47258
[thewall.game.TheWall] [19:10:36] TwLight Main Thread/INFO ] - X:408.55518 Y:31.399971 Z:220.47258
[thewall.game.TheWall] [19:10:37] TwLight Main Thread/INFO ] - X:408.55518 Y:31.399971 Z:220.47258
[thewall.game.TheWall] [19:10:38] TwLight Main Thread/INFO ] - X:408.55518 Y:31.399971 Z:220.47258
[thewall.game.TheWall] [19:10:39] TwLight Main Thread/INFO ] - X:408.55518 Y:31.399971 Z:220.47258
[thewall.game.TheWall] [19:10:40] TwLight Main Thread/INFO ] - X:408.55518 Y:31.399971 Z:220.47258
[thewall.game.TheWall] [19:10:41] TwLight Main Thread/INFO ] - X:408.55518 Y:31.399971 Z:220.47258
[thewall.game.TheWall] [19:10:42] TwLight Main Thread/INFO ] - X:408.55518 Y:31.399971 Z:220.47258
[thewall.game.TheWall] [19:10:43] TwLight Main Thread/INFO ] - X:408.55518 Y:31.399971 Z:220.47258
[thewall.game.TheWall] [19:10:44] TwLight Main Thread/INFO ] - X:408.55518 Y:31.399971 Z:220.47258
[thewall.game.TheWall] [19:10:45] TwLight Main Thread/INFO ] - X:408.55518 Y:31.399971 Z:220.47258
[thewall.game.TheWall] [19:10:46] TwLight Main Thread/INFO ] - X:408.55518 Y:31.399971 Z:220.47258
[thewall.game.TheWall] [19:10:47] TwLight Main Thread/INFO ] - X:408.55518 Y:31.399971 Z:220.47258
[thewall.game.TheWall] [19:10:48] TwLight Main Thread/INFO ] - X:408.55518 Y:31.399971 Z:220.47258
[thewall.game.TheWall] [19:10:49] TwLight Main Thread/INFO ] - X:408.55518 Y:31.399971 Z:220.47258
[thewall.game.TheWall] [19:10:50] TwLight Main Thread/INFO ] - X:408.55518 Y:31.399971 Z:220.47258
[thewall.game.TheWall] [19:10:51] TwLight Main Thread/INFO ] - X:408.55518 Y:31.399971 Z:220.47258
[thewall.game.TheWall] [19:10:52] TwLight Main Thread/INFO ] - X:408.55518 Y:31.399971 Z:220.47258
[thewall.game.TheWall] [19:10:53] TwLight Main Thread/INFO ] - X:408.55518 Y:31.399971 Z:220.47258
[thewall.game.TheWall] [19:10:54] TwLight Main Thread/INFO ] - X:408.55518 Y:31.399971 Z:220.47258
[thewall.game.TheWall] [19:10:55] TwLight Main Thread/INFO ] - X:408.55518 Y:31.399971 Z:220.47258
[thewall.game.TheWall] [19:10:56] TwLight Main Thread/INFO ] - X:408.55518 Y:31.399971 Z:220.47258
[thewall.game.TheWall] [19:10:57] TwLight Main Thread/INFO ] - X:408.55518 Y:31.399971 Z:220.47258
[thewall.game.TheWall] [19:10:58] TwLight Main Thread/INFO ] - X:408.55518 Y:31.399971 Z:220.47258
[thewall.game.TheWall] [19:10:59] TwLight Main Thread/INFO ] - X:408.55518 Y:31.399971 Z:220.47258
[thewall.game.TheWall] [19:11:00] TwLight Main Thread/INFO ] - X:408.55518 Y:31.399971 Z:220.47258
[thewall.game.TheWall] [19:11:01] TwLight Main Thread/INFO ] - X:408.55518 Y:31.399971 Z:220.47258
[thewall.game.TheWall] [19:11:02] TwLight Main Thread/INFO ] - X:408.55518 Y:31.399971 Z:220.47258
[thewall.game.TheWall] [19:11:03] TwLight Main Thread/INFO ] - X:408.55518 Y:31.399971 Z:220.47258
[thewall.game.TheWall] [19:11:04] TwLight Main Thread/INFO ] - X:408.55518 Y:31.399971 Z:220.47258
[thewall.game.TheWall] [19:11:05] TwLight Main Thread/INFO ] - X:408.55518 Y:31.399971 Z:220.47258
[thewall.game.TheWall] [19:11:06] TwLight Main Thread/INFO ] - X:408.55518 Y:31.399971 Z:220.47258
[thewall.game.TheWall] [19:11:07] TwLight Main Thread/INFO ] - X:408.55518 Y:31.399971 Z:220.47258
[thewall.game.TheWall] [19:11:08] TwLight Main Thread/INFO ] - X:408.55518 Y:31.399971 Z:220.47258
[thewall.game.TheWall] [19:11:09] TwLight Main Thread/INFO ] - X:408.55518 Y:31.399971 Z:220.47258
[thewall.game.TheWall] [19:11:10] TwLight Main Thread/INFO ] - X:408.55518 Y:31.399971 Z:220.47258
[thewall.game.TheWall] [19:11:11] TwLight Main Thread/INFO ] - X:408.55518 Y:31.399971 Z:220.47258
[thewall.game.TheWall] [19:11:12] TwLight Main Thread/INFO ] - X:408.55518 Y:31.399971 Z:220.47258
[thewall.game.TheWall] [19:11:13] TwLight Main Thread/INFO ] - X:408.55518 Y:31.399971 Z:220.47258
[thewall.game.TheWall] [19:11:14] TwLight Main Thread/INFO ] - X:408.55518 Y:31.399971 Z:220.47258
[thewall.game.TheWall] [19:11:15] TwLight Main Thread/INFO ] - X:408.55518 Y:31.399971 Z:220.47258
[thewall.game.TheWall] [19:11:16] TwLight Main Thread/INFO ] - X:408.55518 Y:31.399971 Z:220.47258
[thewall.game.TheWall] [19:11:17] TwLight Main Thread/INFO ] - X:408.55518 Y:31.399971 Z:220.47258
[thewall.game.TheWall] [19:11:18] TwLight Main Thread/INFO ] - X:408.55518 Y:31.399971 Z:220.47258
[thewall.game.TheWall] [19:11:19] TwLight Main Thread/INFO ] - X:408.55518 Y:31.399971 Z:220.47258
[thewall.game.TheWall] [19:11:20] TwLight Main Thread/INFO ] - X:408.55518 Y:31.399971 Z:220.47258
[thewall.game.TheWall] [19:11:21] TwLight Main Thread/INFO ] - X:408.55518 Y:31.399971 Z:220.47258
[thewall.game.TheWall] [19:11:22] TwLight Main Thread/INFO ] - X:408.55518 Y:31.399971 Z:220.47258
[thewall.game.TheWall] [19:11:23] TwLight Main Thread/INFO ] - X:408.55518 Y:31.399971 Z:220.47258
[thewall.game.TheWall] [19:11:24] TwLight Main Thread/INFO ] - X:408.55518 Y:31.399971 Z:220.47258
[thewall.game.TheWall] [19:11:25] TwLight Main Thread/INFO ] - X:408.55518 Y:31.399971 Z:220.47258
[thewall.game.TheWall] [19:11:26] TwLight Main Thread/INFO ] - X:408.55518 Y:31.399971 Z:220.47258
[thewall.game.TheWall] [19:11:27] TwLight Main Thread/INFO ] - X:408.55518 Y:31.399971 Z:220.47258
[thewall.game.TheWall] [19:11:28] TwLight Main Thread/INFO ] - X:408.55518 Y:31.399971 Z:220.47258
[thewall.game.TheWall] [19:11:29] TwLight Main Thread/INFO ] - X:408.55518 Y:31.399971 Z:220.47258
[thewall.game.TheWall] [19:11:30] TwLight Main Thread/INFO ] - X:408.55518 Y:31.399971 Z:220.47258
[thewall.game.TheWall] [19:11:31] TwLight Main Thread/INFO ] - X:408.55518 Y:31.399971 Z:220.47258
[thewall.game.TheWall] [19:11:32] TwLight Main Thread/INFO ] - X:408.55518 Y:31.399971 Z:220.47258
[thewall.game.TheWall] [19:11:33] TwLight Main Thread/INFO ] - X:408.55518 Y:31.399971 Z:220.47258
[thewall.game.TheWall] [19:11:34] TwLight Main Thread/INFO ] - X:408.55518 Y:31.399971 Z:220.47258
[thewall.game.TheWall] [19:11:35] TwLight Main Thread/INFO ] - X:408.55518 Y:31.399971 Z:220.47258
[thewall.game.TheWall] [19:11:36] TwLight Main Thread/INFO ] - X:408.55518 Y:31.399971 Z:220.47258
[thewall.game.TheWall] [19:11:37] TwLight Main Thread/INFO ] - X:408.55518 Y:31.399971 Z:220.47258
[thewall.game.TheWall] [19:11:38] TwLight Main Thread/INFO ] - X:408.55518 Y:31.399971 Z:220.47258
[thewall.game.TheWall] [19:11:39] TwLight Main Thread/INFO ] - X:408.55518 Y:31.399971 Z:220.47258
[thewall.game.TheWall] [19:11:40] TwLight Main Thread/INFO ] - X:408.55518 Y:31.399971 Z:220.47258
[thewall.game.TheWall] [19:11:41] TwLight Main Thread/INFO ] - X:408.55518 Y:31.399971 Z:220.47258
[thewall.game.TheWall] [19:11:42] TwLight Main Thread/INFO ] - X:408.55518 Y:31.399971 Z:220.47258
[thewall.game.TheWall] [19:11:43] TwLight Main Thread/INFO ] - X:408.55518 Y:31.399971 Z:220.47258
[thewall.game.TheWall] [19:11:44] TwLight Main Thread/INFO ] - X:408.55518 Y:31.399971 Z:220.47258
[thewall.game.TheWall] [19:11:45] TwLight Main Thread/INFO ] - X:408.55518 Y:31.399971 Z:220.47258
[thewall.game.TheWall] [19:11:46] TwLight Main Thread/INFO ] - X:408.55518 Y:31.399971 Z:220.47258
[thewall.game.TheWall] [19:11:47] TwLight Main Thread/INFO ] - X:408.55518 Y:31.399971 Z:220.47258
[thewall.game.TheWall] [19:11:48] TwLight Main Thread/INFO ] - X:408.55518 Y:31.399971 Z:220.47258
[thewall.game.TheWall] [19:11:49] TwLight Main Thread/INFO ] - X:408.55518 Y:31.399971 Z:220.47258
[thewall.game.TheWall] [19:11:50] TwLight Main Thread/INFO ] - X:408.55518 Y:31.399971 Z:220.47258
[thewall.game.TheWall] [19:11:51] TwLight Main Thread/INFO ] - X:408.55518 Y:31.399971 Z:220.47258
[thewall.game.TheWall] [19:11:52] TwLight Main Thread/INFO ] - X:408.55518 Y:31.399971 Z:220.47258
[thewall.game.TheWall] [19:11:53] TwLight Main Thread/INFO ] - X:408.55518 Y:31.399971 Z:220.47258
[thewall.game.TheWall] [19:11:54] TwLight Main Thread/INFO ] - X:408.55518 Y:31.399971 Z:220.47258
[thewall.game.TheWall] [19:11:55] TwLight Main Thread/INFO ] - X:408.55518 Y:31.399971 Z:220.47258
[thewall.game.TheWall] [19:11:56] TwLight Main Thread/INFO ] - X:408.55518 Y:31.399971 Z:220.47258
[thewall.game.TheWall] [19:11:57] TwLight Main Thread/INFO ] - X:408.55518 Y:31.399971 Z:220.47258
[thewall.game.TheWall] [19:11:58] TwLight Main Thread/INFO ] - X:408.55518 Y:31.399971 Z:220.47258
[thewall.game.TheWall] [19:11:59] TwLight Main Thread/INFO ] - X:408.55518 Y:31.399971 Z:220.47258
[thewall.game.TheWall] [19:12:00] TwLight Main Thread/INFO ] - X:408.55518 Y:31.399971 Z:220.47258
[thewall.game.TheWall] [19:12:01] TwLight Main Thread/INFO ] - X:408.55518 Y:31.399971 Z:220.47258
[thewall.game.TheWall] [19:12:02] TwLight Main Thread/INFO ] - X:408.55518 Y:31.399971 Z:220.47258
[thewall.game.TheWall] [19:12:03] TwLight Main Thread/INFO ] - X:408.55518 Y:31.399971 Z:220.47258
[thewall.game.TheWall] [19:12:04] TwLight Main Thread/INFO ] - X:408.55518 Y:31.399971 Z:220.47258
[thewall.game.TheWall] [19:12:05] TwLight Main Thread/INFO ] - X:408.55518 Y:31.399971 Z:220.47258
[thewall.game.TheWall] [19:12:06] TwLight Main Thread/INFO ] - X:408.55518 Y:31.399971 Z:220.47258
[thewall.game.TheWall] [19:12:07] TwLight Main Thread/INFO ] - X:408.55518 Y:31.399971 Z:220.47258
[thewall.game.TheWall] [19:12:08] TwLight Main Thread/INFO ] - X:408.55518 Y:31.399971 Z:220.47258
[thewall.game.TheWall] [19:12:09] TwLight Main Thread/INFO ] - X:408.55518 Y:31.399971 Z:220.47258
[thewall.game.TheWall] [19:12:10] TwLight Main Thread/INFO ] - X:408.55518 Y:31.399971 Z:220.47258
[thewall.game.TheWall] [19:12:11] TwLight Main Thread/INFO ] - X:408.55518 Y:31.399971 Z:220.47258
[th