[thewall.engine.twilight.TwilightApp] [19:12:34] main/INFO ] - Initializing Twilight 1.1.0.3
[thewall.engine.twilight.runtime.AbstractRuntime] [19:12:34] TwLight Main Thread/INFO ] - Starting runtime for [Twilight Game App Runtime]
[thewall.engine.twilight.shaders.ShaderProgram] [19:12:34] TwLight Main Thread/ERROR] - Uniform from [thewall.engine.twilight.shaders.StaticShader] [random] not found
[thewall.engine.twilight.runtime.app.TEngineAppRuntime] [19:12:35] TwLight Main Thread/INFO ] - CPU:       Intel(R) Core(TM) i7-7700HQ CPU @ 2.80GHz
[thewall.engine.twilight.runtime.app.TEngineAppRuntime] [19:12:35] TwLight Main Thread/INFO ] - OpenGL:    4.6 (Compatibility Profile) Mesa 20.3.5
[thewall.engine.twilight.runtime.app.TEngineAppRuntime] [19:12:35] TwLight Main Thread/INFO ] - GPU:       Mesa Intel(R) HD Graphics 630 (KBL GT2)
[thewall.engine.twilight.runtime.app.TEngineAppRuntime] [19:12:35] TwLight Main Thread/INFO ] - Vendor:    Intel
[thewall.engine.twilight.runtime.app.TEngineAppRuntime] [19:12:35] TwLight Main Thread/INFO ] - Memory :   15891MB
[thewall.engine.twilight.runtime.app.TEngineAppRuntime] [19:12:35] TwLight Main Thread/INFO ] - Baseboard: ASUSTeK COMPUTER INC. UX550VE
[thewall.engine.twilight.runtime.app.TEngineAppRuntime] [19:12:35] TwLight Main Thread/INFO ] - Sound 1:   HDA-Intel - HDA Intel PCH Intel Kabylake HDMI Advanced Linux Sound Architecture Driver Version k5.14.0-2parrot1-amd64.
[thewall.engine.twilight.runtime.app.TEngineAppRuntime] [19:12:35] TwLight Main Thread/INFO ] - Sound 2:   USB-Audio - PRO X  Advanced Linux Sound Architecture Driver Version k5.14.0-2parrot1-amd64.
[thewall.engine.twilight.debugger.console.ConsoleOutProxy.OutStream] [19:12:35] TwLight Main Thread/INFO ] - 
[thewall.engine.twilight.runtime.app.TEngineAppRuntime] [19:12:35] TwLight Main Thread/INFO ] - Initialization complete, runtime is ready
[thewall.game.Game] [19:12:35] main/INFO ] - Game started in 0.855s.
[thewall.engine.twilight.render.MasterRenderer] [19:12:35] TwLight Main Thread/WARN ] - Entity [thewall.engine.twilight.entity.RawEntity] is deprecated, try to use another or implement your own.
[thewall.game.TheWall] [19:12:35] TwLight Main Thread/INFO ] - X:275.0 Y:25.0 Z:600.0
[thewall.game.TheWall] [19:12:36] TwLight Main Thread/INFO ] - X:275.0 Y:25.0 Z:600.0
[thewall.game.TheWall] [19:12:37] TwLight Main Thread/INFO ] - X:275.0 Y:25.0 Z:600.0
[thewall.game.TheWall] [19:12:38] TwLight Main Thread/INFO ] - X:275.0 Y:25.0 Z:600.0
[thewall.game.TheWall] [19:12:39] TwLight Main Thread/INFO ] - X:275.0 Y:25.0 Z:600.0
[thewall.game.TheWall] [19:12:40] TwLight Main Thread/INFO ] - X:275.0 Y:25.0 Z:600.0
[thewall.game.TheWall] [19:12:41] TwLight Main Thread/INFO ] - X:275.0 Y:25.0 Z:600.0
[thewall.game.TheWall] [19:12:42] TwLight Main Thread/INFO ] - X:275.0 Y:25.0 Z:600.0
[thewall.game.TheWall] [19:12:43] TwLight Main Thread/INFO ] - X:275.0 Y:25.0 Z:600.0
[thewall.game.TheWall] [19:12:44] TwLight Main Thread/INFO ] - X:275.0 Y:25.0 Z:600.0
[thewall.game.TheWall] [19:12:45] TwLight Main Thread/INFO ] - X:275.0 Y:25.0 Z:600.0
[thewall.game.TheWall] [19:12:46] TwLight Main Thread/INFO ] - X:275.0 Y:25.0 Z:600.0
[thewall.game.TheWall] [19:12:47] TwLight Main Thread/INFO ] - X:275.0 Y:25.0 Z:600.0
[thewall.game.TheWall] [19:12:48] TwLight Main Thread/INFO ] - X:275.0 Y:25.0 Z:600.0
[thewall.game.TheWall] [19:12:49] TwLight Main Thread/INFO ] - X:275.0 Y:25.0 Z:600.0
[thewall.game.TheWall] [19:12:50] TwLight Main Thread/INFO ] - X:275.0 Y:25.0 Z:600.0
[thewall.game.TheWall] [19:12:51] TwLight Main Thread/INFO ] - X:275.0 Y:25.0 Z:600.0
[thewall.game.TheWall] [19:12:52] TwLight Main Thread/INFO ] - X:275.0 Y:25.0 Z:600.0
[thewall.game.TheWall] [19:12:53] TwLight Main Thread/INFO ] - X:275.0 Y:25.0 Z:600.0
[thewall.game.TheWall] [19:12:54] TwLight Main Thread/INFO ] - X:275.0 Y:25.0 Z:600.0
[thewall.game.TheWall] [19:12:55] TwLight Main Thread/INFO ] - X:275.0 Y:25.0 Z:600.0
[thewall.game.TheWall] [19:12:56] TwLight Main Thread/INFO ] - X:275.0 Y:25.0 Z:600.0
[thewall.game.TheWall] [19:12:57] TwLight Main Thread/INFO ] - X:275.0 Y:25.0 Z:600.0
[thewall.game.TheWall] [19:12:58] TwLight Main Thread/INFO ] - X:275.0 Y:25.0 Z:600.0
[thewall.game.TheWall] [19:12:59] TwLight Main Thread/INFO ] - X:275.0 Y:25.0 Z:600.0
[thewall.game.TheWall] [19:13:00] TwLight Main Thread/INFO ] - X:275.0 Y:25.0 Z:600.0
[thewall.game.TheWall] [19:13:01] TwLight Main Thread/INFO ] - X:275.0 Y:25.0 Z:600.0
[thewall.game.TheWall] [19:13:02] TwLight Main Thread/INFO ] - X:275.0 Y:25.0 Z:600.0
[thewall.game.TheWall] [19:13:03] TwLight Main Thread/INFO ] - X:275.0 Y:25.0 Z:600.0
[thewall.game.TheWall] [19:13:04] TwLight Main Thread/INFO ] - X:275.0 Y:25.0 Z:600.0
[thewall.game.TheWall] [19:13:05] TwLight Main Thread/INFO ] - X:275.0 Y:25.0 Z:600.0
[thewall.game.TheWall] [19:13:06] TwLight Main Thread/INFO ] - X:275.0 Y:25.0 Z:600.0
[thewall.game.TheWall] [19:13:07] TwLight Main Thread/INFO ] - X:275.0 Y:25.0 Z:600.0
[thewall.game.TheWall] [19:13:08] TwLight Main Thread/INFO ] - X:275.0 Y:25.0 Z:600.0
[thewall.game.TheWall] [19:13:09] TwLight Main Thread/INFO ] - X:275.0 Y:25.0 Z:600.0
[thewall.game.TheWall] [19:13:10] TwLight Main Thread/INFO ] - X:275.0 Y:25.0 Z:600.0
[thewall.game.TheWall] [19:13:11] TwLight Main Thread/INFO ] - X:275.0 Y:25.0 Z:600.0
[thewall.game.TheWall] [19:13:12] TwLight Main Thread/INFO ] - X:275.0 Y:25.0 Z:600.0
[thewall.game.TheWall] [19:13:13] TwLight Main Thread/INFO ] - X:275.0 Y:25.0 Z:600.0
[thewall.game.TheWall] [19:13:14] TwLight Main Thread/INFO ] - X:275.0 Y:25.0 Z:600.0
[thewall.game.TheWall] [19:13:15] TwLight Main Thread/INFO ] - X:275.0 Y:25.0 Z:600.0
[thewall.game.TheWall] [19:13:16] TwLight Main Thread/INFO ] - X:275.0 Y:25.0 Z:600.0
[thewall.game.TheWall] [19:13:17] TwLight Main Thread/INFO ] - X:275.0 Y:25.0 Z:600.0
[thewall.game.TheWall] [19:13:18] TwLight Main Thread/INFO ] - X:275.0 Y:25.0 Z:600.0
[thewall.game.TheWall] [19:13:19] TwLight Main Thread/INFO ] - X:275.0 Y:25.0 Z:600.0
[thewall.game.TheWall] [19:13:20] TwLight Main Thread/INFO ] - X:275.0 Y:25.0 Z:600.0
[thewall.game.TheWall] [19:13:21] TwLight Main Thread/INFO ] - X:275.0 Y:25.0 Z:600.0
[thewall.game.TheWall] [19:13:22] TwLight Main Thread/INFO ] - X:275.0 Y:25.0 Z:600.0
[thewall.game.TheWall] [19:13:23] TwLight Main Thread/INFO ] - X:275.0 Y:25.0 Z:600.0
[thewall.game.TheWall] [19:13:24] TwLight Main Thread/INFO ] - X:275.0 Y:25.0 Z:600.0
[thewall.game.TheWall] [19:13:25] TwLight Main Thread/INFO ] - X:275.0 Y:25.0 Z:600.0
[thewall.game.TheWall] [19:13:26] TwLight Main Thread/INFO ] - X:275.0 Y:25.0 Z:600.0
[thewall.game.TheWall] [19:13:27] TwLight Main Thread/INFO ] - X:275.0 Y:25.0 Z:600.0
[thewall.game.TheWall] [19:13:28] TwLight Main Thread/INFO ] - X:275.0 Y:25.0 Z:600.0
[thewall.game.TheWall] [19:13:29] TwLight Main Thread/INFO ] - X:275.0 Y:25.0 Z:600.0
[thewall.game.TheWall] [19:13:30] TwLight Main Thread/INFO ] - X:275.0 Y:25.0 Z:600.0
[thewall.game.TheWall] [19:13:31] TwLight Main Thread/INFO ] - X:275.0 Y:25.0 Z:600.0
[thewall.game.TheWall] [19:13:32] TwLight Main Thread/INFO ] - X:275.0 Y:25.0 Z:600.0
[thewall.game.TheWall] [19:13:33] TwLight Main Thread/INFO ] - X:275.0 Y:25.0 Z:600.0
[thewall.game.TheWall] [19:13:34] TwLight Main Thread/INFO ] - X:275.0 Y:25.0 Z:600.0
[thewall.game.TheWall] [19:13:35] TwLight Main Thread/INFO ] - X:275.0 Y:25.0 Z:600.0
[thewall.game.TheWall] [19:13:36] TwLight Main Thread/INFO ] - X:275.0 Y:25.0 Z:600.0
[thewall.game.TheWall] [19:13:37] TwLight Main Thread/INFO ] - X:275.0 Y:25.0 Z:600.0
[thewall.game.TheWall] [19:13:38] TwLight Main Thread/INFO ] - X:275.0 Y:25.0 Z:600.0
[thewall.game.TheWall] [19:13:39] TwLight Main Thread/INFO ] - X:275.0 Y:25.0 Z:600.0
[thewall.game.TheWall] [19:13:40] TwLight Main Thread/INFO ] - X:275.0 Y:25.0 Z:600.0
[thewall.game.TheWall] [19:13:41] TwLight Main Thread/INFO ] - X:275.0 Y:25.0 Z:600.0
[thewall.game.TheWall] [19:13:42] TwLight Main Thread/INFO ] - X:275.0 Y:25.0 Z:600.0
[thewall.game.TheWall] [19:13:43] TwLight Main Thread/INFO ] - X:275.0 Y:25.0 Z:600.0
[thewall.game.TheWall] [19:13:44] TwLight Main Thread/INFO ] - X:275.0 Y:25.0 Z:600.0
[thewall.game.TheWall] [19:13:45] TwLight Main Thread/INFO ] - X:275.0 Y:25.0 Z:600.0
[thewall.game.TheWall] [19:13:46] TwLight Main Thread/INFO ] - X:275.0 Y:25.0 Z:600.0
[thewall.game.TheWall] [19:13:47] TwLight Main Thread/INFO ] - X:275.0 Y:25.0 Z:600.0
[thewall.game.TheWall] [19:13:48] TwLight Main Thread/INFO ] - X:275.0 Y:25.0 Z:600.0
[thewall.game.TheWall] [19:13:49] TwLight Main Thread/INFO ] - X:275.0 Y:25.0 Z:600.0
[thewall.game.TheWall] [19:13:50] TwLight Main Thread/INFO ] - X:275.0 Y:25.0 Z:600.0
[thewall.game.TheWall] [19:13:51] TwLight Main Thread/INFO ] - X:275.0 Y:25.0 Z:600.0
[thewall.game.TheWall] [19:13:52] TwLight Main Thread/INFO ] - X:275.0 Y:25.0 Z:600.0
[thewall.game.TheWall] [19:13:53] TwLight Main Thread/INFO ] - X:275.0 Y:25.0 Z:600.0
[thewall.game.TheWall] [19:13:54] TwLight Main Thread/INFO ] - X:275.0 Y:25.0 Z:600.0
[thewall.game.TheWall] [19:13:55] TwLight Main Thread/INFO ] - X:275.0 Y:25.0 Z:600.0
[thewall.game.TheWall] [19:13:56] TwLight Main Thread/INFO ] - X:275.0 Y:25.0 Z:600.0
[thewall.game.TheWall] [19:13:57] TwLight Main Thread/INFO ] - X:275.0 Y:25.0 Z:600.0
[thewall.game.TheWall] [19:13:58] TwLight Main Thread/INFO ] - X:275.0 Y:25.0 Z:600.0
[thewall.game.TheWall] [19:13:59] TwLight Main Thread/INFO ] - X:275.0 Y:25.0 Z:600.0
[thewall.game.TheWall] [19:14:00] TwLight Main Thread/INFO ] - X:275.0 Y:25.0 Z:600.0
[thewall.game.TheWall] [19:14:01] TwLight Main Thread/INFO ] - X:275.0 Y:25.0 Z:600.0
[thewall.game.TheWall] [19:14:02] TwLight Main Thread/INFO ] - X:275.0 Y:25.0 Z:600.0
[thewall.game.TheWall] [19:14:03] TwLight Main Thread/INFO ] - X:275.0 Y:25.0 Z:600.0
[thewall.game.TheWall] [19:14:04] TwLight Main Thread/INFO ] - X:275.0 Y:25.0 Z:600.0
[thewall.game.TheWall] [19:14:05] TwLight Main Thread/INFO ] - X:275.0 Y:25.0 Z:600.0
[thewall.game.TheWall] [19:14:06] TwLight Main Thread/INFO ] - X:275.0 Y:25.0 Z:600.0
[thewall.game.TheWall] [19:14:07] TwLight Main Thread/INFO ] - X:275.0 Y:25.0 Z:600.0
[thewall.game.TheWall] [19:14:08] TwLight Main Thread/INFO ] - X:275.0 Y:25.0 Z:600.0
[thewall.game.TheWall] [19:14:09] TwLight Main Thread/INFO ] - X:275.0 Y:25.0 Z:600.0
[thewall.game.TheWall] [19:14:10] TwLight Main Thread/INFO ] - X:275.0 Y:25.0 Z:600.0
[thewall.game.TheWall] [19:14:11] TwLight Main Thread/INFO ] - X:275.0 Y:25.0 Z:600.0
[thewall.game.TheWall] [19:14:12] TwLight Main Thread/INFO ] - X:275.0 Y:25.0 Z:600.0
[thewall.game.TheWall] [19:14:13] TwLight Main Thread/INFO ] - X:275.0 Y:25.0 Z:600.0
[thewall.game.TheWall] [19:14:14] TwLight Main Thread/INFO ] - X:275.0 Y:25.0 Z:600.0
[thewall.game.TheWall] [19:14:15] TwLight Main Thread/INFO ] - X:275.0 Y:25.0 Z:600.0
[thewall.game.TheWall] [19:14:16] TwLight Main Thread/INFO ] - X:275.0 Y:25.0 Z:600.0
[thewall.game.TheWall] [19:14:17] TwLight Main Thread/INFO ] - X:275.0 Y:25.0 Z:600.0
[thewall.game.TheWall] [19:14:18] TwLight Main Thread/INFO ] - X:275.0 Y:25.0 Z:600.0
[thewall.game.TheWall] [19:14:19] TwLight Main Thread/INFO ] - X:275.0 Y:25.0 Z:600.0
[thewall.game.TheWall] [19:14:20] TwLight Main Thread/INFO ] - X:275.0 Y:25.0 Z:600.0
[thewall.game.TheWall] [19:14:21] TwLight Main Thread/INFO ] - X:275.0 Y:25.0 Z:600.0
[thewall.game.TheWall] [19:14:22] TwLight Main Thread/INFO ] - X:275.0 Y:25.0 Z:600.0
[thewall.game.TheWall] [19:14:23] TwLight Main Thread/INFO ] - X:275.0 Y:25.0 Z:600.0
[thewall.game.TheWall] [19:14:24] TwLight Main Thread/INFO ] - X:275.0 Y:25.0 Z:600.0
[thewall.game.TheWall] [19:14:25] TwLight Main Thread/INFO ] - X:275.0 Y:25.0 Z:600.0
[thewall.game.TheWall] [19:14:26] TwLight Main Thread/INFO ] - X:275.0 Y:25.0 Z:600.0
[thewall.game.TheWall] [19:14:27] TwLight Main Thread/INFO ] - X:275.0 Y:25.0 Z:600.0
[thewall.game.TheWall] [19:14:28] TwLight Main Thread/INFO ] - X:275.0 Y:25.0 Z:600.0
[thewall.game.TheWall] [19:14:29] TwLight Main Thread/INFO ] - X:275.0 Y:25.0 Z:600.0
[thewall.game.TheWall] [19:14:30] TwLight Main Thread/INFO ] - X:275.0 Y:25.0 Z:600.0
[thewall.game.TheWall] [19:14:31] TwLight Main Thread/INFO ] - X:275.0 Y:25.0 Z:600.0
[thewall.game.TheWall] [19:14:32] TwLight Main Thread/INFO ] - X:275.0 Y:25.0 Z:600.0
[thewall.game.TheWall] [19:14:33] TwLight Main Thread/INFO ] - X:275.0 Y:25.0 Z:600.0
[thewall.game.TheWall] [19:14:34] TwLight Main Thread/INFO ] - X:275.0 Y:25.0 Z:600.0
[thewall.game.TheWall] [19:14:35] TwLight Main Thread/INFO ] - X:275.0 Y:25.0 Z:600.0
[thewall.game.TheWall] [19:14:36] TwLight Main Thread/INFO ] - X:275.0 Y:25.0 Z:600.0
[thewall.game.TheWall] [19:14:37] TwLight Main Thread/INFO ] - X:275.0 Y:25.0 Z:600.0
[thewall.game.TheWall] [19:14:38] TwLight Main Thread/INFO ] - X:275.0 Y:25.0 Z:600.0
[thewall.game.TheWall] [19:14:39] TwLight Main Thread/INFO ] - X:275.0 Y:25.0 Z:600.0
[thewall.game.TheWall] [19:14:40] TwLight Main Thread/INFO ] - X:275.0 Y:25.0 Z:600.0
[thewall.game.TheWall] [19:14:41] TwLight Main Thread/INFO ] - X:275.0 Y:25.0 Z:600.0
[thewall.game.TheWall] [19:14:42] TwLight Main Thread/INFO ] - X:275.0 Y:25.0 Z:600.0
[thewall.game.TheWall] [19:14:43] TwLight Main Thread/INFO ] - X:275.0 Y:25.0 Z:600.0
[thewall.game.TheWall] [19:14:44] TwLight Main Thread/INFO ] - X:275.0 Y:25.0 Z:600.0
[thewall.game.TheWall] [19:14:45] TwLight Main Thread/INFO ] - X:275.0 Y:25.0 Z:600.0
[thewall.game.TheWall] [19:14:46] TwLight Main Thread/INFO ] - X:275.0 Y:25.0 Z:600.0
[thewall.game.TheWall] [19:14:47] TwLight Main Thread/INFO ] - X:275.0 Y:25.0 Z:600.0
[thewall.game.TheWall] [19:14:48] TwLight Main Thread/INFO ] - X:275.0 Y:25.0 Z:600.0
[thewall.game.TheWall] [19:14:49] TwLight Main Thread/INFO ] - X:275.0 Y:25.0 Z:600.0
[thewall.game.TheWall] [19:14:50] TwLight Main Thread/INFO ] - X:275.0 Y:25.0 Z:600.0
[thewall.game.TheWall] [19:14:51] TwLight Main Thread/INFO ] - X:275.0 Y:25.0 Z:600.0
[thewall.game.TheWall] [19:14:52] TwLight Main Thread/INFO ] - X:275.0 Y:25.0 Z:600.0
[thewall.game.TheWall] [19:14:53] TwLight Main Thread/INFO ] - X:275.0 Y:25.0 Z:600.0
[thewall.game.TheWall] [19:14:54] TwLight Main Thread/INFO ] - X:275.0 Y:25.0 Z:600.0
[thewall.game.TheWall] [19:14:55] TwLight Main Thread/INFO ] - X:275.0 Y:25.0 Z:600.0
[thewall.game.TheWall] [19:14:56] TwLight Main Thread/INFO ] - X:275.0 Y:25.0 Z:600.0
[thewall.game.TheWall] [19:14:57] TwLight Main Thread/INFO ] - X:275.0 Y:25.0 Z:600.0
[thewall.game.TheWall] [19:14:58] TwLight Main Thread/INFO ] - X:275.0 Y:25.0 Z:600.0
[thewall.game.TheWall] [19:14:59] TwLight Main Thread/INFO ] - X:275.0 Y:25.0 Z:600.0
[thewall.game.TheWall] [19:15:00] TwLight Main Thread/INFO ] - X:275.0 Y:25.0 Z:600.0
[thewall.game.TheWall] [19:15:01] TwLight Main Thread/INFO ] - X:275.0 Y:25.0 Z:600.0
[thewall.game.TheWall] [19:15:02] TwLight Main Thread/INFO ] - X:275.0 Y:25.0 Z:600.0
[thewall.game.TheWall] [19:15:03] TwLight Main Thread/INFO ] - X:275.0 Y:25.0 Z:600.0
[thewall.game.TheWall] [19:15:04] TwLight Main Thread/INFO ] - X:275.0 Y:25.0 Z:600.0
[thewall.game.TheWall] [19:15:05] TwLight Main Thread/INFO ] - X:275.0 Y:25.0 Z:600.0
[thewall.game.TheWall] [19:15:06] TwLight Main Thread/INFO ] - X:275.0 Y:25.0 Z:600.0
[thewall.game.TheWall] [19:15:07] TwLight Main Thread/INFO ] - X:275.0 Y:25.0 Z:600.0
[thewall.game.TheWall] [19:15:08] TwLight Main Thread/INFO ] - X:275.0 Y:25.0 Z:600.0
[thewall.game.TheWall] [19:15:09] TwLight Main Thread/INFO ] - X:275.0 Y:25.0 Z:600.0
[thewall.game.TheWall] [19:15:10] TwLight Main Thread/INFO ] - X:275.0 Y:25.0 Z:600.0
[thewall.game.TheWall] [19:15:11] TwLight Main Thread/INFO ] - X:275.0 Y:25.0 Z:600.0
[thewall.game.TheWall] [19:15:12] TwLight Main Thread/INFO ] - X:275.0 Y:25.0 Z:600.0
[thewall.game.TheWall] [19:15:13] TwLight Main Thread/INFO ] - X:275.0 Y:25.0 Z:600.0
[thewall.game.TheWall] [19:15:14] TwLight Main Thread/INFO ] - X:275.0 Y:25.0 Z:600.0
[thewall.game.TheWall] [19:15:15] TwLight Main Thread/INFO ] - X:275.0 Y:25.0 Z:600.0
[thewall.game.TheWall] [19:15:16] TwLight Main Thread/INFO ] - X:275.0 Y:25.0 Z:600.0
[thewall.game.TheWall] [19:15:17] TwLight Main Thread/INFO ] - X:275.0 Y:25.0 Z:600.0
[thewall.game.TheWall] [19:15:18] TwLight Main Thread/INFO ] - X:275.0 Y:25.0 Z:600.0
[thewall.game.TheWall] [19:15:19] TwLight Main Thread/INFO ] - X:275.0 Y:25.0 Z:600.0
[thewall.game.TheWall] [19:15:20] TwLight Main Thread/INFO ] - X:275.0 Y:25.0 Z:600.0
[thewall.game.TheWall] [19:15:21] TwLight Main Thread/INFO ] - X:275.0 Y:25.0 Z:600.0
[thewall.game.TheWall] [19:15:22] TwLight Main Thread/INFO ] - X:275.0 Y:25.0 Z:600.0
[thewall.game.TheWall] [19:15:23] TwLight Main Thread/INFO ] - X:275.0 Y:25.0 Z:600.0
[thewall.game.TheWall] [19:15:24] TwLight Main Thread/INFO ] - X:275.0 Y:25.0 Z:600.0
[thewall.game.TheWall] [19:15:25] TwLight Main Thread/INFO ] - X:275.0 Y:25.0 Z:600.0
[thewall.game.TheWall] [19:15:26] TwLight Main Thread/INFO ] - X:275.0 Y:25.0 Z:600.0
[thewall.game.TheWall] [19:15:27] TwLight Main Thread/INFO ] - X:275.0 Y:25.0 Z:600.0
[thewall.game.TheWall] [19:15:28] TwLight Main Thread/INFO ] - X:275.0 Y:25.0 Z:600.0
[thewall.game.TheWall] [19:15:29] TwLight Main Thread/INFO ] - X:275.0 Y:25.0 Z:600.0
[thewall.game.TheWall] [19:15:30] TwLight Main Thread/INFO ] - X:275.0 Y:25.0 Z:600.0
[thewall.game.TheWall] [19:15:31] TwLight Main Thread/INFO ] - X:275.0 Y:25.0 Z:600.0
[thewall.game.TheWall] [19:15:32] TwLight Main Thread/INFO ] - X:275.0 Y:25.0 Z:600.0
[thewall.game.TheWall] [19:15:33] TwLight Main Thread/INFO ] - X:275.0 Y:25.0 Z:600.0
[thewall.game.TheWall] [19:15:34] TwLight Main Thread/INFO ] - X:275.0 Y:25.0 Z:600.0
[thewall.game.TheWall] [19:15:35] TwLight Main Thread/INFO ] - X:275.0 Y:25.0 Z:600.0
[thewall.game.TheWall] [19:15:36] TwLight Main Thread/INFO ] - X:275.0 Y:25.0 Z:600.0
[thewall.game.TheWall] [19:15:37] TwLight Main Thread/INFO ] - X:275.0 Y:25.0 Z:600.0
[thewall.game.TheWall] [19:15:38] TwLight Main Thread/INFO ] - X:275.0 Y:25.0 Z:600.0
[thewall.game.TheWall] [19:15:39] TwLight Main Thread/INFO ] - X:275.0 Y:25.0 Z:600.0
[thewall.game.TheWall] [19:15:40] TwLight Main Thread/INFO ] - X:275.0 Y:25.0 Z:600.0
[thewall.game.TheWall] [19:15:41] TwLight Main Thread/INFO ] - X:275.0 Y:25.0 Z:600.0
[thewall.game.TheWall] [19:15:42] TwLight Main Thread/INFO ] - X:275.0 Y:25.0 Z:600.0
[thewall.game.TheWall] [19:15:43] TwLight Main Thread/INFO ] - X:275.0 Y:25.0 Z:600.0
[thewall.game.TheWall] [19:15:44] TwLight Main Thread/INFO ] - X:275.0 Y:25.0 Z:600.0
[thewall.game.TheWall] [19:15:45] TwLight Main Thread/INFO ] - X:275.0 Y:25.0 Z:600.0
[thewall.game.TheWall] [19:15:46] TwLight Main Thread/INFO ] - X:275.0 Y:25.0 Z:600.0
[thewall.game.TheWall] [19:15:47] TwLight Main Thread/INFO ] - X:275.0 Y:25.0 Z:600.0
[thewall.game.TheWall] [19:15:48] TwLight Main Thread/INFO ] - X:275.0 Y:25.0 Z:600.0
[thewall.game.TheWall] [19:15:49] TwLight Main Thread/INFO ] - X:275.0 Y:25.0 Z:600.0
[thewall.game.TheWall] [19:15:50] TwLight Main Thread/INFO ] - X:275.0 Y:25.0 Z:600.0
[thewall.game.TheWall] [19:15:51] TwLight Main Thread/INFO ] - X:275.0 Y:25.0 Z:600.0
[thewall.game.TheWall] [19:15:52] TwLight Main Thread/INFO ] - X:275.0 Y:25.0 Z:600.0
[thewall.game.TheWall] [19:15:53] TwLight Main Thread/INFO ] - X:275.0 Y:25.0 Z:600.0
[thewall.game.TheWall] [19:15:54] TwLight Main Thread/INFO ] - X:275.0 Y:25.0 Z:600.0
[thewall.game.TheWall] [19:15:55] TwLight Main Thread/INFO ] - X:275.0 Y:25.0 Z:600.0
[thewall.game.TheWall] [19:15:56] TwLight Main Thread/INFO ] - X:275.0 Y:25.0 Z:600.0
[thewall.game.TheWall] [19:15:57] TwLight Main Thread/INFO ] - X:275.0 Y:25.0 Z:600.0
[thewall.game.TheWall] [19:15:58] TwLight Main Thread/INFO ] - X:275.0 Y:25.0 Z:600.0
[thewall.game.TheWall] [19:15:59] TwLight Main Thread/INFO ] - X:275.0 Y:25.0 Z:600.0
[thewall.game.TheWall] [19:16:00] TwLight Main Thread/INFO ] - X:275.0 Y:25.0 Z:600.0
[thewall.game.TheWall] [19:16:01] TwLight Main Thread/INFO ] - X:275.0 Y:25.0 Z:600.0
[thewall.game.TheWall] [19:16:02] TwLight Main Thread/INFO ] - X:275.0 Y:25.0 Z:600.0
[thewall.game.TheWall] [19:16:03] TwLight Main Thread/INFO ] - X:275.0 Y:25.0 Z:600.0
[thewall.game.TheWall] [19:16:04] TwLight Main Thread/INFO ] - X:275.0 Y:25.0 Z:600.0
[thewall.game.TheWall] [19:16:05] TwLight Main Thread/INFO ] - X:275.0 Y:25.0 Z:600.0
[thewall.game.TheWall] [19:16:06] TwLight Main Thread/INFO ] - X:275.0 Y:25.0 Z:600.0
[thewall.game.TheWall] [19:16:07] TwLight Main Thread/INFO ] - X:275.0 Y:25.0 Z:600.0
[thewall.game.TheWall] [19:16:08] TwLight Main Thread/INFO ] - X:275.0 Y:25.0 Z:600.0
[thewall.game.TheWall] [19:16:09] TwLight Main Thread/INFO ] - X:275.0 Y:25.0 Z:600.0
[thewall.game.TheWall] [19:16:10] TwLight Main Thread/INFO ] - X:275.0 Y:25.0 Z:600.0
[thewall.game.TheWall] [19:16:11] TwLight Main Thread/INFO ] - X:275.0 Y:25.0 Z:600.0
[thewall.game.TheWall] [19:16:12] TwLight Main Thread/INFO ] - X:275.0 Y:25.0 Z:600.0
[thewall.game.TheWall] [19:16:13] TwLight Main Thread/INFO ] - X:275.0 Y:25.0 Z:600.0
[thewall.game.TheWall] [19:16:14] TwLight Main Thread/INFO ] - X:275.0 Y:25.0 Z:600.0
[thewall.game.TheWall] [19:16:15] TwLight Main Thread/INFO ] - X:275.0 Y:25.0 Z:600.0
[thewall.game.TheWall] [19:16:16] TwLight Main Thread/INFO ] - X:275.0 Y:25.0 Z:600.0
[thewall.game.TheWall] [19:16:17] TwLight Main Thread/INFO ] - X:275.0 Y:25.0 Z:600.0
[thewall.game.TheWall] [19:16:18] TwLight Main Thread/INFO ] - X:275.0 Y:25.0 Z:600.0
[thewall.game.TheWall] [19:16:19] TwLight Main Thread/INFO ] - X:275.0 Y:25.0 Z:600.0
[thewall.game.TheWall] [19:16:20] TwLight Main Thread/INFO ] - X:275.0 Y:25.0 Z:600.0
[thewall.game.TheWall] [19:16:21] TwLight Main Thread/INFO ] - X:275.0 Y:25.0 Z:600.0
[thewall.game.TheWall] [19:16:22] TwLight Main Thread/INFO ] - X:275.0 Y:25.0 Z:600.0
[thewall.game.TheWall] [19:16:23] TwLight Main Thread/INFO ] - X:275.0 Y:25.0 Z:600.0
[thewall.game.TheWall] [19:16:24] TwLight Main Thread/INFO ] - X:275.0 Y:25.0 Z:600.0
[thewall.game.TheWall] [19:16:25] TwLight Main Thread/INFO ] - X:275.0 Y:25.0 Z:600.0
[thewall.game.TheWall] [19:16:26] TwLight Main Thread/INFO ] - X:275.0 Y:25.0 Z:600.0
[thewall.game.TheWall] [19:16:27] TwLight Main Thread/INFO ] - X:275.0 Y:25.0 Z:600.0
[thewall.game.TheWall] [19:16:28] TwLight Main Thread/INFO ] - X:275.0 Y:25.0 Z:600.0
[thewall.game.TheWall] [19:16:30] TwLight Main Thread/INFO ] - X:275.0 Y:25.0 Z:600.0
[thewall.game.TheWall] [19:16:31] TwLight Main Thread/INFO ] - X:275.0 Y:25.0 Z:600.0
[thewall.game.TheWall] [19:16:32] TwLight Main Thread/INFO ] - X:275.0 Y:25.0 Z:600.0
[thewall.game.TheWall] [19:16:33] TwLight Main Thread/INFO ] - X:275.0 Y:25.0 Z:600.0
[thewall.game.TheWall] [19:16:34] TwLight Main Thread/INFO ] - X:275.0 Y:25.0 Z:600.0
[thewall.game.TheWall] [19:16:35] TwLight Main Thread/INFO ] - X:275.0 Y:25.0 Z:600.0
[thewall.game.TheWall] [19:16:36] TwLight Main Thread/INFO ] - X:275.0 Y:25.0 Z:600.0
[thewall.game.TheWall] [19:16:37] TwLight Main Thread/INFO ] - X:275.0 Y:25.0 Z:600.0
[thewall.game.TheWall] [19:16:38] TwLight Main Thread/INFO ] - X:275.0 Y:25.0 Z:600.0
[thewall.game.TheWall] [19:16:39] TwLight Main Thread/INFO ] - X:275.0 Y:25.0 Z:600.0
[thewall.game.TheWall] [19:16:40] TwLight Main Thread/INFO ] - X:275.0 Y:25.0 Z:600.0
[thewall.game.TheWall] [19:16:41] TwLight Main Thread/INFO ] - X:275.0 Y:25.0 Z:600.0
[thewall.game.TheWall] [19:16:42] TwLight Main Thread/INFO ] - X:275.0 Y:25.0 Z:600.0
[thewall.game.TheWall] [19:16:43] TwLight Main Thread/INFO ] - X:275.0 Y:25.0 Z:600.0
[thewall.game.TheWall] [19:16:44] TwLight Main Thread/INFO ] - X:275.0 Y:25.0 Z:600.0
[thewall.game.TheWall] [19:16:45] TwLight Main Thread/INFO ] - X:275.0 Y:25.0 Z:600.0
[thewall.game.TheWall] [19:16:46] TwLight Main Thread/INFO ] - X:275.0 Y:25.0 Z:600.0
[thewall.game.TheWall] [19:16:47] TwLight Main Thread/INFO ] - X:275.0 Y:25.0 Z:600.0
[thewall.game.TheWall] [19:16:48] TwLight Main Thread/INFO ] - X:275.0 Y:25.0 Z:600.0
[thewall.game.TheWall] [19:16:49] TwLight Main Thread/INFO ] - X:275.0 Y:25.0 Z:600.0
[thewall.game.TheWall] [19:16:50] TwLight Main Thread/INFO ] - X:275.0 Y:25.0 Z:600.0
[thewall.game.TheWall] [19:16:51] TwLight Main Thread/INFO ] - X:275.0 Y:25.0 Z:600.0
[thewall.game.TheWall] [19:16:52] TwLight Main Thread/INFO ] - X:275.0 Y:25.0 Z:600.0
[thewall.game.TheWall] [19:16:53] TwLight Main Thread/INFO ] - X:275.0 Y:25.0 Z:600.0
[thewall.game.TheWall] [19:16:54] TwLight Main Thread/INFO ] - X:275.0 Y:25.0 Z:600.0
[thewall.game.TheWall] [19:16:55] TwLight Main Thread/INFO ] - X:275.0 Y:25.0 Z:600.0
[thewall.game.TheWall] [19:16:56] TwLight Main Thread/INFO ] - X:275.0 Y