[thewall.engine.twilight.TwilightApp] [19:20:25] main/INFO ] - Initializing Twilight 1.1.0.3
[thewall.engine.twilight.runtime.AbstractRuntime] [19:20:25] TwLight Main Thread/INFO ] - Starting runtime for [Twilight Game App Runtime]
[thewall.engine.twilight.shaders.ShaderProgram] [19:20:25] TwLight Main Thread/ERROR] - Uniform from [thewall.engine.twilight.shaders.StaticShader] [random] not found
[thewall.engine.twilight.runtime.app.TEngineAppRuntime] [19:20:26] TwLight Main Thread/INFO ] - CPU:       Intel(R) Core(TM) i7-7700HQ CPU @ 2.80GHz
[thewall.engine.twilight.runtime.app.TEngineAppRuntime] [19:20:26] TwLight Main Thread/INFO ] - OpenGL:    4.6 (Compatibility Profile) Mesa 20.3.5
[thewall.engine.twilight.runtime.app.TEngineAppRuntime] [19:20:26] TwLight Main Thread/INFO ] - GPU:       Mesa Intel(R) HD Graphics 630 (KBL GT2)
[thewall.engine.twilight.runtime.app.TEngineAppRuntime] [19:20:26] TwLight Main Thread/INFO ] - Vendor:    Intel
[thewall.engine.twilight.runtime.app.TEngineAppRuntime] [19:20:26] TwLight Main Thread/INFO ] - Memory :   15891MB
[thewall.engine.twilight.runtime.app.TEngineAppRuntime] [19:20:26] TwLight Main Thread/INFO ] - Baseboard: ASUSTeK COMPUTER INC. UX550VE
[thewall.engine.twilight.runtime.app.TEngineAppRuntime] [19:20:26] TwLight Main Thread/INFO ] - Sound 1:   HDA-Intel - HDA Intel PCH Intel Kabylake HDMI Advanced Linux Sound Architecture Driver Version k5.14.0-2parrot1-amd64.
[thewall.engine.twilight.runtime.app.TEngineAppRuntime] [19:20:26] TwLight Main Thread/INFO ] - Sound 2:   USB-Audio - PRO X  Advanced Linux Sound Architecture Driver Version k5.14.0-2parrot1-amd64.
[thewall.engine.twilight.debugger.console.ConsoleOutProxy.OutStream] [19:20:26] TwLight Main Thread/INFO ] - 
[thewall.engine.twilight.runtime.app.TEngineAppRuntime] [19:20:26] TwLight Main Thread/INFO ] - Initialization complete, runtime is ready
[thewall.game.Game] [19:20:26] main/INFO ] - Game started in 0.852s.
[thewall.engine.twilight.render.MasterRenderer] [19:20:26] TwLight Main Thread/WARN ] - Entity [thewall.engine.twilight.entity.RawEntity] is deprecated, try to use another or implement your own.
[thewall.game.TheWall] [19:20:26] TwLight Main Thread/INFO ] - X:275.0 Y:25.0 Z:600.0
[thewall.game.TheWall] [19:20:27] TwLight Main Thread/INFO ] - X:275.0 Y:60.39998 Z:600.0
[thewall.game.TheWall] [19:20:28] TwLight Main Thread/INFO ] - X:278.16058 Y:60.39998 Z:547.1532
[thewall.game.TheWall] [19:20:29] TwLight Main Thread/INFO ] - X:184.87439 Y:99.600235 Z:405.8777
[thewall.game.TheWall] [19:20:30] TwLight Main Thread/INFO ] - X:149.87231 Y:99.600235 Z:-128.95192
[thewall.game.TheWall] [19:20:31] TwLight Main Thread/INFO ] - X:239.32745 Y:99.600235 Z:-260.68256
[thewall.game.TheWall] [19:20:32] TwLight Main Thread/INFO ] - X:323.68115 Y:99.600235 Z:-77.852066
[thewall.game.TheWall] [19:20:33] TwLight Main Thread/INFO ] - X:324.11652 Y:99.600235 Z:-65.05948
[thewall.game.TheWall] [19:20:34] TwLight Main Thread/INFO ] - X:324.11652 Y:99.600235 Z:-65.05948
[thewall.game.TheWall] [19:20:35] TwLight Main Thread/INFO ] - X:324.11652 Y:99.600235 Z:-65.05948
[thewall.game.TheWall] [19:20:36] TwLight Main Thread/INFO ] - X:413.07776 Y:99.600235 Z:-20.313858
[thewall.game.TheWall] [19:20:37] TwLight Main Thread/INFO ] - X:529.8895 Y:99.600235 Z:9.012065
[thewall.game.TheWall] [19:20:38] TwLight Main Thread/INFO ] - X:504.68152 Y:11.200314 Z:52.41016
[thewall.game.TheWall] [19:20:39] TwLight Main Thread/INFO ] - X:452.65668 Y:5.873125 Z:180.04083
[thewall.game.TheWall] [19:20:40] TwLight Main Thread/INFO ] - X:426.08466 Y:5.873125 Z:272.54865
[thewall.game.TheWall] [19:20:41] TwLight Main Thread/INFO ] - X:368.3731 Y:91.473274 Z:373.90668
[thewall.game.TheWall] [19:20:42] TwLight Main Thread/INFO ] - X:305.80884 Y:159.8732 Z:441.0805
[thewall.game.TheWall] [19:20:43] TwLight Main Thread/INFO ] - X:404.0382 Y:159.8732 Z:273.0263
[thewall.game.TheWall] [19:20:44] TwLight Main Thread/INFO ] - X:365.9496 Y:159.8732 Z:134.00069
[thewall.game.TheWall] [19:20:45] TwLight Main Thread/INFO ] - X:187.34955 Y:159.8732 Z:298.1312
[thewall.engine.twilight.input.keyboard.KeyboardKeys] [19:20:46] TwLight Main Thread/WARN ] - Unknown key id: 342
[thewall.game.TheWall] [19:20:46] TwLight Main Thread/INFO ] - X:117.41986 Y:159.8732 Z:398.8323
[thewall.game.TheWall] [19:20:47] TwLight Main Thread/INFO ] - X:117.41986 Y:159.8732 Z:398.8323
[thewall.game.TheWall] [19:20:48] TwLight Main Thread/INFO ] - X:117.41986 Y:159.8732 Z:398.8323
[thewall.game.TheWall] [19:20:49] TwLight Main Thread/INFO ] - X:117.41986 Y:159.8732 Z:398.8323
[thewall.game.TheWall] [19:20:50] TwLight Main Thread/INFO ] - X:117.41986 Y:159.8732 Z:398.8323
[thewall.game.TheWall] [19:20:51] TwLight Main Thread/INFO ] - X:145.28242 Y:159.8732 Z:443.68198
[thewall.game.TheWall] [19:20:52] TwLight Main Thread/INFO ] - X:263.35196 Y:159.8732 Z:433.41946
[thewall.game.TheWall] [19:20:53] TwLight Main Thread/INFO ] - X:143.35864 Y:243.07327 Z:224.38571
[thewall.game.TheWall] [19:20:54] TwLight Main Thread/INFO ] - X:-59.754387 Y:243.07327 Z:181.3317
[thewall.game.TheWall] [19:20:55] TwLight Main Thread/INFO ] - X:-141.03053 Y:243.07327 Z:355.62048
[thewall.game.TheWall] [19:20:56] TwLight Main Thread/INFO ] - X:-109.4422 Y:243.07327 Z:490.18506
[thewall.game.TheWall] [19:20:57] TwLight Main Thread/INFO ] - X:-83.23598 Y:243.07327 Z:615.16675
[thewall.game.TheWall] [19:20:58] TwLight Main Thread/INFO ] - X:-83.23598 Y:243.07327 Z:615.16675
[thewall.game.TheWall] [19:20:59] TwLight Main Thread/INFO ] - X:-83.23598 Y:243.07327 Z:615.16675
[thewall.game.TheWall] [19:21:00] TwLight Main Thread/INFO ] - X:-83.23598 Y:243.07327 Z:615.16675
[thewall.game.TheWall] [19:21:01] TwLight Main Thread/INFO ] - X:-83.23598 Y:243.07327 Z:615.16675
[thewall.game.TheWall] [19:21:02] TwLight Main Thread/INFO ] - X:-83.23598 Y:243.07327 Z:615.16675
[thewall.game.TheWall] [19:21:03] TwLight Main Thread/INFO ] - X:-83.23598 Y:243.07327 Z:615.16675
[thewall.game.TheWall] [19:21:04] TwLight Main Thread/INFO ] - X:-83.23598 Y:243.07327 Z:615.16675
[thewall.game.TheWall] [19:21:05] TwLight Main Thread/INFO ] - X:-83.23598 Y:243.07327 Z:615.16675
[thewall.game.TheWall] [19:21:06] TwLight Main Thread/INFO ] - X:-83.23598 Y:243.07327 Z:615.16675
[thewall.game.TheWall] [19:21:07] TwLight Main Thread/INFO ] - X:-83.23598 Y:243.07327 Z:615.16675
[thewall.game.TheWall] [19:21:08] TwLight Main Thread/INFO ] - X:-83.23598 Y:243.07327 Z:615.16675
[thewall.game.TheWall] [19:21:09] TwLight Main Thread/INFO ] - X:-83.23598 Y:243.07327 Z:615.16675
[thewall.game.TheWall] [19:21:10] TwLight Main Thread/INFO ] - X:-83.23598 Y:243.07327 Z:615.16675
[thewall.game.TheWall] [19:21:11] TwLight Main Thread/INFO ] - X:-83.23598 Y:243.07327 Z:615.16675
[thewall.game.TheWall] [19:21:12] TwLight Main Thread/INFO ] - X:-83.23598 Y:243.07327 Z:615.16675
[thewall.game.TheWall] [19:21:13] TwLight Main Thread/INFO ] - X:-83.23598 Y:243.07327 Z:615.16675
[thewall.game.TheWall] [19:21:14] TwLight Main Thread/INFO ] - X:-83.23598 Y:243.07327 Z:615.16675
[thewall.game.TheWall] [19:21:15] TwLight Main Thread/INFO ] - X:-83.23598 Y:243.07327 Z:615.16675
[thewall.game.TheWall] [19:21:16] TwLight Main Thread/INFO ] - X:-83.23598 Y:243.07327 Z:615.16675
[thewall.game.TheWall] [19:21:17] TwLight Main Thread/INFO ] - X:-83.23598 Y:243.07327 Z:615.16675
[thewall.game.TheWall] [19:21:18] TwLight Main Thread/INFO ] - X:-83.23598 Y:243.07327 Z:615.16675
[thewall.game.TheWall] [19:21:19] TwLight Main Thread/INFO ] - X:-83.23598 Y:243.07327 Z:615.16675
[thewall.game.TheWall] [19:21:20] TwLight Main Thread/INFO ] - X:-83.23598 Y:243.07327 Z:615.16675
[thewall.game.TheWall] [19:21:21] TwLight Main Thread/INFO ] - X:-83.23598 Y:243.07327 Z:615.16675
[thewall.game.TheWall] [19:21:22] TwLight Main Thread/INFO ] - X:-37.036076 Y:243.07327 Z:615.28723
[thewall.game.TheWall] [19:21:23] TwLight Main Thread/INFO ] - X:159.89832 Y:243.07327 Z:652.91113
[thewall.game.TheWall] [19:21:24] TwLight Main Thread/INFO ] - X:284.64575 Y:243.07327 Z:534.3517
[thewall.game.TheWall] [19:21:25] TwLight Main Thread/INFO ] - X:245.78496 Y:243.07327 Z:341.05154
[thewall.game.TheWall] [19:21:26] TwLight