[thewall.engine.twilight.TwilightApp] [20:46:54] main/INFO ] - Initializing Twilight 1.1.0.3
[thewall.engine.twilight.runtime.AbstractRuntime] [20:46:54] TwLight Main Thread/INFO ] - Starting runtime for [Twilight Game App Runtime]
[thewall.engine.twilight.shaders.ShaderProgram] [20:46:55] TwLight Main Thread/ERROR] - Uniform from [thewall.engine.twilight.shaders.StaticShader] [random] not found
[thewall.engine.twilight.debugger.console.ConsoleOutProxy.OutStream] [20:46:55] TwLight Main Thread/INFO ] - 
[thewall.engine.twilight.runtime.app.TEngineAppRuntime] [20:46:55] TwLight Main Thread/INFO ] - CPU:       Intel(R) Core(TM) i7-7700HQ CPU @ 2.80GHz
[thewall.engine.twilight.runtime.app.TEngineAppRuntime] [20:46:55] TwLight Main Thread/INFO ] - OpenGL:    4.6 (Compatibility Profile) Mesa 20.3.5
[thewall.engine.twilight.runtime.app.TEngineAppRuntime] [20:46:55] TwLight Main Thread/INFO ] - GPU:       Mesa Intel(R) HD Graphics 630 (KBL GT2)
[thewall.engine.twilight.runtime.app.TEngineAppRuntime] [20:46:55] TwLight Main Thread/INFO ] - Vendor:    Intel
[thewall.engine.twilight.runtime.app.TEngineAppRuntime] [20:46:55] TwLight Main Thread/INFO ] - Memory :   15891MB
[thewall.engine.twilight.runtime.app.TEngineAppRuntime] [20:46:55] TwLight Main Thread/INFO ] - Baseboard: ASUSTeK COMPUTER INC. UX550VE
[thewall.engine.twilight.runtime.app.TEngineAppRuntime] [20:46:55] TwLight Main Thread/INFO ] - Sound 1:   HDA-Intel - HDA Intel PCH Intel Kabylake HDMI Advanced Linux Sound Architecture Driver Version k5.14.0-2parrot1-amd64.
[thewall.engine.twilight.runtime.app.TEngineAppRuntime] [20:46:55] TwLight Main Thread/INFO ] - Sound 2:   USB-Audio - PRO X  Advanced Linux Sound Architecture Driver Version k5.14.0-2parrot1-amd64.
[thewall.engine.twilight.runtime.app.TEngineAppRuntime] [20:46:55] TwLight Main Thread/INFO ] - Initialization complete, runtime is ready
[thewall.game.Game] [20:46:55] main/INFO ] - Game started in 1.019s.
[thewall.engine.twilight.render.MasterRenderer] [20:46:55] TwLight Main Thread/WARN ] - Entity [thewall.engine.twilight.entity.RawEntity] is deprecated, try to use another or implement your own.
[thewall.game.TheWall] [20:46:55] TwLight Main Thread/WARN ] - FPS drop detected, current framerate: 2
[thewall.game.TheWall] [20:46:55] TwLight Main Thread/INFO ] - X:275.0 Y:25.0 Z:600.0
[thewall.game.TheWall] [20:46:56] TwLight Main Thread/INFO ] - X:275.0 Y:79.60008 Z:600.0
[thewall.game.TheWall] [20:46:57] TwLight Main Thread/INFO ] - X:244.98871 Y:79.60008 Z:542.89954
[thewall.game.TheWall] [20:46:58] TwLight Main Thread/INFO ] - X:208.34286 Y:79.60008 Z:433.57928
[thewall.game.TheWall] [20:46:59] TwLight Main Thread/INFO ] - X:127.97349 Y:79.60008 Z:229.69775
[thewall.game.TheWall] [20:47:00] TwLight Main Thread/INFO ] - X:119.585236 Y:79.60008 Z:161.23642
[thewall.game.TheWall] [20:47:01] TwLight Main Thread/INFO ] - X:119.585236 Y:79.60008 Z:161.23642
[thewall.game.TheWall] [20:47:02] TwLight Main Thread/INFO ] - X:43.07385 Y:79.60008 Z:49.96496
[thewall.game.TheWall] [20:47:03] TwLight Main Thread/INFO ] - X:186.52727 Y:79.60008 Z:249.93266
[thewall.game.TheWall] [20:47:04] TwLight Main Thread/INFO ] - X:321.702 Y:79.60008 Z:356.25534
[thewall.game.TheWall] [20:47:05] TwLight Main Thread/INFO ] - X:350.51675 Y:79.60008 Z:386.98062
[thewall.game.TheWall] [20:47:06] TwLight Main Thread/INFO ] - X:382.58176 Y:79.60008 Z:422.96872
[thewall.game.TheWall] [20:47:07] TwLight Main Thread/INFO ] - X:519.18195 Y:79.60008 Z:563.5072
[thewall.game.TheWall] [20:47:08] TwLight Main Thread/INFO ] - X:659.8853 Y:79.60008 Z:706.46826
[thewall.game.TheWall] [20:47:09] TwLight Main Thread/INFO ] - X:653.34235 Y:147.60036 Z:702.1542
[thewall.game.TheWall] [20:47:10] TwLight Main Thread/INFO ] - X:528.0849 Y:147.60036 Z:508.10083
[thewall.game.TheWall] [20:47:11] TwLight Main Thread/INFO ] - X:437.53583 Y:125.60042 Z:389.7348
[thewall.game.TheWall] [20:47:12] TwLight Main Thread/INFO ] - X:351.09668 Y:68.200195 Z:123.37804
[thewall.game.TheWall] [20:47:13] TwLight Main Thread/INFO ] - X:167.43466 Y:68.200195 Z:234.12445
[thewall.game.TheWall] [20:47:14] TwLight Main Thread/INFO ] - X:286.4497 Y:68.200195 Z:397.8047
[thewall.game.TheWall] [20:47:15] TwLight Main Thread/INFO ] - X:489.86792 Y:38.200127 Z:408.62653
[thewall.game.TheWall] [20:47:16] TwLight Main Thread/INFO ] - X:493.02203 Y:38.200127 Z:408.08655
[thewall.game.TheWall] [20:47:17] TwLight Main Thread/INFO ] - X:416.27826 Y:38.200127 Z:251.96738
[thewall.game.TheWall] [20:47:18] TwLight Main Thread/INFO ] - X:288.49945 Y:42.200127 Z:119.548294
[thewall.game.TheWall] [20:47:19] TwLight Main Thread/INFO ] - X:11.438546 Y:404.60052 Z:197.07932
[thewall.game.TheWall] [20:47:20] TwLight Main Thread/INFO ] - X:-288.53683 Y:428.60046 Z:296.41714
[thewall.game.TheWall] [20:47:21] TwLight Main Thread/INFO ] - X:-419.60208 Y:428.60046 Z:404.20578
[thewall.game.TheWall] [20:47:22] TwLight Main Thread/INFO ] - X:-261.0773 Y:428.60046 Z:356.66452
[thewall.game.TheWall] [20:47:23] TwLight Main Thread/INFO ] - X:15.302437 Y:428.60046 Z:300.24203
[thewall.game.TheWall] [20:47:25] TwLight Main Thread/INFO ] - X:266.75616 Y:428.60046 Z:271.0444
[thewall.game.TheWall] [20:47:26] TwLight Main Thread/INFO ] - X:292.2524 Y:409.40088 Z:62.93299
[thewall.game.TheWall] [20:47:27] TwLight Main Thread/INFO ] - X:224.82051 Y:305.8028 Z:-51.97921
[thewall.game.TheWall] [20:47:28] TwLight Main Thread/INFO ] - X:175.9337 Y:116.40362 Z:-211.23997
[thewall.game.TheWall] [20:47:29] TwLight Main Thread/INFO ] - X:210.18193 Y:90.40354 Z:-221.12224
[thewall.game.TheWall] [20:47:30] TwLight Main Thread/INFO ] - X:218.14415 Y:154.40364 Z:-26.450548
[thewall.game.TheWall] [20:47:31] TwLight Main Thread/INFO ] - X:235.29681 Y:174.00368 Z:165.8504
[thewall.game.TheWall] [20:47:32] TwLight Main Thread/INFO ] - X:382.2808 Y:174.00368 Z:346.55905
[thewall.game.TheWall] [20:47:33] TwLight Main Thread/INFO ] - X:559.08777 Y:174.00368 Z:286.99863
[thewall.game.TheWall] [20:47:34] TwLight Main Thread/INFO ] - X:697.92993 Y:174.00368 Z:163.63216
[thewall.game.TheWall] [20:47:35] TwLight Main Thread/INFO ] - X:539.17725 Y:174.00368 Z:143.04515
[thewall.game.TheWall] [20:47:36] TwLight Main Thread/INFO ] - X:597.92017 Y:174.00368 Z:349.89877
[thewall.game.TheWall] [20:47:37] TwLight Main Thread/INFO ] - X:481.9392 Y:174.00368 Z:524.78375
[thewall.game.TheWall] [20:47:38] TwLight Main Thread/INFO ] - X:282.51697 Y:174.00368 Z:504.02155
[thewall.game.TheWall] [20:47:39] TwLight Main Thread/INFO ] - X:360.99298 Y:174.00368 Z:561.19867
[thewall.game.TheWall] [20:47:40] TwLight Main Thread/INFO ] - X:513.23114 Y:174.00368 Z:495.30933
[thewall.game.TheWall] [20:47:41] TwLight Main Thread/INFO ] - X:380.1587 Y:174.00368 Z:390.91345
[thewall.game.TheWall] [20:47:42] TwLight Main Thread/INFO ] - X:246.5778 Y:197.20366 Z:240.98943
[thewall.game.TheWall] [20:47:43] TwLight Main Thread/INFO ] - X:203.20415 Y:397.60028 Z:192.30992
[thewall.game.TheWall] [20:47:44] TwLight Main Thread/INFO ] - X:203.20415 Y:552.997 Z:192.30992
[thewall.game.TheWall] [20:47:45] TwLight Main Thread/INFO ] - X:153.81483 Y:352.20062 Z:191.42317
[thewall.game.TheWall] [20:47:46] TwLight Main Thread/INFO ] - X:153.81483 Y:289.00208 Z:191.42317
[thewall.game.TheWall] [20:47:47] TwLight Main Thread/INFO ] - X:153.81483 Y:289.00208 Z:191.42317
[thewall.game.TheWall] [20:47:48] TwLight Main Thread/INFO ] - X:153.81483 Y:289.00208 Z:191.42317
[thewall.game.TheWall] [20:47:49] TwLight Main Thread/INFO ] - X:153.81483 Y:289.00208 Z:191.42317
[thewall.game.TheWall] [20:47:50] TwLight Main Thread/INFO ] - X:153.81483 Y:289.00208 Z:191.42317
[thewall.game.TheWall] [20:47:51] TwLight Main Thread/INFO ] - X:153.81483 Y:289.00208 Z:191.42317
[thewall.game.TheWall] [20:47:52] TwLight Main Thread/INFO ] - X:153.81483 Y:289.00208 Z:191.42317
[thewall.game.TheWall] [20:47:53] TwLight Main Thread/INFO ] - X:153.81483 Y:289.00208 Z:191.42317
[thewall.game.TheWall] [20:47:54] TwLight Main Thread/INFO ] - X:153.81483 Y:289.00208 Z:191.42317
[thewall.game.TheWall] [20:47:55] TwLight Main Thread/INFO ] - X:153.81483 Y:289.00208 Z:191.42317
[thewall.game.TheWall] [20:47:56] TwLight Main Thread/I