[thewall.engine.twilight.TwilightApp] [22:16:09] main/INFO ] - Initializing Twilight 1.1.0.3
[thewall.engine.twilight.runtime.AbstractRuntime] [22:16:09] TwLight Main Thread/INFO ] - Starting runtime for [Twilight Game App Runtime]
[thewall.engine.twilight.utils.WatchdogMonitor] [22:16:09] TwLight Main Thread/INFO ] - Watchdog started, working in background active
[thewall.engine.twilight.debugger.console.ConsoleOutProxy.OutStream] [22:16:09] TwLight Main Thread/INFO ] - 
[thewall.engine.twilight.shaders.ShaderProgram] [22:16:09] TwLight Main Thread/ERROR] - Uniform from [thewall.engine.twilight.shaders.StaticShader] [random] not found
[thewall.engine.twilight.debugger.console.ConsoleOutProxy.OutStream] [22:16:10] TwLight Main Thread/INFO ] - 
[thewall.engine.twilight.runtime.app.TEngineAppRuntime] [22:16:11] TwLight Main Thread/INFO ] - CPU:       Intel(R) Core(TM) i7-7700HQ CPU @ 2.80GHz
[thewall.engine.twilight.runtime.app.TEngineAppRuntime] [22:16:11] TwLight Main Thread/INFO ] - OpenGL:    4.6.0 - Build 30.0.100.9864
[thewall.engine.twilight.runtime.app.TEngineAppRuntime] [22:16:11] TwLight Main Thread/INFO ] - GPU:       Intel(R) HD Graphics 630
[thewall.engine.twilight.runtime.app.TEngineAppRuntime] [22:16:11] TwLight Main Thread/INFO ] - Vendor:    Intel
[thewall.engine.twilight.runtime.app.TEngineAppRuntime] [22:16:11] TwLight Main Thread/INFO ] - Memory :   16268MB
[thewall.engine.twilight.runtime.app.TEngineAppRuntime] [22:16:11] TwLight Main Thread/INFO ] - Baseboard: ASUSTeK COMPUTER INC. unknown
[thewall.engine.twilight.runtime.app.TEngineAppRuntime] [22:16:11] TwLight Main Thread/INFO ] - Sound 1:   Realtek Semiconductor Corp. Realtek High Definition Audio Realtek High Definition Audio RTKVHD64.sys 6.0.8899.1
[thewall.engine.twilight.runtime.app.TEngineAppRuntime] [22:16:11] TwLight Main Thread/INFO ] - Sound 2:   Intel(R) Corporation Audio dla wyświetlaczy Intel(R) Audio dla wyświetlaczy Intel(R) IntcDAud.sys 10.27.0.10
[thewall.engine.twilight.runtime.app.TEngineAppRuntime] [22:16:11] TwLight Main Thread/INFO ] - Sound 3:   Microsoft USB Audio Device USB Audio Device USBAUDIO.sys 10.0.19041.1202
[thewall.engine.twilight.runtime.app.TEngineAppRuntime] [22:16:11] TwLight Main Thread/INFO ] - Sound 4:   Microsoft USB Audio Device USB Audio Device USBAUDIO.sys 10.0.19041.1202
[thewall.engine.twilight.debugger.console.ConsoleOutProxy.OutStream] [22:16:11] TwLight Main Thread/INFO ] - 
[thewall.engine.twilight.runtime.app.TEngineAppRuntime] [22:16:11] TwLight Main Thread/INFO ] - Initialization complete, runtime is ready
[thewall.game.Game] [22:16:11] main/INFO ] - Game started in 2.076s.
[thewall.engine.twilight.render.MasterRenderer] [22:16:11] TwLight Main Thread/WARN ] - Entity [thewall.engine.twilight.entity.RawEntity] is deprecated, try to use another or implement your own.
[thewall.game.TheWall] [22:16:11] TwLight Main Thread/WARN ] - FPS drop detected, current framerate: 1
[thewall.engine.twilight.utils.WatchdogMonitor] [22:16:11] Watchdog Service/INFO ] - Watchdog keep-alive received successfully, watchdog init complete
[thewall.engine.twilight.runtime.app.TEngineAppRuntime] [22:17:06] TwLight Main Thread/WARN ] - ImGUI render is taking too long to render, ticks behind: 0.091
[thewall.engine.twilight.runtime.app.TEngineAppRuntime] [22:17:06] TwLight Main Thread/WARN ] - ImGUI render is taking too long to render, ticks behind: 0.065
[thewall.engine.twilight.runtime.app.TEngineAppRuntime] [22:17:06] TwLight Main Thread/WARN ] - ImGUI render is taking too long to render, ticks behind: 0.042
[thewall.engine.twilight.runtime.app.TEngineAppRuntime] [22:17:06] TwLight Main Thread/WARN ] - ImGUI render is taking too long to render, ticks behind: 0.04
[thewall.engine.twilight.runtime.app.TEngineAppRuntime] [22:17:06] TwLight Main Thread/WARN ] - ImGUI render is taking too long to render, ticks behind: 0.034
[thewall.engine.twilight.runtime.app.TEngineAppRuntime] [22:17:06] TwLight Main Thread/WARN ] - ImGUI render is taking too long to render, ticks behind: 0.037
[thewall.engine.twilight.runtime.app.TEngineAppRuntime] [22:17:06] TwLight Main Thread/WARN ] - ImGUI render is taking too long to render, ticks behind: 0.038
[thewall.engine.twilight.runtime.app.TEngineAppRuntime] [22:17:06] TwLight Main Thread/WARN ] - ImGUI render is taking too long to render, ticks behind: 0.035
[thewall.engine.twilight.runtime.app.TEngineAppRuntime] [22:17:06] TwLight Main Thread/WARN ] - ImGUI render is taking too long to render, ticks behind: 0.044
[thewall.engine.twilight.runtime.app.TEngineAppRuntime] [22:17:06] TwLight Main Thread/WARN ] - ImGUI render is taking too long to render, ticks behind: 0.053
[thewall.engine.twilight.runtime.app.TEngineAppRuntime] [22:17:06] TwLight Main Thread/WARN ] - ImGUI render is taking too long to render, ticks behind: 0.048
[thewall.engine.twilight.runtime.app.TEngineAppRuntime] [22:17:06] TwLight Main Thread/WARN ] - ImGUI render is taking too long to render, ticks behind: 0.049
[thewall.engine.twilight.runtime.app.TEngineAppRuntime] [22:17:06] TwLight Main Thread/WARN ] - ImGUI render is taking too long to render, ticks behind: 0.048
[thewall.engine.twilight.runtime.app.TEngineAppRuntime] [22:17:06] TwLight Main Thread/WARN ] - ImGUI render is taking too long to render, ticks behind: 0.049
[thewall.game.TheWall] [22:17:07] TwLight Main Thread/WARN ] - FPS drop detected, current framerate: 25
[thewall.engine.twilight.runtime.app.TEngineAppRuntime] [22:17:07] TwLight Main Thread/WARN ] - ImGUI render is taking too long to render, ticks behind: 0.031
[thewall.engine.twilight.runtime.app.TEngineAppRuntime] [22:17:07] TwLight Main Thread/WARN ] - ImGUI render is taking too long to render, ticks behind: 0.026
[thewall.engine.twilight.runtime.app.TEngineAppRuntime] [22:17:07] TwLight Main Thread/WARN ] - ImGUI render is taking too long to render, ticks behind: 0.027
[thewall.engine.twilight.runtime.app.TEngineAppRuntime] [22:17:08] TwLight Main Thread/WARN ] - ImGUI render is taking too long to render, ticks behind: 0.028
[thewall.engine.twilight.runtime.app.TEngineAppRuntime] [22:17:08] TwLight Main Thread/WARN ] - ImGUI render is taking too long to render, ticks behind: 0.026
[thewall.engine.twilight.runtime.app.TEngineAppRuntime] [22:17:08] TwLight Main Thread/WARN ] - ImGUI render is taking too long to render, ticks behind: 0.027
[thewall.engine.twilight.runtime.app.TEngineAppRuntime] [22:17:08] TwLight Main Thread/WARN ] - ImGUI render is taking too long to render, ticks behind: 0.026
[thewall.engine.twilight.runtime.app.TEngineAppRuntime] [22:17:08] TwLight Main Thread/WARN ] - ImGUI render is taking too long to render, ticks behind: 0.038
[thewall.engine.twilight.runtime.app.TEngineAppRuntime] [22:17:08] TwLight Main Thread/WARN ] - ImGUI render is taking too long to render, ticks behind: 0.044
[thewall.engine.twilight.runtime.app.TEngineAppRuntime] [22:17:10] TwLight Main Thread/WARN ] - ImGUI render is taking too long to render, ticks behind: 0.03
[thewall.engine.twilight.runtime.app.TEngineAppRuntime] [22:17:10] TwLight Main Thread/WARN ] - ImGUI render is taking too long to render, ticks behind: 0.028
[thewall.engine.twilight.runtime.app.TEngineAppRuntime] [22:17:10] TwLight Main Thread/WARN ] - ImGUI render is taking too long to render, ticks behind: 0.046
[thewall.engine.twilight.runtime.app.TEngineAppRuntime] [22:17:10] TwLight Main Thread/WARN ] - ImGUI render is taking too long to render, ticks behind: 0.028
[thewall.engine.twilight.runtime.app.TEngineAppRuntime] [22:17:11] TwLight Main Thread/WARN ] - ImGUI render is taking too long to render, ticks behind: 0.03
[thewall.engine.twilight.runtime.app.TEngineAppRuntime] [22:17:11] TwLight Main Thread/WARN ] - ImGUI render is taking too long to render, ticks behind: 0.032
[thewall.engine.twilight.runtime.app.TEngineAppRuntime] [22:17:11] TwLight Main Thread/WARN ] - ImGUI render is taking too long to render, ticks behind: 0.028
[thewall.engine.twilight.runtime.app.TEngineAppRuntime] [22:17:11] TwLight Main Thread/WARN ] - ImGUI render is taking too long to render, ticks behind: 0.026
[thewall.e